#
# A fatal error has been detected by the Java Runtime Environment:
#
#  SIGBUS (0xa) at pc=0x000000010cbd14f0, pid=1746, tid=34315
#
# JRE version: OpenJDK Runtime Environment Corretto-17.0.3.6.1 (17.0.3+6) (build 17.0.3+6-LTS)
# Java VM: OpenJDK 64-Bit Server VM Corretto-17.0.3.6.1 (17.0.3+6-LTS, mixed mode, sharing, tiered, compressed oops, compressed class ptrs, g1 gc, bsd-aarch64)
# Problematic frame:
# v  ~StubRoutines::SafeFetchN
#
# No core dump will be written. Core dumps have been disabled. To enable core dumping, try "ulimit -c unlimited" before starting Java again
#
# If you would like to submit a bug report, please visit:
#   https://github.com/corretto/corretto-17/issues/
# The crash happened outside the Java Virtual Machine in native code.
# See problematic frame for where to report the bug.
#

---------------  S U M M A R Y ------------

Command Line: --module-path=/Library/Java/JavaVirtualMachines/javafx-sdk-17/lib --add-modules=javafx.controls -Djava.library.path=/Library/Java/JavaVirtualMachines/javafx-sdk-17/lib -javaagent:/Applications/IntelliJ IDEA.app/Contents/lib/idea_rt.jar=49720:/Applications/IntelliJ IDEA.app/Contents/bin -Dfile.encoding=UTF-8 pt.isec.pa.ex29_v2.Main

Host: "MacBookPro18,3" arm64, 10 cores, 16G, Darwin 21.4.0, macOS 12.3.1 (21E258)
Time: Wed May 18 19:13:01 2022 WEST elapsed time: 1.141367 seconds (0d 0h 0m 1s)

---------------  T H R E A D  ---------------

Current thread (0x000000013b00c000):  JavaThread "InvokeLaterDispatcher" daemon [_thread_in_native, id=34315, stack(0x000000016fbd4000,0x000000016fdd7000)]

Stack: [0x000000016fbd4000,0x000000016fdd7000],  sp=0x000000016fdd6790,  free space=2057k
Native frames: (J=compiled Java code, j=interpreted, Vv=VM code, C=native code)
v  ~StubRoutines::SafeFetchN
V  [libjvm.dylib+0x7b51e0]  _ZN10OopStorage7releaseEPKP7oopDesc+0x20
V  [libjvm.dylib+0x4c6f80]  jni_DeleteGlobalRef+0xd8
C  [libglass.dylib+0xab08]  -[GlassRunnable dealloc]+0x34
C  [Foundation+0x85618]  -[_NSThreadPerformInfo dealloc]+0x30
C  [Foundation+0x5198c]  -[NSObject(NSThreadPerformAdditions) performSelectorOnMainThread:withObject:waitUntilDone:]+0x88
C  0x5f1a00010cbd98ac
j  com.sun.glass.ui.mac.MacApplication.submitForLaterInvocation(Ljava/lang/Runnable;)V+2 javafx.graphics
j  com.sun.glass.ui.InvokeLaterDispatcher.run()V+82 javafx.graphics
v  ~StubRoutines::call_stub
V  [libjvm.dylib+0x46bf5c]  _ZN9JavaCalls11call_helperEP9JavaValueRK12methodHandleP17JavaCallArgumentsP10JavaThread+0x390
V  [libjvm.dylib+0x46afc8]  _ZN9JavaCalls12call_virtualEP9JavaValueP5KlassP6SymbolS5_P17JavaCallArgumentsP10JavaThread+0xf8
V  [libjvm.dylib+0x46b090]  _ZN9JavaCalls12call_virtualEP9JavaValue6HandleP5KlassP6SymbolS6_P10JavaThread+0x64
V  [libjvm.dylib+0x5203d4]  _ZL12thread_entryP10JavaThreadS0_+0xc4
V  [libjvm.dylib+0x99f624]  _ZN10JavaThread17thread_main_innerEv+0x138
V  [libjvm.dylib+0x99dd00]  _ZN6Thread8call_runEv+0x128
V  [libjvm.dylib+0x7bc108]  _ZL19thread_native_entryP6Thread+0x158
C  [libsystem_pthread.dylib+0x726c]  _pthread_start+0x94

Java frames: (J=compiled Java code, j=interpreted, Vv=VM code)
j  com.sun.glass.ui.mac.MacApplication._submitForLaterInvocation(Ljava/lang/Runnable;)V+0 javafx.graphics
j  com.sun.glass.ui.mac.MacApplication.submitForLaterInvocation(Ljava/lang/Runnable;)V+2 javafx.graphics
j  com.sun.glass.ui.InvokeLaterDispatcher.run()V+82 javafx.graphics
v  ~StubRoutines::call_stub

siginfo: si_signo: 10 (SIGBUS), si_code: 1 (BUS_ADRALN), si_addr: 0x000000010cbd14f0

Register to memory mapping:

 x0=0x0000000103d06188 is a global jni handle
 x1=0x0 is NULL
 x2=0x000000070f95d178 is an oop: com.sun.glass.ui.InvokeLaterDispatcher$Future 
{0x000000070f95d178} - klass: 'com/sun/glass/ui/InvokeLaterDispatcher$Future'
 - ---- fields (total size 3 words):
 - private 'done' 'Z' @12  true
 - private final 'runnable' 'Ljava/lang/Runnable;' @16  a 'com/sun/javafx/tk/quantum/QuantumToolkit$$Lambda$96+0x0000000800c38ec0'{0x000000070e881598} (e1d102b3)
 - final synthetic 'this$0' 'Lcom/sun/glass/ui/InvokeLaterDispatcher;' @20  a 'com/sun/glass/ui/InvokeLaterDispatcher'{0x000000070e8241b8} (e1d04837)
 x3=0x0 is NULL
 x4=0x00000000000130a8 is an unknown value
 x5=0x0 is NULL
 x6=0x0 is NULL
 x7=0x0 is NULL
 x8=0x000000010cbd14ec is at begin+0 in a stub
StubRoutines::SafeFetchN [0x000000010cbd14ec, 0x000000010cbd14f8] (12 bytes)
 x9=0x0 is NULL
x10=0x2010000030300000 is an unknown value
x11=0x0000000000000007 is an unknown value
x12=0x0000000000000004 is an unknown value
x13=0x00006000022f4a90 points into unknown readable memory: 0x373e800186517c40 | 40 7c 51 86 01 80 3e 37
x14=0x0000020000000000 is an unknown value
x15=0x00000001215a5f98: OBJC_CLASS_$_GlassRunnable+0 in /Library/Java/JavaVirtualMachines/javafx-sdk-17/lib/libglass.dylib at 0x0000000121560000
x16=0x00000001866810fc: pthread_getspecific+0 in /usr/lib/system/libsystem_pthread.dylib at 0x000000018667f000
x17=0x00006000027d49a0 points into unknown readable memory: 0xfffffffffffffffe | fe ff ff ff ff ff ff ff
x18=0x0 is NULL
x19=0x00006000027d1810 points into unknown readable memory: 0x0000600000ed4750 | 50 47 ed 00 00 60 00 00
x20=0x0000000103d05f80 points into unknown readable memory: 0x0000000000000000 | 00 00 00 00 00 00 00 00
x21=0x0000000103d06188 is a global jni handle
x22=0x000000013b00c000 is a thread
x23=0x0000000000000001 is an unknown value
x24=0x0000000103d06140 is a global jni handle
x25=0x0000000104da8a98: _ZN12StubRoutines17_safefetchN_entryE+0 in /Users/rubensantos/Library/Java/JavaVirtualMachines/corretto-17.0.3/Contents/Home/lib/server/libjvm.dylib at 0x0000000104148000
x26=0x000000013a517148 is pointing into metadata
x27=0x0 is NULL
x28=0x000000013b00c000 is a thread


Registers:
 x0=0x0000000103d06188  x1=0x0000000000000000  x2=0x000000070f95d178  x3=0x0000000000000000
 x4=0x00000000000130a8  x5=0x0000000000000000  x6=0x0000000000000000  x7=0x0000000000000000
 x8=0x000000010cbd14ec  x9=0x0000000000000000 x10=0x2010000030300000 x11=0x0000000000000007
x12=0x0000000000000004 x13=0x00006000022f4a90 x14=0x0000020000000000 x15=0x00000001215a5f98
x16=0x00000001866810fc x17=0x00006000027d49a0 x18=0x0000000000000000 x19=0x00006000027d1810
x20=0x0000000103d05f80 x21=0x0000000103d06188 x22=0x000000013b00c000 x23=0x0000000000000001
x24=0x0000000103d06140 x25=0x0000000104da8a98 x26=0x000000013a517148 x27=0x0000000000000000
x28=0x000000013b00c000  fp=0x000000016fdd67d0  lr=0x00000001048fbfbc  sp=0x000000016fdd6790
pc=0x000000010cbd14f0 cpsr=0x0000000060001000
Top of Stack: (sp=0x000000016fdd6790)
0x000000016fdd6790:   000000013a517148 0000000000000001
0x000000016fdd67a0:   000000012396d338 0000000000000000
0x000000016fdd67b0:   000000012396d2a8 0000000103d06170
0x000000016fdd67c0:   0000000103d06170 00006000027d1810
0x000000016fdd67d0:   000000016fdd6810 00000001048fd1e0
0x000000016fdd67e0:   0000000000000001 0000000103d06170
0x000000016fdd67f0:   000000012396d2a8 0000000103d06170
0x000000016fdd6800:   0000000000000001 000000012396d000
0x000000016fdd6810:   000000016fdd6850 000000010460ef80
0x000000016fdd6820:   000000016fdd6998 0000600000ef0780
0x000000016fdd6830:   0000600000ef0770 00000001d0746be0
0x000000016fdd6840:   0000000000000000 0000600000ef0770
0x000000016fdd6850:   000000016fdd6880 000000012156ab08
0x000000016fdd6860:   a4404fd5db2300ec 0000000000000000
0x000000016fdd6870:   0000000000000000 00006000019f4900
0x000000016fdd6880:   000000016fdd68c0 000000018764e618
0x000000016fdd6890:   000000016fdd6998 0000600000ef0780
0x000000016fdd68a0:   0000600000ef0770 a4404fd5db2300ec
0x000000016fdd68b0:   0000000000000000 0000000000000000
0x000000016fdd68c0:   000000016fdd6900 c26b80018761a98c
0x000000016fdd68d0:   000000016fdd6998 000000010cbd87c0
0x000000016fdd68e0:   0000000000000000 0000000104db0458
0x000000016fdd68f0:   000000016fdd6910 000000010cbd7730
0x000000016fdd6900:   000000016fdd6970 5f1a00010cbd98ac
0x000000016fdd6910:   000000016fdd6910 0000000800986b5d
0x000000016fdd6920:   000000016fdd6920 0000000000000000
0x000000016fdd6930:   000000016fdd6998 000000013a517148
0x000000016fdd6940:   000000070e801658 0000000000000000
0x000000016fdd6950:   0000000000000000 000000013a4f3058
0x000000016fdd6960:   0000000000000000 000000016fdd6970
0x000000016fdd6970:   000000016fdd69f0 000000010cbd5fc8
0x000000016fdd6980:   0000000000000000 0000000000000000 

Instructions: (pc=0x000000010cbd14f0)
0x000000010cbd13f0:   f2a09ae9 f2c00029 6d425935 1e640886
0x000000010cbd1400:   0c402d31 1e6408c7 1f5654d0 1e6c1017
0x000000010cbd1410:   1f5050d0 1f504cd0 1f5048d0 1e650af6
0x000000010cbd1420:   1f50d8f6 1f5694d6 1f5158f6 1e762880
0x000000010cbd1430:   36000501 1e614000 14000026 2e251ca5
0x000000010cbd1440:   d28a3009 f2a09ae9 f2c00029 6d425d36
0x000000010cbd1450:   1e600806 0c402d32 1f5758c7 1e6c101a
0x000000010cbd1460:   1f4754c7 1e650805 1f4750c7 d2866668
0x000000010cbd1470:   f2a7fa68 1f474cc7 1e6608c0 1f4748c7
0x000000010cbd1480:   1e6e1019 eb08007f 540000ac 1f479400
0x000000010cbd1490:   1f460340 1e603b20 1400000e d2a7fd29
0x000000010cbd14a0:   eb09007f 540000ac 51480069 d3607d29
0x000000010cbd14b0:   9e670121 14000002 1e6a5001 1f679417
0x000000010cbd14c0:   1f668742 1e613b23 1e773857 1e773860
0x000000010cbd14d0:   a8c17ff3 910003bf a8c17bfd d65f03c0
0x000000010cbd14e0:   b9400001 aa0103e0 d65f03c0 f9400001
0x000000010cbd14f0:   aa0103e0 d65f03c0 00000000 00000000
0x000000010cbd1500:   00000000 00000000 00000000 00000000
0x000000010cbd1510:   00000000 00000000 00000000 00000000
0x000000010cbd1520:   00000000 00000000 00000000 00000000
0x000000010cbd1530:   00000000 00000000 00000000 00000000
0x000000010cbd1540:   00000000 00000000 00000000 00000000
0x000000010cbd1550:   00000000 00000000 00000000 00000000
0x000000010cbd1560:   00000000 00000000 00000000 00000000
0x000000010cbd1570:   00000000 00000000 00000000 00000000
0x000000010cbd1580:   00000000 00000000 00000000 00000000
0x000000010cbd1590:   00000000 00000000 00000000 00000000
0x000000010cbd15a0:   00000000 00000000 00000000 00000000
0x000000010cbd15b0:   00000000 00000000 00000000 00000000
0x000000010cbd15c0:   00000000 00000000 00000000 00000000
0x000000010cbd15d0:   00000000 00000000 00000000 00000000
0x000000010cbd15e0:   00000000 00000000 00000000 00000000 


Stack slot to memory mapping:
stack at sp + 0 slots: 0x000000013a517148 is pointing into metadata
stack at sp + 1 slots: 0x0000000000000001 is an unknown value
stack at sp + 2 slots: 0x000000012396d338 points into unknown readable memory: 0x0000000000000006 | 06 00 00 00 00 00 00 00
stack at sp + 3 slots: 0x0 is NULL
stack at sp + 4 slots: 0x000000012396d2a8 points into unknown readable memory: 0x0000000104d628c8 | c8 28 d6 04 01 00 00 00
stack at sp + 5 slots: 0x0000000103d06170 is a global jni handle
stack at sp + 6 slots: 0x0000000103d06170 is a global jni handle
stack at sp + 7 slots: 0x00006000027d1810 points into unknown readable memory: 0x0000600000ed4750 | 50 47 ed 00 00 60 00 00

StubRoutines::SafeFetchN [0x000000010cbd14ec, 0x000000010cbd14f8] (12 bytes)
[MachCode]
  0x000000010cbd14ec: 0100 40f9 | e003 01aa | c003 5fd6 
[/MachCode]

---------------  P R O C E S S  ---------------

Threads class SMR info:
_java_thread_list=0x0000600000c45720, length=18, elements={
0x0000000123808a00, 0x000000013a808200, 0x000000013a80aa00, 0x000000013a80b000,
0x000000013a809e00, 0x0000000123831200, 0x0000000123831800, 0x0000000122008800,
0x000000013d810200, 0x000000013b00c800, 0x000000012205c800, 0x0000000122008e00,
0x000000013d848e00, 0x000000012181fe00, 0x000000013b00c000, 0x000000012396d000,
0x000000013a8e9200, 0x0000000123151800
}

Java Threads: ( => current thread )
  0x0000000123808a00 JavaThread "main" [_thread_blocked, id=6147, stack(0x000000016cfc0000,0x000000016d1c3000)]
  0x000000013a808200 JavaThread "Reference Handler" daemon [_thread_blocked, id=17411, stack(0x000000016de14000,0x000000016e017000)]
  0x000000013a80aa00 JavaThread "Finalizer" daemon [_thread_blocked, id=16387, stack(0x000000016e020000,0x000000016e223000)]
  0x000000013a80b000 JavaThread "Signal Dispatcher" daemon [_thread_blocked, id=41987, stack(0x000000016e344000,0x000000016e547000)]
  0x000000013a809e00 JavaThread "Service Thread" daemon [_thread_blocked, id=22787, stack(0x000000016e550000,0x000000016e753000)]
  0x0000000123831200 JavaThread "Monitor Deflation Thread" daemon [_thread_blocked, id=41731, stack(0x000000016e75c000,0x000000016e95f000)]
  0x0000000123831800 JavaThread "C2 CompilerThread0" daemon [_thread_blocked, id=23299, stack(0x000000016e968000,0x000000016eb6b000)]
  0x0000000122008800 JavaThread "C1 CompilerThread0" daemon [_thread_in_native, id=41219, stack(0x000000016eb74000,0x000000016ed77000)]
  0x000000013d810200 JavaThread "Sweeper thread" daemon [_thread_blocked, id=40707, stack(0x000000016ed80000,0x000000016ef83000)]
  0x000000013b00c800 JavaThread "Common-Cleaner" daemon [_thread_blocked, id=40451, stack(0x000000016ef8c000,0x000000016f18f000)]
  0x000000012205c800 JavaThread "Monitor Ctrl-Break" daemon [_thread_in_native, id=40195, stack(0x000000016f198000,0x000000016f39b000)]
  0x0000000122008e00 JavaThread "Notification Thread" daemon [_thread_blocked, id=39939, stack(0x000000016f3a4000,0x000000016f5a7000)]
  0x000000013d848e00 JavaThread "JavaFX-Launcher" [_thread_blocked, id=24579, stack(0x000000016f7bc000,0x000000016f9bf000)]
  0x000000012181fe00 JavaThread "QuantumRenderer-0" daemon [_thread_blocked, id=38659, stack(0x000000016f9c8000,0x000000016fbcb000)]
=>0x000000013b00c000 JavaThread "InvokeLaterDispatcher" daemon [_thread_in_native, id=34315, stack(0x000000016fbd4000,0x000000016fdd7000)]
  0x000000012396d000 JavaThread "JavaFX Application Thread" [_thread_in_vm, id=259, stack(0x000000016c738000,0x000000016cf34000)]
  0x000000013a8e9200 JavaThread "PulseTimer-CVDisplayLink thread" daemon [_thread_in_native, id=50951, stack(0x000000016fde0000,0x000000016fe63000)]
  0x0000000123151800 JavaThread "Attach Listener" daemon [_thread_in_vm, id=50811, stack(0x00000002924e8000,0x00000002926eb000)]

Other Threads:
  0x00000001216077a0 VMThread "VM Thread" [stack: 0x000000016dc08000,0x000000016de0b000] [id=18179]
  0x0000000121708c00 WatcherThread [stack: 0x000000016f5b0000,0x000000016f7b3000] [id=39427]
  0x0000000122806b70 GCTaskThread "GC Thread#0" [stack: 0x000000016d1cc000,0x000000016d3cf000] [id=20739]
  0x0000000121644e90 GCTaskThread "GC Thread#1" [stack: 0x0000000172004000,0x0000000172207000] [id=77315]
  0x0000000121645310 GCTaskThread "GC Thread#2" [stack: 0x0000000172210000,0x0000000172413000] [id=76803]
  0x0000000121645790 GCTaskThread "GC Thread#3" [stack: 0x000000017241c000,0x000000017261f000] [id=76547]
  0x0000000121645c10 GCTaskThread "GC Thread#4" [stack: 0x0000000172628000,0x000000017282b000] [id=76291]
  0x0000000121646090 GCTaskThread "GC Thread#5" [stack: 0x0000000172834000,0x0000000172a37000] [id=76035]
  0x0000000121605b90 ConcurrentGCThread "G1 Main Marker" [stack: 0x000000016d3d8000,0x000000016d5db000] [id=13571]
  0x00000001229041e0 ConcurrentGCThread "G1 Conc#0" [stack: 0x000000016d5e4000,0x000000016d7e7000] [id=14595]
  0x00000001229061d0 ConcurrentGCThread "G1 Refine#0" [stack: 0x000000016d7f0000,0x000000016d9f3000] [id=19971]
  0x0000000122906a70 ConcurrentGCThread "G1 Service" [stack: 0x000000016d9fc000,0x000000016dbff000] [id=19715]

Threads with active compile tasks:
C1 CompilerThread0     1152 1052       3       java.lang.invoke.DirectMethodHandle::allocateInstance (16 bytes)

VM state: not at safepoint (normal execution)

VM Mutex/Monitor currently owned by a thread: None

Heap address: 0x0000000700000000, size: 4096 MB, Compressed Oops mode: Zero based, Oop shift amount: 3

CDS archive(s) mapped at: [0x0000000800000000-0x0000000800bd4000-0x0000000800bd4000), size 12402688, SharedBaseAddress: 0x0000000800000000, ArchiveRelocationMode: 0.
Compressed class space mapped at: 0x0000000800c00000-0x0000000840c00000, reserved size: 1073741824
Narrow klass base: 0x0000000800000000, Narrow klass shift: 0, Narrow klass range: 0x100000000

GC Precious Log:
 CPUs: 10 total, 10 available
 Memory: 16384M
 Large Page Support: Disabled
 NUMA Support: Disabled
 Compressed Oops: Enabled (Zero based)
 Heap Region Size: 2M
 Heap Min Capacity: 8M
 Heap Initial Capacity: 256M
 Heap Max Capacity: 4G
 Pre-touch: Disabled
 Parallel Workers: 9
 Concurrent Workers: 2
 Concurrent Refinement Workers: 9
 Periodic GC: Disabled

Heap:
 garbage-first heap   total 266240K, used 16648K [0x0000000700000000, 0x0000000800000000)
  region size 2048K, 9 young (18432K), 2 survivors (4096K)
 Metaspace       used 7943K, committed 8192K, reserved 1064960K
  class space    used 1098K, committed 1216K, reserved 1048576K

Heap Regions: E=young(eden), S=young(survivor), O=old, HS=humongous(starts), HC=humongous(continues), CS=collection set, F=free, OA=open archive, CA=closed archive, TAMS=top-at-mark-start (previous, next)
|   0|0x0000000700000000, 0x0000000700000000, 0x0000000700200000|  0%| F|  |TAMS 0x0000000700000000, 0x0000000700000000| Untracked 
|   1|0x0000000700200000, 0x0000000700200000, 0x0000000700400000|  0%| F|  |TAMS 0x0000000700200000, 0x0000000700200000| Untracked 
|   2|0x0000000700400000, 0x0000000700400000, 0x0000000700600000|  0%| F|  |TAMS 0x0000000700400000, 0x0000000700400000| Untracked 
|   3|0x0000000700600000, 0x0000000700600000, 0x0000000700800000|  0%| F|  |TAMS 0x0000000700600000, 0x0000000700600000| Untracked 
|   4|0x0000000700800000, 0x0000000700800000, 0x0000000700a00000|  0%| F|  |TAMS 0x0000000700800000, 0x0000000700800000| Untracked 
|   5|0x0000000700a00000, 0x0000000700a00000, 0x0000000700c00000|  0%| F|  |TAMS 0x0000000700a00000, 0x0000000700a00000| Untracked 
|   6|0x0000000700c00000, 0x0000000700c00000, 0x0000000700e00000|  0%| F|  |TAMS 0x0000000700c00000, 0x0000000700c00000| Untracked 
|   7|0x0000000700e00000, 0x0000000700e00000, 0x0000000701000000|  0%| F|  |TAMS 0x0000000700e00000, 0x0000000700e00000| Untracked 
|   8|0x0000000701000000, 0x0000000701000000, 0x0000000701200000|  0%| F|  |TAMS 0x0000000701000000, 0x0000000701000000| Untracked 
|   9|0x0000000701200000, 0x0000000701200000, 0x0000000701400000|  0%| F|  |TAMS 0x0000000701200000, 0x0000000701200000| Untracked 
|  10|0x0000000701400000, 0x0000000701400000, 0x0000000701600000|  0%| F|  |TAMS 0x0000000701400000, 0x0000000701400000| Untracked 
|  11|0x0000000701600000, 0x0000000701600000, 0x0000000701800000|  0%| F|  |TAMS 0x0000000701600000, 0x0000000701600000| Untracked 
|  12|0x0000000701800000, 0x0000000701800000, 0x0000000701a00000|  0%| F|  |TAMS 0x0000000701800000, 0x0000000701800000| Untracked 
|  13|0x0000000701a00000, 0x0000000701a00000, 0x0000000701c00000|  0%| F|  |TAMS 0x0000000701a00000, 0x0000000701a00000| Untracked 
|  14|0x0000000701c00000, 0x0000000701c00000, 0x0000000701e00000|  0%| F|  |TAMS 0x0000000701c00000, 0x0000000701c00000| Untracked 
|  15|0x0000000701e00000, 0x0000000701e00000, 0x0000000702000000|  0%| F|  |TAMS 0x0000000701e00000, 0x0000000701e00000| Untracked 
|  16|0x0000000702000000, 0x0000000702000000, 0x0000000702200000|  0%| F|  |TAMS 0x0000000702000000, 0x0000000702000000| Untracked 
|  17|0x0000000702200000, 0x0000000702200000, 0x0000000702400000|  0%| F|  |TAMS 0x0000000702200000, 0x0000000702200000| Untracked 
|  18|0x0000000702400000, 0x0000000702400000, 0x0000000702600000|  0%| F|  |TAMS 0x0000000702400000, 0x0000000702400000| Untracked 
|  19|0x0000000702600000, 0x0000000702600000, 0x0000000702800000|  0%| F|  |TAMS 0x0000000702600000, 0x0000000702600000| Untracked 
|  20|0x0000000702800000, 0x0000000702800000, 0x0000000702a00000|  0%| F|  |TAMS 0x0000000702800000, 0x0000000702800000| Untracked 
|  21|0x0000000702a00000, 0x0000000702a00000, 0x0000000702c00000|  0%| F|  |TAMS 0x0000000702a00000, 0x0000000702a00000| Untracked 
|  22|0x0000000702c00000, 0x0000000702c00000, 0x0000000702e00000|  0%| F|  |TAMS 0x0000000702c00000, 0x0000000702c00000| Untracked 
|  23|0x0000000702e00000, 0x0000000702e00000, 0x0000000703000000|  0%| F|  |TAMS 0x0000000702e00000, 0x0000000702e00000| Untracked 
|  24|0x0000000703000000, 0x0000000703000000, 0x0000000703200000|  0%| F|  |TAMS 0x0000000703000000, 0x0000000703000000| Untracked 
|  25|0x0000000703200000, 0x0000000703200000, 0x0000000703400000|  0%| F|  |TAMS 0x0000000703200000, 0x0000000703200000| Untracked 
|  26|0x0000000703400000, 0x0000000703400000, 0x0000000703600000|  0%| F|  |TAMS 0x0000000703400000, 0x0000000703400000| Untracked 
|  27|0x0000000703600000, 0x0000000703600000, 0x0000000703800000|  0%| F|  |TAMS 0x0000000703600000, 0x0000000703600000| Untracked 
|  28|0x0000000703800000, 0x0000000703800000, 0x0000000703a00000|  0%| F|  |TAMS 0x0000000703800000, 0x0000000703800000| Untracked 
|  29|0x0000000703a00000, 0x0000000703a00000, 0x0000000703c00000|  0%| F|  |TAMS 0x0000000703a00000, 0x0000000703a00000| Untracked 
|  30|0x0000000703c00000, 0x0000000703c00000, 0x0000000703e00000|  0%| F|  |TAMS 0x0000000703c00000, 0x0000000703c00000| Untracked 
|  31|0x0000000703e00000, 0x0000000703e00000, 0x0000000704000000|  0%| F|  |TAMS 0x0000000703e00000, 0x0000000703e00000| Untracked 
|  32|0x0000000704000000, 0x0000000704000000, 0x0000000704200000|  0%| F|  |TAMS 0x0000000704000000, 0x0000000704000000| Untracked 
|  33|0x0000000704200000, 0x0000000704200000, 0x0000000704400000|  0%| F|  |TAMS 0x0000000704200000, 0x0000000704200000| Untracked 
|  34|0x0000000704400000, 0x0000000704400000, 0x0000000704600000|  0%| F|  |TAMS 0x0000000704400000, 0x0000000704400000| Untracked 
|  35|0x0000000704600000, 0x0000000704600000, 0x0000000704800000|  0%| F|  |TAMS 0x0000000704600000, 0x0000000704600000| Untracked 
|  36|0x0000000704800000, 0x0000000704800000, 0x0000000704a00000|  0%| F|  |TAMS 0x0000000704800000, 0x0000000704800000| Untracked 
|  37|0x0000000704a00000, 0x0000000704a00000, 0x0000000704c00000|  0%| F|  |TAMS 0x0000000704a00000, 0x0000000704a00000| Untracked 
|  38|0x0000000704c00000, 0x0000000704c00000, 0x0000000704e00000|  0%| F|  |TAMS 0x0000000704c00000, 0x0000000704c00000| Untracked 
|  39|0x0000000704e00000, 0x0000000704e00000, 0x0000000705000000|  0%| F|  |TAMS 0x0000000704e00000, 0x0000000704e00000| Untracked 
|  40|0x0000000705000000, 0x0000000705000000, 0x0000000705200000|  0%| F|  |TAMS 0x0000000705000000, 0x0000000705000000| Untracked 
|  41|0x0000000705200000, 0x0000000705200000, 0x0000000705400000|  0%| F|  |TAMS 0x0000000705200000, 0x0000000705200000| Untracked 
|  42|0x0000000705400000, 0x0000000705400000, 0x0000000705600000|  0%| F|  |TAMS 0x0000000705400000, 0x0000000705400000| Untracked 
|  43|0x0000000705600000, 0x0000000705600000, 0x0000000705800000|  0%| F|  |TAMS 0x0000000705600000, 0x0000000705600000| Untracked 
|  44|0x0000000705800000, 0x0000000705800000, 0x0000000705a00000|  0%| F|  |TAMS 0x0000000705800000, 0x0000000705800000| Untracked 
|  45|0x0000000705a00000, 0x0000000705a00000, 0x0000000705c00000|  0%| F|  |TAMS 0x0000000705a00000, 0x0000000705a00000| Untracked 
|  46|0x0000000705c00000, 0x0000000705c00000, 0x0000000705e00000|  0%| F|  |TAMS 0x0000000705c00000, 0x0000000705c00000| Untracked 
|  47|0x0000000705e00000, 0x0000000705e00000, 0x0000000706000000|  0%| F|  |TAMS 0x0000000705e00000, 0x0000000705e00000| Untracked 
|  48|0x0000000706000000, 0x0000000706000000, 0x0000000706200000|  0%| F|  |TAMS 0x0000000706000000, 0x0000000706000000| Untracked 
|  49|0x0000000706200000, 0x0000000706200000, 0x0000000706400000|  0%| F|  |TAMS 0x0000000706200000, 0x0000000706200000| Untracked 
|  50|0x0000000706400000, 0x0000000706400000, 0x0000000706600000|  0%| F|  |TAMS 0x0000000706400000, 0x0000000706400000| Untracked 
|  51|0x0000000706600000, 0x0000000706600000, 0x0000000706800000|  0%| F|  |TAMS 0x0000000706600000, 0x0000000706600000| Untracked 
|  52|0x0000000706800000, 0x0000000706800000, 0x0000000706a00000|  0%| F|  |TAMS 0x0000000706800000, 0x0000000706800000| Untracked 
|  53|0x0000000706a00000, 0x0000000706a00000, 0x0000000706c00000|  0%| F|  |TAMS 0x0000000706a00000, 0x0000000706a00000| Untracked 
|  54|0x0000000706c00000, 0x0000000706c00000, 0x0000000706e00000|  0%| F|  |TAMS 0x0000000706c00000, 0x0000000706c00000| Untracked 
|  55|0x0000000706e00000, 0x0000000706e00000, 0x0000000707000000|  0%| F|  |TAMS 0x0000000706e00000, 0x0000000706e00000| Untracked 
|  56|0x0000000707000000, 0x0000000707000000, 0x0000000707200000|  0%| F|  |TAMS 0x0000000707000000, 0x0000000707000000| Untracked 
|  57|0x0000000707200000, 0x0000000707200000, 0x0000000707400000|  0%| F|  |TAMS 0x0000000707200000, 0x0000000707200000| Untracked 
|  58|0x0000000707400000, 0x0000000707400000, 0x0000000707600000|  0%| F|  |TAMS 0x0000000707400000, 0x0000000707400000| Untracked 
|  59|0x0000000707600000, 0x0000000707600000, 0x0000000707800000|  0%| F|  |TAMS 0x0000000707600000, 0x0000000707600000| Untracked 
|  60|0x0000000707800000, 0x0000000707800000, 0x0000000707a00000|  0%| F|  |TAMS 0x0000000707800000, 0x0000000707800000| Untracked 
|  61|0x0000000707a00000, 0x0000000707a00000, 0x0000000707c00000|  0%| F|  |TAMS 0x0000000707a00000, 0x0000000707a00000| Untracked 
|  62|0x0000000707c00000, 0x0000000707c00000, 0x0000000707e00000|  0%| F|  |TAMS 0x0000000707c00000, 0x0000000707c00000| Untracked 
|  63|0x0000000707e00000, 0x0000000707e00000, 0x0000000708000000|  0%| F|  |TAMS 0x0000000707e00000, 0x0000000707e00000| Untracked 
|  64|0x0000000708000000, 0x0000000708000000, 0x0000000708200000|  0%| F|  |TAMS 0x0000000708000000, 0x0000000708000000| Untracked 
|  65|0x0000000708200000, 0x0000000708200000, 0x0000000708400000|  0%| F|  |TAMS 0x0000000708200000, 0x0000000708200000| Untracked 
|  66|0x0000000708400000, 0x0000000708400000, 0x0000000708600000|  0%| F|  |TAMS 0x0000000708400000, 0x0000000708400000| Untracked 
|  67|0x0000000708600000, 0x0000000708600000, 0x0000000708800000|  0%| F|  |TAMS 0x0000000708600000, 0x0000000708600000| Untracked 
|  68|0x0000000708800000, 0x0000000708800000, 0x0000000708a00000|  0%| F|  |TAMS 0x0000000708800000, 0x0000000708800000| Untracked 
|  69|0x0000000708a00000, 0x0000000708a00000, 0x0000000708c00000|  0%| F|  |TAMS 0x0000000708a00000, 0x0000000708a00000| Untracked 
|  70|0x0000000708c00000, 0x0000000708c00000, 0x0000000708e00000|  0%| F|  |TAMS 0x0000000708c00000, 0x0000000708c00000| Untracked 
|  71|0x0000000708e00000, 0x0000000708e00000, 0x0000000709000000|  0%| F|  |TAMS 0x0000000708e00000, 0x0000000708e00000| Untracked 
|  72|0x0000000709000000, 0x0000000709000000, 0x0000000709200000|  0%| F|  |TAMS 0x0000000709000000, 0x0000000709000000| Untracked 
|  73|0x0000000709200000, 0x0000000709200000, 0x0000000709400000|  0%| F|  |TAMS 0x0000000709200000, 0x0000000709200000| Untracked 
|  74|0x0000000709400000, 0x0000000709400000, 0x0000000709600000|  0%| F|  |TAMS 0x0000000709400000, 0x0000000709400000| Untracked 
|  75|0x0000000709600000, 0x0000000709600000, 0x0000000709800000|  0%| F|  |TAMS 0x0000000709600000, 0x0000000709600000| Untracked 
|  76|0x0000000709800000, 0x0000000709800000, 0x0000000709a00000|  0%| F|  |TAMS 0x0000000709800000, 0x0000000709800000| Untracked 
|  77|0x0000000709a00000, 0x0000000709a00000, 0x0000000709c00000|  0%| F|  |TAMS 0x0000000709a00000, 0x0000000709a00000| Untracked 
|  78|0x0000000709c00000, 0x0000000709c00000, 0x0000000709e00000|  0%| F|  |TAMS 0x0000000709c00000, 0x0000000709c00000| Untracked 
|  79|0x0000000709e00000, 0x0000000709e00000, 0x000000070a000000|  0%| F|  |TAMS 0x0000000709e00000, 0x0000000709e00000| Untracked 
|  80|0x000000070a000000, 0x000000070a000000, 0x000000070a200000|  0%| F|  |TAMS 0x000000070a000000, 0x000000070a000000| Untracked 
|  81|0x000000070a200000, 0x000000070a200000, 0x000000070a400000|  0%| F|  |TAMS 0x000000070a200000, 0x000000070a200000| Untracked 
|  82|0x000000070a400000, 0x000000070a400000, 0x000000070a600000|  0%| F|  |TAMS 0x000000070a400000, 0x000000070a400000| Untracked 
|  83|0x000000070a600000, 0x000000070a600000, 0x000000070a800000|  0%| F|  |TAMS 0x000000070a600000, 0x000000070a600000| Untracked 
|  84|0x000000070a800000, 0x000000070a800000, 0x000000070aa00000|  0%| F|  |TAMS 0x000000070a800000, 0x000000070a800000| Untracked 
|  85|0x000000070aa00000, 0x000000070aa00000, 0x000000070ac00000|  0%| F|  |TAMS 0x000000070aa00000, 0x000000070aa00000| Untracked 
|  86|0x000000070ac00000, 0x000000070ac00000, 0x000000070ae00000|  0%| F|  |TAMS 0x000000070ac00000, 0x000000070ac00000| Untracked 
|  87|0x000000070ae00000, 0x000000070ae00000, 0x000000070b000000|  0%| F|  |TAMS 0x000000070ae00000, 0x000000070ae00000| Untracked 
|  88|0x000000070b000000, 0x000000070b000000, 0x000000070b200000|  0%| F|  |TAMS 0x000000070b000000, 0x000000070b000000| Untracked 
|  89|0x000000070b200000, 0x000000070b200000, 0x000000070b400000|  0%| F|  |TAMS 0x000000070b200000, 0x000000070b200000| Untracked 
|  90|0x000000070b400000, 0x000000070b400000, 0x000000070b600000|  0%| F|  |TAMS 0x000000070b400000, 0x000000070b400000| Untracked 
|  91|0x000000070b600000, 0x000000070b600000, 0x000000070b800000|  0%| F|  |TAMS 0x000000070b600000, 0x000000070b600000| Untracked 
|  92|0x000000070b800000, 0x000000070b800000, 0x000000070ba00000|  0%| F|  |TAMS 0x000000070b800000, 0x000000070b800000| Untracked 
|  93|0x000000070ba00000, 0x000000070ba00000, 0x000000070bc00000|  0%| F|  |TAMS 0x000000070ba00000, 0x000000070ba00000| Untracked 
|  94|0x000000070bc00000, 0x000000070bc00000, 0x000000070be00000|  0%| F|  |TAMS 0x000000070bc00000, 0x000000070bc00000| Untracked 
|  95|0x000000070be00000, 0x000000070be00000, 0x000000070c000000|  0%| F|  |TAMS 0x000000070be00000, 0x000000070be00000| Untracked 
|  96|0x000000070c000000, 0x000000070c000000, 0x000000070c200000|  0%| F|  |TAMS 0x000000070c000000, 0x000000070c000000| Untracked 
|  97|0x000000070c200000, 0x000000070c200000, 0x000000070c400000|  0%| F|  |TAMS 0x000000070c200000, 0x000000070c200000| Untracked 
|  98|0x000000070c400000, 0x000000070c400000, 0x000000070c600000|  0%| F|  |TAMS 0x000000070c400000, 0x000000070c400000| Untracked 
|  99|0x000000070c600000, 0x000000070c600000, 0x000000070c800000|  0%| F|  |TAMS 0x000000070c600000, 0x000000070c600000| Untracked 
| 100|0x000000070c800000, 0x000000070c800000, 0x000000070ca00000|  0%| F|  |TAMS 0x000000070c800000, 0x000000070c800000| Untracked 
| 101|0x000000070ca00000, 0x000000070ca00000, 0x000000070cc00000|  0%| F|  |TAMS 0x000000070ca00000, 0x000000070ca00000| Untracked 
| 102|0x000000070cc00000, 0x000000070cc00000, 0x000000070ce00000|  0%| F|  |TAMS 0x000000070cc00000, 0x000000070cc00000| Untracked 
| 103|0x000000070ce00000, 0x000000070ce00000, 0x000000070d000000|  0%| F|  |TAMS 0x000000070ce00000, 0x000000070ce00000| Untracked 
| 104|0x000000070d000000, 0x000000070d000000, 0x000000070d200000|  0%| F|  |TAMS 0x000000070d000000, 0x000000070d000000| Untracked 
| 105|0x000000070d200000, 0x000000070d200000, 0x000000070d400000|  0%| F|  |TAMS 0x000000070d200000, 0x000000070d200000| Untracked 
| 106|0x000000070d400000, 0x000000070d400000, 0x000000070d600000|  0%| F|  |TAMS 0x000000070d400000, 0x000000070d400000| Untracked 
| 107|0x000000070d600000, 0x000000070d600000, 0x000000070d800000|  0%| F|  |TAMS 0x000000070d600000, 0x000000070d600000| Untracked 
| 108|0x000000070d800000, 0x000000070d800000, 0x000000070da00000|  0%| F|  |TAMS 0x000000070d800000, 0x000000070d800000| Untracked 
| 109|0x000000070da00000, 0x000000070da00000, 0x000000070dc00000|  0%| F|  |TAMS 0x000000070da00000, 0x000000070da00000| Untracked 
| 110|0x000000070dc00000, 0x000000070dc00000, 0x000000070de00000|  0%| F|  |TAMS 0x000000070dc00000, 0x000000070dc00000| Untracked 
| 111|0x000000070de00000, 0x000000070de00000, 0x000000070e000000|  0%| F|  |TAMS 0x000000070de00000, 0x000000070de00000| Untracked 
| 112|0x000000070e000000, 0x000000070e000000, 0x000000070e200000|  0%| F|  |TAMS 0x000000070e000000, 0x000000070e000000| Untracked 
| 113|0x000000070e200000, 0x000000070e200000, 0x000000070e400000|  0%| F|  |TAMS 0x000000070e200000, 0x000000070e200000| Untracked 
| 114|0x000000070e400000, 0x000000070e400000, 0x000000070e600000|  0%| F|  |TAMS 0x000000070e400000, 0x000000070e400000| Untracked 
| 115|0x000000070e600000, 0x000000070e64a010, 0x000000070e800000| 14%| S|CS|TAMS 0x000000070e600000, 0x000000070e600000| Complete 
| 116|0x000000070e800000, 0x000000070ea00000, 0x000000070ea00000|100%| S|CS|TAMS 0x000000070e800000, 0x000000070e800000| Complete 
| 117|0x000000070ea00000, 0x000000070ea00000, 0x000000070ec00000|  0%| F|  |TAMS 0x000000070ea00000, 0x000000070ea00000| Untracked 
| 118|0x000000070ec00000, 0x000000070ec00000, 0x000000070ee00000|  0%| F|  |TAMS 0x000000070ec00000, 0x000000070ec00000| Untracked 
| 119|0x000000070ee00000, 0x000000070ee00000, 0x000000070f000000|  0%| F|  |TAMS 0x000000070ee00000, 0x000000070ee00000| Untracked 
| 120|0x000000070f000000, 0x000000070f000000, 0x000000070f200000|  0%| F|  |TAMS 0x000000070f000000, 0x000000070f000000| Untracked 
| 121|0x000000070f200000, 0x000000070f2ac8d8, 0x000000070f400000| 33%| E|  |TAMS 0x000000070f200000, 0x000000070f200000| Complete 
| 122|0x000000070f400000, 0x000000070f600000, 0x000000070f600000|100%| E|CS|TAMS 0x000000070f400000, 0x000000070f400000| Complete 
| 123|0x000000070f600000, 0x000000070f800000, 0x000000070f800000|100%| E|CS|TAMS 0x000000070f600000, 0x000000070f600000| Complete 
| 124|0x000000070f800000, 0x000000070fa00000, 0x000000070fa00000|100%| E|CS|TAMS 0x000000070f800000, 0x000000070f800000| Complete 
| 125|0x000000070fa00000, 0x000000070fc00000, 0x000000070fc00000|100%| E|CS|TAMS 0x000000070fa00000, 0x000000070fa00000| Complete 
| 126|0x000000070fc00000, 0x000000070fe00000, 0x000000070fe00000|100%| E|CS|TAMS 0x000000070fc00000, 0x000000070fc00000| Complete 
| 127|0x000000070fe00000, 0x0000000710000000, 0x0000000710000000|100%| E|CS|TAMS 0x000000070fe00000, 0x000000070fe00000| Complete 
|2046|0x00000007ffc00000, 0x00000007ffd78000, 0x00000007ffe00000| 73%|OA|  |TAMS 0x00000007ffc00000, 0x00000007ffc00000| Untracked 
|2047|0x00000007ffe00000, 0x00000007ffe80000, 0x0000000800000000| 25%|CA|  |TAMS 0x00000007ffe00000, 0x00000007ffe00000| Untracked 

Card table byte_map: [0x000000011bbd0000,0x000000011c3d0000] _byte_map_base: 0x00000001183d0000

Marking Bits (Prev, Next): (CMBitMap*) 0x0000000121813410, (CMBitMap*) 0x0000000121813450
 Prev Bits: [0x000000011cbd0000, 0x0000000120bd0000)
 Next Bits: [0x0000000124000000, 0x0000000128000000)

Polling page: 0x0000000103050000

Metaspace:

Usage:
  Non-class:      6.76 MB used.
      Class:      1.08 MB used.
       Both:      7.83 MB used.

Virtual space:
  Non-class space:       16.00 MB reserved,       6.88 MB ( 43%) committed,  2 nodes.
      Class space:        1.00 GB reserved,       1.19 MB ( <1%) committed,  1 nodes.
             Both:        1.02 GB reserved,       8.06 MB ( <1%) committed. 

Chunk freelists:
   Non-Class:  3.02 MB
       Class:  2.81 MB
        Both:  5.83 MB

MaxMetaspaceSize: unlimited
CompressedClassSpaceSize: 1.00 GB
Initial GC threshold: 21.00 MB
Current GC threshold: 21.00 MB
CDS: on
MetaspaceReclaimPolicy: balanced
 - commit_granule_bytes: 65536.
 - commit_granule_words: 8192.
 - virtual_space_node_default_size: 1048576.
 - enlarge_chunks_in_place: 1.
 - new_chunks_are_fully_committed: 0.
 - uncommit_free_chunks: 1.
 - use_allocation_guard: 0.
 - handle_deallocations: 1.


Internal statistics:

num_allocs_failed_limit: 0.
num_arena_births: 120.
num_arena_deaths: 0.
num_vsnodes_births: 3.
num_vsnodes_deaths: 0.
num_space_committed: 129.
num_space_uncommitted: 0.
num_chunks_returned_to_freelist: 0.
num_chunks_taken_from_freelist: 382.
num_chunk_merges: 0.
num_chunk_splits: 271.
num_chunks_enlarged: 219.
num_purges: 0.
num_inconsistent_stats: 0.

CodeHeap 'non-profiled nmethods': size=120032Kb used=315Kb max_used=315Kb free=119716Kb
 bounds [0x0000000114698000, 0x0000000114908000, 0x000000011bbd0000]
CodeHeap 'profiled nmethods': size=120016Kb used=1727Kb max_used=1727Kb free=118289Kb
 bounds [0x000000010d164000, 0x000000010d3d4000, 0x0000000114698000]
CodeHeap 'non-nmethods': size=5712Kb used=1314Kb max_used=1338Kb free=4397Kb
 bounds [0x000000010cbd0000, 0x000000010ce40000, 0x000000010d164000]
 total_blobs=1685 nmethods=1018 adapters=584
 compilation: enabled
              stopped_count=0, restarted_count=0
 full_count=0

Compilation events (20 events):
Event: 1.036 Thread 0x0000000122008800 1002       3       java.lang.invoke.MethodHandles$Lookup$ClassFile::readUnsignedShort (39 bytes)
Event: 1.036 Thread 0x0000000122008800 nmethod 1002 0x000000010d2fd810 code [0x000000010d2fd9c0, 0x000000010d2fdbd8]
Event: 1.036 Thread 0x0000000122008800 1004       1       jdk.internal.org.objectweb.asm.ClassReader::getMaxStringLength (5 bytes)
Event: 1.036 Thread 0x0000000122008800 nmethod 1004 0x00000001146e3790 code [0x00000001146e3900, 0x00000001146e39e8]
Event: 1.057 Thread 0x0000000122008800 1007       3       java.security.AccessController::executePrivileged (65 bytes)
Event: 1.057 Thread 0x0000000122008800 nmethod 1007 0x000000010d2fdd10 code [0x000000010d2fdf00, 0x000000010d2fe288]
Event: 1.073 Thread 0x0000000122008800 1008       3       java.lang.invoke.Invokers$Holder::linkToTargetMethod (9 bytes)
Event: 1.074 Thread 0x0000000122008800 nmethod 1008 0x000000010d2fe410 code [0x000000010d2fe5c0, 0x000000010d2fea28]
Event: 1.090 Thread 0x0000000122008800 1009       1       java.util.concurrent.locks.AbstractOwnableSynchronizer::setExclusiveOwnerThread (6 bytes)
Event: 1.090 Thread 0x0000000122008800 nmethod 1009 0x00000001146e3a90 code [0x00000001146e3c00, 0x00000001146e3d68]
Event: 1.105 Thread 0x0000000122008800 1010       3       javafx.scene.Scene$ClickCounter::stopTimeout (20 bytes)
Event: 1.105 Thread 0x0000000122008800 nmethod 1010 0x000000010d2feb10 code [0x000000010d2fecc0, 0x000000010d2feed8]
Event: 1.105 Thread 0x0000000122008800 1011       3       com.sun.javafx.tk.quantum.QuantumToolkit::getMultiClickMaxX (4 bytes)
Event: 1.105 Thread 0x0000000122008800 nmethod 1011 0x000000010d2fef90 code [0x000000010d2ff180, 0x000000010d2ff4d8]
Event: 1.105 Thread 0x0000000122008800 1012       3       java.util.EnumMap$ValueIterator::next (50 bytes)
Event: 1.106 Thread 0x0000000122008800 nmethod 1012 0x000000010d2ff690 code [0x000000010d2ff880, 0x000000010d2ffcc8]
Event: 1.106 Thread 0x0000000122008800 1013       3       javafx.scene.Scene$ClickCounter::moved (52 bytes)
Event: 1.106 Thread 0x0000000122008800 nmethod 1013 0x000000010d2ffe90 code [0x000000010d300140, 0x000000010d3009f8]
Event: 1.132 Thread 0x0000000122008800 1014       1       java.util.concurrent.locks.AbstractQueuedSynchronizer::setState (6 bytes)
Event: 1.132 Thread 0x0000000122008800 nmethod 1014 0x00000001146e3e10 code [0x00000001146e3f80, 0x00000001146e4068]

GC Heap History (2 events):
Event: 0.254 GC heap before
{Heap before GC invocations=0 (full 0):
 garbage-first heap   total 266240K, used 22496K [0x0000000700000000, 0x0000000800000000)
  region size 2048K, 11 young (22528K), 0 survivors (0K)
 Metaspace       used 5010K, committed 5120K, reserved 1056768K
  class space    used 658K, committed 704K, reserved 1048576K
}
Event: 0.255 GC heap after
{Heap after GC invocations=1 (full 0):
 garbage-first heap   total 266240K, used 4360K [0x0000000700000000, 0x0000000800000000)
  region size 2048K, 2 young (4096K), 2 survivors (4096K)
 Metaspace       used 5010K, committed 5120K, reserved 1056768K
  class space    used 658K, committed 704K, reserved 1048576K
}

Deoptimization events (20 events):
Event: 0.053 Thread 0x0000000123808a00 DEOPT PACKING pc=0x000000010d19bd64 sp=0x000000016d1c1290
Event: 0.053 Thread 0x0000000123808a00 DEOPT UNPACKING pc=0x000000010cc0eb7c sp=0x000000016d1c0f30 mode 0
Event: 0.053 Thread 0x0000000123808a00 DEOPT PACKING pc=0x000000010d19bd64 sp=0x000000016d1c1290
Event: 0.053 Thread 0x0000000123808a00 DEOPT UNPACKING pc=0x000000010cc0eb7c sp=0x000000016d1c0f30 mode 0
Event: 0.053 Thread 0x0000000123808a00 DEOPT PACKING pc=0x000000010d19bd64 sp=0x000000016d1c1410
Event: 0.053 Thread 0x0000000123808a00 DEOPT UNPACKING pc=0x000000010cc0eb7c sp=0x000000016d1c10c0 mode 0
Event: 0.054 Thread 0x0000000123808a00 DEOPT PACKING pc=0x000000010d19bd64 sp=0x000000016d1c1290
Event: 0.054 Thread 0x0000000123808a00 DEOPT UNPACKING pc=0x000000010cc0eb7c sp=0x000000016d1c0f30 mode 0
Event: 0.054 Thread 0x0000000123808a00 DEOPT PACKING pc=0x000000010d19bd64 sp=0x000000016d1c1290
Event: 0.054 Thread 0x0000000123808a00 DEOPT UNPACKING pc=0x000000010cc0eb7c sp=0x000000016d1c0f30 mode 0
Event: 0.055 Thread 0x0000000123808a00 DEOPT PACKING pc=0x000000010d19bd64 sp=0x000000016d1c1290
Event: 0.055 Thread 0x0000000123808a00 DEOPT UNPACKING pc=0x000000010cc0eb7c sp=0x000000016d1c0f30 mode 0
Event: 0.055 Thread 0x0000000123808a00 DEOPT PACKING pc=0x000000010d19bd64 sp=0x000000016d1c1290
Event: 0.055 Thread 0x0000000123808a00 DEOPT UNPACKING pc=0x000000010cc0eb7c sp=0x000000016d1c0f30 mode 0
Event: 0.061 Thread 0x0000000123808a00 DEOPT PACKING pc=0x000000010d17da04 sp=0x000000016d1c1e70
Event: 0.061 Thread 0x0000000123808a00 DEOPT UNPACKING pc=0x000000010cc0eb7c sp=0x000000016d1c1aa0 mode 0
Event: 0.069 Thread 0x0000000123808a00 DEOPT PACKING pc=0x000000010d17da04 sp=0x000000016d1c1260
Event: 0.069 Thread 0x0000000123808a00 DEOPT UNPACKING pc=0x000000010cc0eb7c sp=0x000000016d1c0e90 mode 0
Event: 0.283 Thread 0x000000012396d000 DEOPT PACKING pc=0x000000010d247668 sp=0x000000016cf2d3c0
Event: 0.283 Thread 0x000000012396d000 DEOPT UNPACKING pc=0x000000010cc0eb7c sp=0x000000016cf2d050 mode 3

Classes unloaded (0 events):
No events

Classes redefined (0 events):
No events

Internal exceptions (19 events):
Event: 0.066 Thread 0x000000012205c800 Exception <a 'java/lang/NoSuchMethodError'{0x000000070f9ce5b0}: 'java.lang.Object java.lang.invoke.DirectMethodHandle$Holder.invokeStaticInit(java.lang.Object)'> (0x000000070f9ce5b0) 
thrown [src/hotspot/share/interpreter/linkResolver.cpp, line 766]
Event: 0.068 Thread 0x0000000123808a00 Exception <a 'java/lang/NoSuchMethodError'{0x000000070f9a8180}: 'java.lang.Object java.lang.invoke.DirectMethodHandle$Holder.newInvokeSpecial(java.lang.Object, java.lang.Object, java.lang.Object, java.lang.Object, java.lang.Object)'> (0x000000070f9a8180) 
thrown [src/hotspot/share/interpreter/linkResolver.cpp, line 766]
Event: 0.069 Thread 0x000000013d848e00 Exception <a 'java/lang/NoSuchMethodError'{0x000000070f600b90}: 'void java.lang.invoke.DirectMethodHandle$Holder.invokeStatic(java.lang.Object, java.lang.Object)'> (0x000000070f600b90) 
thrown [src/hotspot/share/interpreter/linkResolver.cpp, line 766]
Event: 0.089 Thread 0x000000013d848e00 Exception <a 'java/lang/NoSuchMethodError'{0x000000070f4772c0}: 'void java.lang.invoke.DirectMethodHandle$Holder.invokeSpecial(java.lang.Object, java.lang.Object, java.lang.Object)'> (0x000000070f4772c0) 
thrown [src/hotspot/share/interpreter/linkResolver.cpp, line 766]
Event: 0.093 Thread 0x000000013d848e00 Exception <a 'java/lang/NoSuchMethodError'{0x000000070f4b4400}: 'void java.lang.invoke.DirectMethodHandle$Holder.invokeStatic(java.lang.Object, java.lang.Object, java.lang.Object)'> (0x000000070f4b4400) 
thrown [src/hotspot/share/interpreter/linkResolver.cpp, line 766]
Event: 0.138 Thread 0x000000013d848e00 Exception <a 'java/lang/NoSuchMethodError'{0x000000070f4d0888}: 'int java.lang.invoke.DirectMethodHandle$Holder.invokeStaticInit(java.lang.Object, java.lang.Object, java.lang.Object)'> (0x000000070f4d0888) 
thrown [src/hotspot/share/interpreter/linkResolver.cpp, line 766]
Event: 0.221 Thread 0x000000012396d000 Exception <a 'java/lang/NoSuchMethodError'{0x000000070ee14510}: 'void java.lang.invoke.DirectMethodHandle$Holder.invokeStaticInit(java.lang.Object)'> (0x000000070ee14510) 
thrown [src/hotspot/share/interpreter/linkResolver.cpp, line 766]
Event: 0.222 Thread 0x000000013d848e00 Exception <a 'java/lang/NoSuchMethodError'{0x000000070f28fc88}: 'void java.lang.invoke.DirectMethodHandle$Holder.invokeStatic(java.lang.Object, java.lang.Object, java.lang.Object, java.lang.Object)'> (0x000000070f28fc88) 
thrown [src/hotspot/share/interpreter/linkResolver.cpp, line 766]
Event: 0.245 Thread 0x000000012396d000 Exception <a 'java/lang/NoSuchMethodError'{0x000000070ea0ede0}: 'java.lang.Object java.lang.invoke.DirectMethodHandle$Holder.invokeStaticInit(java.lang.Object, java.lang.Object, java.lang.Object, java.lang.Object)'> (0x000000070ea0ede0) 
thrown [src/hotspot/share/interpreter/linkResolver.cpp, line 766]
Event: 0.245 Thread 0x000000012396d000 Exception <a 'java/lang/NullPointerException'{0x000000070ea1a988}> (0x000000070ea1a988) 
thrown [src/hotspot/share/interpreter/linkResolver.cpp, line 1357]
Event: 0.316 Thread 0x000000012396d000 Exception <a 'java/lang/NoSuchMethodError'{0x000000070f8383c0}: 'java.lang.Object java.lang.invoke.DirectMethodHandle$Holder.newInvokeSpecial(java.lang.Object, java.lang.Object, int)'> (0x000000070f8383c0) 
thrown [src/hotspot/share/interpreter/linkResolver.cpp, line 766]
Event: 0.347 Thread 0x000000012181fe00 Exception <a 'java/lang/NoSuchMethodError'{0x000000070f653e18}: 'int java.lang.invoke.DirectMethodHandle$Holder.invokeStaticInit(java.lang.Object, java.lang.Object)'> (0x000000070f653e18) 
thrown [src/hotspot/share/interpreter/linkResolver.cpp, line 766]
Event: 1.027 Thread 0x000000012396d000 Exception <a 'java/lang/NoSuchMethodError'{0x000000070f4393f8}: 'java.lang.Object java.lang.invoke.DirectMethodHandle$Holder.newInvokeSpecial(java.lang.Object, java.lang.Object, int, int, int, int, int, java.lang.Object)'> (0x000000070f4393f8) 
thrown [src/hotspot/share/interpreter/linkResolver.cpp, line 766]
Event: 1.029 Thread 0x000000012396d000 Exception <a 'java/lang/NoSuchMethodError'{0x000000070f44c3d8}: 'java.lang.Object java.lang.invoke.DirectMethodHandle$Holder.newInvokeSpecial(java.lang.Object, java.lang.Object, java.lang.Object, int, int, int, int, int)'> (0x000000070f44c3d8) 
thrown [src/hotspot/share/interpreter/linkResolver.cpp, line 766]
Event: 1.029 Thread 0x000000012396d000 Exception <a 'java/lang/NoSuchMethodError'{0x000000070f453c38}: 'java.lang.Object java.lang.invoke.Invokers$Holder.linkToTargetMethod(java.lang.Object, java.lang.Object, int, int, int, int, int, java.lang.Object)'> (0x000000070f453c38) 
thrown [src/hotspot/share/interpreter/linkResolver.cpp, line 766]
Event: 1.033 Thread 0x000000012396d000 Exception <a 'java/lang/NoSuchMethodError'{0x000000070f46c2c0}: 'long java.lang.invoke.DirectMethodHandle$Holder.invokeStatic(java.lang.Object, java.lang.Object, java.lang.Object)'> (0x000000070f46c2c0) 
thrown [src/hotspot/share/interpreter/linkResolver.cpp, line 766]
Event: 1.033 Thread 0x000000012396d000 Exception <a 'java/lang/NoSuchMethodError'{0x000000070f46fa68}: 'long java.lang.invoke.DirectMethodHandle$Holder.invokeStaticInit(java.lang.Object, java.lang.Object, java.lang.Object)'> (0x000000070f46fa68) 
thrown [src/hotspot/share/interpreter/linkResolver.cpp, line 766]
Event: 1.035 Thread 0x000000012396d000 Exception <a 'java/lang/NoSuchMethodError'{0x000000070f487670}: 'java.lang.Object java.lang.invoke.DirectMethodHandle$Holder.newInvokeSpecial(java.lang.Object, java.lang.Object, long)'> (0x000000070f487670) 
thrown [src/hotspot/share/interpreter/linkResolver.cpp, line 766]
Event: 1.035 Thread 0x000000012396d000 Exception <a 'java/lang/NoSuchMethodError'{0x000000070f48af38}: 'java.lang.Object java.lang.invoke.Invokers$Holder.linkToTargetMethod(java.lang.Object, long, java.lang.Object)'> (0x000000070f48af38) 
thrown [src/hotspot/share/interpreter/linkResolver.cpp, line 766]

VM Operations (10 events):
Event: 0.032 Executing VM operation: HandshakeAllThreads
Event: 0.032 Executing VM operation: HandshakeAllThreads done
Event: 0.056 Executing VM operation: HandshakeAllThreads
Event: 0.056 Executing VM operation: HandshakeAllThreads done
Event: 0.066 Executing VM operation: HandshakeAllThreads
Event: 0.066 Executing VM operation: HandshakeAllThreads done
Event: 0.077 Executing VM operation: ICBufferFull
Event: 0.077 Executing VM operation: ICBufferFull done
Event: 0.254 Executing VM operation: G1CollectForAllocation
Event: 0.255 Executing VM operation: G1CollectForAllocation done

Events (20 events):
Event: 1.022 loading class java/util/AbstractList$SubList done
Event: 1.022 loading class java/util/AbstractList$RandomAccessSubList done
Event: 1.022 loading class java/util/AbstractList$SubList$1
Event: 1.022 loading class java/util/AbstractList$SubList$1 done
Event: 1.022 loading class java/util/AbstractList$ListItr
Event: 1.022 loading class java/util/AbstractList$ListItr done
Event: 1.032 Protecting memory [0x000000016fde0000,0x000000016fdec000] with protection modes 0
Event: 1.032 Thread 0x000000013a8e9200 Thread added: 0x000000013a8e9200
Event: 1.032 loading class java/util/concurrent/ConcurrentLinkedQueue
Event: 1.033 loading class java/util/concurrent/ConcurrentLinkedQueue done
Event: 1.033 loading class java/util/concurrent/ConcurrentLinkedQueue$Node
Event: 1.033 loading class java/util/concurrent/ConcurrentLinkedQueue$Node done
Event: 1.033 Thread 0x0000000123151800 Thread added: 0x0000000123151800
Event: 1.033 Protecting memory [0x00000002924e8000,0x00000002924f4000] with protection modes 0
Event: 1.139 loading class jdk/internal/vm/VMSupport
Event: 1.139 loading class jdk/internal/vm/VMSupport done
Event: 1.139 loading class sun/nio/cs/ISO_8859_1
Event: 1.139 loading class sun/nio/cs/ISO_8859_1 done
Event: 1.139 loading class sun/nio/cs/ISO_8859_1$Encoder
Event: 1.140 loading class sun/nio/cs/ISO_8859_1$Encoder done


Dynamic libraries:
0x0000000103000000 	/Users/rubensantos/Library/Java/JavaVirtualMachines/corretto-17.0.3/Contents/Home/lib/libjli.dylib
0x0000000191114000 	/usr/lib/libz.1.dylib
0x00000001911cb000 	/usr/lib/libSystem.B.dylib
0x00000001911c5000 	/usr/lib/system/libcache.dylib
0x0000000191183000 	/usr/lib/system/libcommonCrypto.dylib
0x00000001911ac000 	/usr/lib/system/libcompiler_rt.dylib
0x00000001911a3000 	/usr/lib/system/libcopyfile.dylib
0x000000018640b000 	/usr/lib/system/libcorecrypto.dylib
0x00000001864be000 	/usr/lib/system/libdispatch.dylib
0x000000018668c000 	/usr/lib/system/libdyld.dylib
0x00000001911bb000 	/usr/lib/system/libkeymgr.dylib
0x000000019115e000 	/usr/lib/system/libmacho.dylib
0x0000000190853000 	/usr/lib/system/libquarantine.dylib
0x00000001911b8000 	/usr/lib/system/libremovefile.dylib
0x000000018b7f4000 	/usr/lib/system/libsystem_asl.dylib
0x00000001863ad000 	/usr/lib/system/libsystem_blocks.dylib
0x0000000186546000 	/usr/lib/system/libsystem_c.dylib
0x00000001911b0000 	/usr/lib/system/libsystem_collections.dylib
0x000000018fce1000 	/usr/lib/system/libsystem_configuration.dylib
0x000000018ef3d000 	/usr/lib/system/libsystem_containermanager.dylib
0x0000000190ec0000 	/usr/lib/system/libsystem_coreservices.dylib
0x0000000188db4000 	/usr/lib/system/libsystem_darwin.dylib
0x00000001911bc000 	/usr/lib/system/libsystem_dnssd.dylib
0x0000000186543000 	/usr/lib/system/libsystem_featureflags.dylib
0x00000001866a1000 	/usr/lib/system/libsystem_info.dylib
0x0000000191126000 	/usr/lib/system/libsystem_m.dylib
0x0000000186493000 	/usr/lib/system/libsystem_malloc.dylib
0x000000018b783000 	/usr/lib/system/libsystem_networkextension.dylib
0x000000018920d000 	/usr/lib/system/libsystem_notify.dylib
0x0000000197509000 	/usr/lib/system/libsystem_product_info_filter.dylib
0x000000018fce6000 	/usr/lib/system/libsystem_sandbox.dylib
0x00000001911b5000 	/usr/lib/system/libsystem_secinit.dylib
0x0000000186647000 	/usr/lib/system/libsystem_kernel.dylib
0x0000000186699000 	/usr/lib/system/libsystem_platform.dylib
0x000000018667f000 	/usr/lib/system/libsystem_pthread.dylib
0x000000018cf4c000 	/usr/lib/system/libsystem_symptoms.dylib
0x00000001863f1000 	/usr/lib/system/libsystem_trace.dylib
0x0000000191190000 	/usr/lib/system/libunwind.dylib
0x00000001863af000 	/usr/lib/system/libxpc.dylib
0x000000018662f000 	/usr/lib/libc++abi.dylib
0x0000000186505000 	/usr/lib/libobjc.A.dylib
0x000000019119b000 	/usr/lib/liboah.dylib
0x00000001865c8000 	/usr/lib/libc++.1.dylib
0x000000019d022000 	/System/Library/Frameworks/Cocoa.framework/Versions/A/Cocoa
0x000000018926e000 	/System/Library/Frameworks/AppKit.framework/Versions/C/AppKit
0x000000018c774000 	/System/Library/Frameworks/CoreData.framework/Versions/A/CoreData
0x00000001875c9000 	/System/Library/Frameworks/Foundation.framework/Versions/C/Foundation
0x000000018a126000 	/System/Library/PrivateFrameworks/UIFoundation.framework/Versions/A/UIFoundation
0x0000000197203000 	/System/Library/PrivateFrameworks/RemoteViewServices.framework/Versions/A/RemoteViewServices
0x000000018f689000 	/System/Library/PrivateFrameworks/XCTTargetBootstrap.framework/Versions/A/XCTTargetBootstrap
0x0000000192f07000 	/System/Library/PrivateFrameworks/InternationalSupport.framework/Versions/A/InternationalSupport
0x0000000192f90000 	/System/Library/PrivateFrameworks/UserActivity.framework/Versions/A/UserActivity
0x0000000192402000 	/usr/lib/libspindump.dylib
0x000000018a397000 	/System/Library/Frameworks/UniformTypeIdentifiers.framework/Versions/A/UniformTypeIdentifiers
0x000000018dbd4000 	/usr/lib/libapp_launch_measurement.dylib
0x000000018d0fe000 	/System/Library/PrivateFrameworks/CoreAnalytics.framework/Versions/A/CoreAnalytics
0x000000018dbd7000 	/System/Library/PrivateFrameworks/CoreAutoLayout.framework/Versions/A/CoreAutoLayout
0x000000018ef7a000 	/System/Library/Frameworks/Metal.framework/Versions/A/Metal
0x000000018fcf1000 	/usr/lib/liblangid.dylib
0x000000018f68e000 	/System/Library/PrivateFrameworks/CoreSVG.framework/Versions/A/CoreSVG
0x000000018b828000 	/System/Library/PrivateFrameworks/SkyLight.framework/Versions/A/SkyLight
0x000000018bbfd000 	/System/Library/Frameworks/CoreGraphics.framework/Versions/A/CoreGraphics
0x00000001978cf000 	/System/Library/Frameworks/Accelerate.framework/Versions/A/Accelerate
0x0000000191e79000 	/System/Library/PrivateFrameworks/IconServices.framework/Versions/A/IconServices
0x000000018ef5c000 	/System/Library/Frameworks/IOSurface.framework/Versions/A/IOSurface
0x000000018d12f000 	/usr/lib/libDiagnosticMessagesClient.dylib
0x000000019add0000 	/System/Library/Frameworks/ApplicationServices.framework/Versions/A/ApplicationServices
0x000000018f671000 	/System/Library/PrivateFrameworks/DFRFoundation.framework/Versions/A/DFRFoundation
0x0000000188afe000 	/usr/lib/libicucore.A.dylib
0x0000000193db3000 	/System/Library/Frameworks/AudioToolbox.framework/Versions/A/AudioToolbox
0x0000000192f13000 	/System/Library/PrivateFrameworks/DataDetectorsCore.framework/Versions/A/DataDetectorsCore
0x00000001a9853000 	/System/Library/PrivateFrameworks/TextInput.framework/Versions/A/TextInput
0x000000018b79d000 	/usr/lib/libMobileGestalt.dylib
0x000000018f33d000 	/System/Library/Frameworks/Carbon.framework/Versions/A/Frameworks/HIToolbox.framework/Versions/A/HIToolbox
0x000000018d5b0000 	/System/Library/Frameworks/QuartzCore.framework/Versions/A/QuartzCore
0x0000000188781000 	/System/Library/Frameworks/Security.framework/Versions/A/Security
0x0000000197243000 	/System/Library/Frameworks/Carbon.framework/Versions/A/Frameworks/SpeechRecognition.framework/Versions/A/SpeechRecognition
0x000000018d92a000 	/System/Library/PrivateFrameworks/CoreUI.framework/Versions/A/CoreUI
0x000000018805e000 	/System/Library/Frameworks/CoreAudio.framework/Versions/A/CoreAudio
0x000000018d224000 	/System/Library/Frameworks/DiskArbitration.framework/Versions/A/DiskArbitration
0x000000019280c000 	/System/Library/PrivateFrameworks/MultitouchSupport.framework/Versions/A/MultitouchSupport
0x000000018b79b000 	/usr/lib/libenergytrace.dylib
0x0000000189136000 	/System/Library/Frameworks/IOKit.framework/Versions/A/IOKit
0x0000000197632000 	/System/Library/Frameworks/CoreServices.framework/Versions/A/CoreServices
0x000000018db64000 	/System/Library/PrivateFrameworks/PerformanceAnalysis.framework/Versions/A/PerformanceAnalysis
0x00000001e7b3b000 	/System/Library/Frameworks/OpenGL.framework/Versions/A/OpenGL
0x000000019076b000 	/System/Library/PrivateFrameworks/MobileKeyBag.framework/Versions/A/MobileKeyBag
0x000000018c20a000 	/System/Library/Frameworks/ColorSync.framework/Versions/A/ColorSync
0x00000001866ce000 	/System/Library/Frameworks/CoreFoundation.framework/Versions/A/CoreFoundation
0x000000018f90d000 	/System/Library/Frameworks/CoreImage.framework/Versions/A/CoreImage
0x0000000187e82000 	/System/Library/Frameworks/CoreText.framework/Versions/A/CoreText
0x000000018f6be000 	/System/Library/Frameworks/ImageIO.framework/Versions/A/ImageIO
0x00000001911d1000 	/System/Library/PrivateFrameworks/SoftLinking.framework/Versions/A/SoftLinking
0x000000018dc22000 	/usr/lib/libxml2.2.dylib
0x000000019146a000 	/usr/lib/libcompression.dylib
0x0000000192e63000 	/System/Library/PrivateFrameworks/TextureIO.framework/Versions/A/TextureIO
0x0000000191b92000 	/usr/lib/libate.dylib
0x0000000191a57000 	/usr/lib/liblzma.5.dylib
0x00000001872bd000 	/System/Library/Frameworks/SystemConfiguration.framework/Versions/A/SystemConfiguration
0x00000001911cd000 	/usr/lib/libfakelink.dylib
0x000000018b2cf000 	/System/Library/Frameworks/CFNetwork.framework/Versions/A/CFNetwork
0x0000000191313000 	/usr/lib/libarchive.2.dylib
0x000000018fced000 	/System/Library/PrivateFrameworks/AppleSystemInfo.framework/Versions/A/AppleSystemInfo
0x000000019087e000 	/usr/lib/libbsm.0.dylib
0x000000018a840000 	/usr/lib/libnetwork.dylib
0x0000000191167000 	/usr/lib/system/libkxld.dylib
0x0000000190491000 	/System/Library/PrivateFrameworks/IOMobileFramebuffer.framework/Versions/A/IOMobileFramebuffer
0x0000000205467000 	/usr/lib/libCoreEntitlements.dylib
0x0000000190ea2000 	/System/Library/PrivateFrameworks/AppleFSCompression.framework/Versions/A/AppleFSCompression
0x0000000190866000 	/usr/lib/libcoretls.dylib
0x0000000191a70000 	/usr/lib/libcoretls_cfhelpers.dylib
0x0000000191465000 	/usr/lib/libpam.2.dylib
0x000000018cb63000 	/usr/lib/libsqlite3.dylib
0x0000000191ad9000 	/usr/lib/libxar.1.dylib
0x0000000190eb3000 	/usr/lib/libbz2.1.0.dylib
0x00000001911d2000 	/usr/lib/libpcap.A.dylib
0x000000018cf43000 	/usr/lib/libdns_services.dylib
0x0000000191438000 	/usr/lib/libapple_nghttp2.dylib
0x000000019120f000 	/usr/lib/libiconv.2.dylib
0x000000019115d000 	/usr/lib/libcharset.1.dylib
0x000000018dba0000 	/System/Library/Frameworks/CoreServices.framework/Versions/A/Frameworks/FSEvents.framework/Versions/A/FSEvents
0x0000000188dbf000 	/System/Library/Frameworks/CoreServices.framework/Versions/A/Frameworks/CarbonCore.framework/Versions/A/CarbonCore
0x000000018d184000 	/System/Library/Frameworks/CoreServices.framework/Versions/A/Frameworks/Metadata.framework/Versions/A/Metadata
0x0000000190ec6000 	/System/Library/Frameworks/CoreServices.framework/Versions/A/Frameworks/OSServices.framework/Versions/A/OSServices
0x0000000191399000 	/System/Library/Frameworks/CoreServices.framework/Versions/A/Frameworks/SearchKit.framework/Versions/A/SearchKit
0x000000018ced2000 	/System/Library/Frameworks/CoreServices.framework/Versions/A/Frameworks/AE.framework/Versions/A/AE
0x0000000186c14000 	/System/Library/Frameworks/CoreServices.framework/Versions/A/Frameworks/LaunchServices.framework/Versions/A/LaunchServices
0x0000000191a00000 	/System/Library/Frameworks/CoreServices.framework/Versions/A/Frameworks/DictionaryServices.framework/Versions/A/DictionaryServices
0x000000018dbad000 	/System/Library/Frameworks/CoreServices.framework/Versions/A/Frameworks/SharedFileList.framework/Versions/A/SharedFileList
0x0000000190856000 	/usr/lib/libCheckFix.dylib
0x000000018b80c000 	/System/Library/PrivateFrameworks/TCC.framework/Versions/A/TCC
0x000000018fcf3000 	/System/Library/PrivateFrameworks/CoreNLP.framework/Versions/A/CoreNLP
0x000000018d132000 	/System/Library/PrivateFrameworks/MetadataUtilities.framework/Versions/A/MetadataUtilities
0x0000000187376000 	/usr/lib/libmecabra.dylib
0x000000019088f000 	/usr/lib/libmecab.dylib
0x0000000187342000 	/usr/lib/libCRFSuite.dylib
0x00000001908ec000 	/usr/lib/libgermantok.dylib
0x0000000191411000 	/usr/lib/libThaiTokenizer.dylib
0x000000018d22c000 	/System/Library/Frameworks/Accelerate.framework/Versions/A/Frameworks/vImage.framework/Versions/A/vImage
0x0000000197609000 	/System/Library/Frameworks/Accelerate.framework/Versions/A/Frameworks/vecLib.framework/Versions/A/vecLib
0x0000000191b1e000 	/System/Library/Frameworks/Accelerate.framework/Versions/A/Frameworks/vecLib.framework/Versions/A/libvMisc.dylib
0x0000000190398000 	/System/Library/Frameworks/Accelerate.framework/Versions/A/Frameworks/vecLib.framework/Versions/A/libvDSP.dylib
0x0000000186f9d000 	/System/Library/Frameworks/Accelerate.framework/Versions/A/Frameworks/vecLib.framework/Versions/A/libBLAS.dylib
0x000000019153b000 	/System/Library/Frameworks/Accelerate.framework/Versions/A/Frameworks/vecLib.framework/Versions/A/libLAPACK.dylib
0x00000001908ef000 	/System/Library/Frameworks/Accelerate.framework/Versions/A/Frameworks/vecLib.framework/Versions/A/libLinearAlgebra.dylib
0x0000000191450000 	/System/Library/Frameworks/Accelerate.framework/Versions/A/Frameworks/vecLib.framework/Versions/A/libSparseBLAS.dylib
0x0000000191536000 	/System/Library/Frameworks/Accelerate.framework/Versions/A/Frameworks/vecLib.framework/Versions/A/libQuadrature.dylib
0x000000018fdec000 	/System/Library/Frameworks/Accelerate.framework/Versions/A/Frameworks/vecLib.framework/Versions/A/libBNNS.dylib
0x000000018725b000 	/System/Library/Frameworks/Accelerate.framework/Versions/A/Frameworks/vecLib.framework/Versions/A/libSparse.dylib
0x000000018fde4000 	/System/Library/PrivateFrameworks/LinguisticData.framework/Versions/A/LinguisticData
0x0000000187213000 	/System/Library/PrivateFrameworks/Lexicon.framework/Versions/A/Lexicon
0x0000000191b16000 	/usr/lib/libChineseTokenizer.dylib
0x00000001879ba000 	/System/Library/PrivateFrameworks/LanguageModeling.framework/Versions/A/LanguageModeling
0x0000000191413000 	/System/Library/PrivateFrameworks/AppleSauce.framework/Versions/A/AppleSauce
0x000000019047e000 	/System/Library/PrivateFrameworks/CoreEmoji.framework/Versions/A/CoreEmoji
0x0000000191301000 	/usr/lib/libcmph.dylib
0x000000018db80000 	/System/Library/Frameworks/OpenDirectory.framework/Versions/A/Frameworks/CFOpenDirectory.framework/Versions/A/CFOpenDirectory
0x000000018db70000 	/System/Library/Frameworks/OpenDirectory.framework/Versions/A/OpenDirectory
0x0000000191a72000 	/System/Library/PrivateFrameworks/APFS.framework/Versions/A/APFS
0x00000001907a6000 	/System/Library/Frameworks/SecurityFoundation.framework/Versions/A/SecurityFoundation
0x0000000191ae8000 	/usr/lib/libutil.dylib
0x00000001890f8000 	/System/Library/PrivateFrameworks/CoreServicesStore.framework/Versions/A/CoreServicesStore
0x0000000191aec000 	/usr/lib/libxslt.1.dylib
0x000000019083a000 	/System/Library/PrivateFrameworks/BackgroundTaskManagement.framework/Versions/A/BackgroundTaskManagement
0x0000000192d84000 	/System/Library/Frameworks/ImageIO.framework/Versions/A/Resources/libRadiance.dylib
0x0000000192d8d000 	/System/Library/Frameworks/ImageIO.framework/Versions/A/Resources/libJPEG.dylib
0x0000000192ce0000 	/System/Library/Frameworks/ImageIO.framework/Versions/A/Resources/libPng.dylib
0x0000000192d02000 	/System/Library/Frameworks/ImageIO.framework/Versions/A/Resources/libTIFF.dylib
0x0000000192de8000 	/System/Library/Frameworks/ImageIO.framework/Versions/A/Resources/libGIF.dylib
0x000000019271c000 	/System/Library/Frameworks/ImageIO.framework/Versions/A/Resources/libJP2.dylib
0x0000000191e3e000 	/usr/lib/libexpat.1.dylib
0x00000001926d7000 	/System/Library/PrivateFrameworks/AppleJPEG.framework/Versions/A/AppleJPEG
0x000000018f1f9000 	/System/Library/PrivateFrameworks/FontServices.framework/libFontParser.dylib
0x000000018ce77000 	/System/Library/PrivateFrameworks/RunningBoardServices.framework/Versions/A/RunningBoardServices
0x000000019d6f5000 	/System/Library/PrivateFrameworks/IOSurfaceAccelerator.framework/Versions/A/IOSurfaceAccelerator
0x0000000192808000 	/System/Library/PrivateFrameworks/WatchdogClient.framework/Versions/A/WatchdogClient
0x0000000187abe000 	/System/Library/Frameworks/CoreDisplay.framework/Versions/A/CoreDisplay
0x000000018f0e3000 	/System/Library/Frameworks/CoreMedia.framework/Versions/A/CoreMedia
0x000000018ef70000 	/System/Library/PrivateFrameworks/IOAccelerator.framework/Versions/A/IOAccelerator
0x000000018dd10000 	/System/Library/Frameworks/CoreVideo.framework/Versions/A/CoreVideo
0x0000000191463000 	/System/Library/Frameworks/MetalPerformanceShaders.framework/Versions/A/MetalPerformanceShaders
0x0000000192847000 	/System/Library/Frameworks/VideoToolbox.framework/Versions/A/VideoToolbox
0x000000018cdbb000 	/System/Library/PrivateFrameworks/BaseBoard.framework/Versions/A/BaseBoard
0x000000018cb49000 	/System/Library/PrivateFrameworks/ProtocolBuffer.framework/Versions/A/ProtocolBuffer
0x0000000192d7f000 	/System/Library/PrivateFrameworks/GPUWrangler.framework/Versions/A/GPUWrangler
0x0000000192d5f000 	/System/Library/PrivateFrameworks/IOPresentment.framework/Versions/A/IOPresentment
0x0000000192d87000 	/System/Library/PrivateFrameworks/DSExternalDisplay.framework/Versions/A/DSExternalDisplay
0x00000001e7b2e000 	/System/Library/Frameworks/OpenGL.framework/Versions/A/Libraries/libCoreFSCache.dylib
0x00000001f1fed000 	/System/Library/PrivateFrameworks/GPUCompiler.framework/Versions/31001/Libraries/libGPUCompilerUtils.dylib
0x0000000192ded000 	/System/Library/PrivateFrameworks/CMCaptureCore.framework/Versions/A/CMCaptureCore
0x00000001923ef000 	/System/Library/PrivateFrameworks/AppServerSupport.framework/Versions/A/AppServerSupport
0x0000000194670000 	/System/Library/PrivateFrameworks/perfdata.framework/Versions/A/perfdata
0x0000000187bde000 	/System/Library/PrivateFrameworks/AudioToolboxCore.framework/Versions/A/AudioToolboxCore
0x000000018f0bc000 	/System/Library/PrivateFrameworks/caulk.framework/Versions/A/caulk
0x0000000193f65000 	/usr/lib/libAudioStatistics.dylib
0x00000001a5eba000 	/System/Library/PrivateFrameworks/SystemPolicy.framework/Versions/A/SystemPolicy
0x00000001941d1000 	/usr/lib/libSMC.dylib
0x000000019cf04000 	/System/Library/Frameworks/CoreMIDI.framework/Versions/A/CoreMIDI
0x0000000192cae000 	/usr/lib/libAudioToolboxUtility.dylib
0x00000001a1f87000 	/System/Library/PrivateFrameworks/OSAServicesClient.framework/Versions/A/OSAServicesClient
0x000000019467d000 	/usr/lib/libperfcheck.dylib
0x00000001a69d2000 	/usr/lib/libmis.dylib
0x00000001e7b90000 	/System/Library/Frameworks/OpenGL.framework/Versions/A/Libraries/libGLU.dylib
0x00000001e7b4f000 	/System/Library/Frameworks/OpenGL.framework/Versions/A/Libraries/libGFXShared.dylib
0x00000001e7d3c000 	/System/Library/Frameworks/OpenGL.framework/Versions/A/Libraries/libGL.dylib
0x00000001e7b58000 	/System/Library/Frameworks/OpenGL.framework/Versions/A/Libraries/libGLImage.dylib
0x00000001e7b4c000 	/System/Library/Frameworks/OpenGL.framework/Versions/A/Libraries/libCVMSPluginSupport.dylib
0x00000001e7b35000 	/System/Library/Frameworks/OpenGL.framework/Versions/A/Libraries/libCoreVMClient.dylib
0x000000018fc6d000 	/System/Library/Frameworks/MetalPerformanceShaders.framework/Versions/A/Frameworks/MPSCore.framework/Versions/A/MPSCore
0x0000000190e15000 	/System/Library/Frameworks/MetalPerformanceShaders.framework/Versions/A/Frameworks/MPSImage.framework/Versions/A/MPSImage
0x0000000190904000 	/System/Library/Frameworks/MetalPerformanceShaders.framework/Versions/A/Frameworks/MPSNeuralNetwork.framework/Versions/A/MPSNeuralNetwork
0x0000000190d3d000 	/System/Library/Frameworks/MetalPerformanceShaders.framework/Versions/A/Frameworks/MPSMatrix.framework/Versions/A/MPSMatrix
0x0000000190b16000 	/System/Library/Frameworks/MetalPerformanceShaders.framework/Versions/A/Frameworks/MPSRayIntersector.framework/Versions/A/MPSRayIntersector
0x0000000190d6e000 	/System/Library/Frameworks/MetalPerformanceShaders.framework/Versions/A/Frameworks/MPSNDArray.framework/Versions/A/MPSNDArray
0x00000001e9ca7000 	/System/Library/Frameworks/MetalPerformanceShaders.framework/Versions/A/Frameworks/MPSFunctions.framework/Versions/A/MPSFunctions
0x0000000186e74000 	/System/Library/PrivateFrameworks/MetalTools.framework/Versions/A/MetalTools
0x000000018fceb000 	/System/Library/PrivateFrameworks/AggregateDictionary.framework/Versions/A/AggregateDictionary
0x0000000191c23000 	/usr/lib/libIOReport.dylib
0x000000019bf22000 	/System/Library/PrivateFrameworks/ASEProcessing.framework/Versions/A/ASEProcessing
0x0000000191f98000 	/System/Library/PrivateFrameworks/FaceCore.framework/Versions/A/FaceCore
0x0000000191f8a000 	/System/Library/PrivateFrameworks/GraphVisualizer.framework/Versions/A/GraphVisualizer
0x00000001f1f04000 	/System/Library/PrivateFrameworks/FontServices.framework/Versions/A/FontServices
0x00000001923ab000 	/System/Library/PrivateFrameworks/OTSVG.framework/Versions/A/OTSVG
0x000000018d8da000 	/System/Library/Frameworks/ApplicationServices.framework/Versions/A/Frameworks/ATS.framework/Versions/A/Resources/libFontRegistry.dylib
0x00000001923f8000 	/System/Library/PrivateFrameworks/FontServices.framework/libhvf.dylib
0x00000001f1f05000 	/System/Library/PrivateFrameworks/FontServices.framework/libXTFontStaticRegistryData.dylib
0x00000001e7edd000 	/System/Library/Frameworks/OpenCL.framework/Versions/A/OpenCL
0x0000000191df2000 	/System/Library/PrivateFrameworks/AppleVA.framework/Versions/A/AppleVA
0x0000000193f8d000 	/System/Library/Frameworks/ApplicationServices.framework/Versions/A/Frameworks/ATS.framework/Versions/A/ATS
0x000000018c307000 	/System/Library/Frameworks/ApplicationServices.framework/Versions/A/Frameworks/HIServices.framework/Versions/A/HIServices
0x0000000192df7000 	/System/Library/Frameworks/ApplicationServices.framework/Versions/A/Frameworks/PrintCore.framework/Versions/A/PrintCore
0x0000000194324000 	/System/Library/Frameworks/ApplicationServices.framework/Versions/A/Frameworks/QD.framework/Versions/A/QD
0x000000019431c000 	/System/Library/Frameworks/ApplicationServices.framework/Versions/A/Frameworks/ColorSyncLegacy.framework/Versions/A/ColorSyncLegacy
0x0000000193f79000 	/System/Library/Frameworks/ApplicationServices.framework/Versions/A/Frameworks/SpeechSynthesis.framework/Versions/A/SpeechSynthesis
0x0000000192db8000 	/System/Library/Frameworks/ApplicationServices.framework/Versions/A/Frameworks/ATSUI.framework/Versions/A/ATSUI
0x00000001942b1000 	/usr/lib/libcups.2.dylib
0x000000019468b000 	/System/Library/Frameworks/Kerberos.framework/Versions/A/Kerberos
0x000000019469c000 	/System/Library/Frameworks/GSS.framework/Versions/A/GSS
0x0000000193ffd000 	/usr/lib/libresolv.9.dylib
0x0000000192407000 	/System/Library/PrivateFrameworks/Heimdal.framework/Versions/A/Heimdal
0x000000019b157000 	/System/Library/Frameworks/Kerberos.framework/Versions/A/Libraries/libHeimdalProxy.dylib
0x000000018cf55000 	/System/Library/Frameworks/Network.framework/Versions/A/Network
0x0000000191e59000 	/usr/lib/libheimdal-asn1.dylib
0x00000001946ec000 	/System/Library/PrivateFrameworks/CommonAuth.framework/Versions/A/CommonAuth
0x0000000193ef3000 	/System/Library/PrivateFrameworks/AudioSession.framework/Versions/A/AudioSession
0x0000000191eeb000 	/System/Library/PrivateFrameworks/MediaExperience.framework/Versions/A/MediaExperience
0x0000000193d79000 	/System/Library/PrivateFrameworks/AudioSession.framework/libSessionUtility.dylib
0x0000000194330000 	/System/Library/PrivateFrameworks/AudioResourceArbitration.framework/Versions/A/AudioResourceArbitration
0x00000001984e6000 	/System/Library/PrivateFrameworks/PowerLog.framework/Versions/A/PowerLog
0x0000000191e63000 	/System/Library/PrivateFrameworks/IconFoundation.framework/Versions/A/IconFoundation
0x000000019722f000 	/System/Library/PrivateFrameworks/SpeechRecognitionCore.framework/Versions/A/SpeechRecognitionCore
0x0000000104148000 	/Users/rubensantos/Library/Java/JavaVirtualMachines/corretto-17.0.3/Contents/Home/lib/server/libjvm.dylib
0x0000000103064000 	/Users/rubensantos/Library/Java/JavaVirtualMachines/corretto-17.0.3/Contents/Home/lib/libjimage.dylib
0x0000000103144000 	/Users/rubensantos/Library/Java/JavaVirtualMachines/corretto-17.0.3/Contents/Home/lib/libinstrument.dylib
0x0000000103190000 	/Users/rubensantos/Library/Java/JavaVirtualMachines/corretto-17.0.3/Contents/Home/lib/libjava.dylib
0x0000000103c64000 	/Users/rubensantos/Library/Java/JavaVirtualMachines/corretto-17.0.3/Contents/Home/lib/libnio.dylib
0x0000000103c84000 	/Users/rubensantos/Library/Java/JavaVirtualMachines/corretto-17.0.3/Contents/Home/lib/libnet.dylib
0x0000000103178000 	/Users/rubensantos/Library/Java/JavaVirtualMachines/corretto-17.0.3/Contents/Home/lib/libzip.dylib
0x0000000103ca8000 	/Users/rubensantos/Library/Java/JavaVirtualMachines/corretto-17.0.3/Contents/Home/lib/libextnet.dylib
0x0000000103cbc000 	/Library/Java/JavaVirtualMachines/javafx-sdk-17/lib/libprism_es2.dylib
0x00000001890bb000 	/System/Library/PrivateFrameworks/CoreServicesInternal.framework/Versions/A/CoreServicesInternal
0x00000001e7d46000 	/System/Library/Frameworks/OpenGL.framework/Versions/A/Resources/GLEngine.bundle/GLEngine
0x00000001e7bce000 	/System/Library/Frameworks/OpenGL.framework/Versions/A/Libraries/libGLProgrammability.dylib
0x00000001214c8000 	/System/Library/Extensions/AppleMetalOpenGLRenderer.bundle/Contents/MacOS/AppleMetalOpenGLRenderer
0x00000001e7eb5000 	/System/Library/Frameworks/OpenGL.framework/Versions/A/Resources/GLRendererFloat.bundle/GLRendererFloat
0x00000001cce2d000 	/System/Library/Extensions/AGXMetalG13X.bundle/Contents/MacOS/AGXMetalG13X
0x00000001a69ee000 	/System/Library/PrivateFrameworks/GPURawCounter.framework/Versions/A/GPURawCounter
0x00000001a10f8000 	/System/Library/PrivateFrameworks/IOGPU.framework/Versions/A/IOGPU
0x0000000121560000 	/Library/Java/JavaVirtualMachines/javafx-sdk-17/lib/libglass.dylib
0x000000019873e000 	/System/Library/Frameworks/FileProvider.framework/Versions/A/FileProvider
0x000000018cd23000 	/System/Library/Frameworks/Accounts.framework/Versions/A/Accounts
0x00000001988c2000 	/System/Library/PrivateFrameworks/GenerationalStorage.framework/Versions/A/GenerationalStorage
0x0000000199485000 	/System/Library/PrivateFrameworks/CoreSymbolication.framework/Versions/A/CoreSymbolication
0x00000001984da000 	/System/Library/PrivateFrameworks/SymptomDiagnosticReporter.framework/Versions/A/SymptomDiagnosticReporter
0x000000018a3ab000 	/System/Library/PrivateFrameworks/DesktopServicesPriv.framework/Versions/A/DesktopServicesPriv
0x000000018921d000 	/usr/lib/libsandbox.1.dylib
0x000000018dd9e000 	/System/Library/PrivateFrameworks/UserManagement.framework/Versions/A/UserManagement
0x0000000199442000 	/System/Library/PrivateFrameworks/DebugSymbols.framework/Versions/A/DebugSymbols
0x000000019430f000 	/System/Library/PrivateFrameworks/NetAuth.framework/Versions/A/NetAuth
0x000000019522d000 	/System/Library/PrivateFrameworks/Sharing.framework/Versions/A/Sharing
0x000000018dd6e000 	/System/Library/PrivateFrameworks/login.framework/Versions/A/Frameworks/loginsupport.framework/Versions/A/loginsupport
0x000000019a677000 	/System/Library/PrivateFrameworks/Apple80211.framework/Versions/A/Apple80211
0x0000000190ef9000 	/System/Library/PrivateFrameworks/AuthKit.framework/Versions/A/AuthKit
0x000000019057a000 	/System/Library/PrivateFrameworks/CoreUtils.framework/Versions/A/CoreUtils
0x000000019049d000 	/System/Library/Frameworks/CoreWLAN.framework/Versions/A/CoreWLAN
0x000000019539d000 	/System/Library/Frameworks/IOBluetooth.framework/Versions/A/IOBluetooth
0x000000019a6d7000 	/System/Library/PrivateFrameworks/CoreWiFi.framework/Versions/A/CoreWiFi
0x0000000199022000 	/System/Library/PrivateFrameworks/FrontBoardServices.framework/Versions/A/FrontBoardServices
0x00000001990ba000 	/System/Library/PrivateFrameworks/BoardServices.framework/Versions/A/BoardServices
0x0000000190794000 	/System/Library/PrivateFrameworks/AssertionServices.framework/Versions/A/AssertionServices
0x000000019a854000 	/System/Library/PrivateFrameworks/BackBoardServices.framework/Versions/A/BackBoardServices
0x0000000194783000 	/System/Library/PrivateFrameworks/CorePhoneNumbers.framework/Versions/A/CorePhoneNumbers
0x000000019860a000 	/System/Library/PrivateFrameworks/DiskManagement.framework/Versions/A/DiskManagement
0x000000019850d000 	/System/Library/PrivateFrameworks/AppleIDAuthSupport.framework/Versions/A/AppleIDAuthSupport
0x00000001ec4ce000 	/System/Library/PrivateFrameworks/AAAFoundation.framework/Versions/A/AAAFoundation
0x0000000194762000 	/System/Library/PrivateFrameworks/KeychainCircle.framework/Versions/A/KeychainCircle
0x00000001985d6000 	/System/Library/PrivateFrameworks/MediaKit.framework/Versions/A/MediaKit
0x000000019851a000 	/System/Library/Frameworks/DiscRecording.framework/Versions/A/DiscRecording
0x0000000191d6e000 	/usr/lib/libCoreStorage.dylib
0x000000019ab51000 	/usr/lib/libcsfde.dylib
0x0000000195472000 	/System/Library/PrivateFrameworks/ProtectedCloudStorage.framework/Versions/A/ProtectedCloudStorage
0x000000019ab49000 	/System/Library/PrivateFrameworks/EFILogin.framework/Versions/A/EFILogin
0x00000001988e9000 	/System/Library/PrivateFrameworks/OctagonTrust.framework/Versions/A/OctagonTrust
0x00000001f109f000 	/System/Library/PrivateFrameworks/CoreUtilsExtras.framework/Versions/A/CoreUtilsExtras
0x000000019843f000 	/System/Library/Frameworks/CoreBluetooth.framework/Versions/A/CoreBluetooth
0x000000019b1dc000 	/System/Library/Frameworks/AudioUnit.framework/Versions/A/AudioUnit
0x0000000191d66000 	/usr/lib/libMatch.1.dylib
0x00000001aae9a000 	/System/Library/Frameworks/Accelerate.framework/Versions/A/Frameworks/vImage.framework/Versions/A/Libraries/libCGInterfaces.dylib
0x0000000122f20000 	/usr/lib/libobjc-trampolines.dylib
0x000000018da68000 	/System/Library/PrivateFrameworks/ViewBridge.framework/Versions/A/ViewBridge
0x0000000191c2c000 	/System/Library/PrivateFrameworks/CrashReporterSupport.framework/Versions/A/CrashReporterSupport
0x00000001b2913000 	/System/Library/PrivateFrameworks/OSAnalytics.framework/Versions/A/OSAnalytics
0x00000001bdc11000 	/System/Library/PrivateFrameworks/Symbolication.framework/Versions/A/Symbolication
0x00000001a69af000 	/System/Library/PrivateFrameworks/MallocStackLogging.framework/Versions/A/MallocStackLogging
0x000000013ffe4000 	/Library/Java/JavaVirtualMachines/javafx-sdk-17/lib/libjavafx_font.dylib
0x00000001924ca000 	/System/Library/PrivateFrameworks/login.framework/Versions/A/login
0x00000002055e5000 	/usr/lib/libRosetta.dylib


VM Arguments:
jvm_args: --module-path=/Library/Java/JavaVirtualMachines/javafx-sdk-17/lib --add-modules=javafx.controls -Djava.library.path=/Library/Java/JavaVirtualMachines/javafx-sdk-17/lib -javaagent:/Applications/IntelliJ IDEA.app/Contents/lib/idea_rt.jar=49720:/Applications/IntelliJ IDEA.app/Contents/bin -Dfile.encoding=UTF-8 
java_command: pt.isec.pa.ex29_v2.Main
java_class_path (initial): /Users/rubensantos/Desktop/Java/ex29_v2/out/production/ex29_v2:/Library/Java/JavaVirtualMachines/javafx-sdk-17/lib/javafx-swt.jar:/Library/Java/JavaVirtualMachines/javafx-sdk-17/lib/javafx.web.jar:/Library/Java/JavaVirtualMachines/javafx-sdk-17/lib/javafx.base.jar:/Library/Java/JavaVirtualMachines/javafx-sdk-17/lib/javafx.fxml.jar:/Library/Java/JavaVirtualMachines/javafx-sdk-17/lib/javafx.media.jar:/Library/Java/JavaVirtualMachines/javafx-sdk-17/lib/javafx.swing.jar:/Library/Java/JavaVirtualMachines/javafx-sdk-17/lib/javafx.controls.jar:/Library/Java/JavaVirtualMachines/javafx-sdk-17/lib/javafx.graphics.jar
Launcher Type: SUN_STANDARD

[Global flags]
     intx CICompilerCount                          = 4                                         {product} {ergonomic}
     uint ConcGCThreads                            = 2                                         {product} {ergonomic}
     uint G1ConcRefinementThreads                  = 9                                         {product} {ergonomic}
   size_t G1HeapRegionSize                         = 2097152                                   {product} {ergonomic}
    uintx GCDrainStackTargetSize                   = 64                                        {product} {ergonomic}
   size_t InitialHeapSize                          = 268435456                                 {product} {ergonomic}
   size_t MarkStackSize                            = 4194304                                   {product} {ergonomic}
   size_t MaxHeapSize                              = 4294967296                                {product} {ergonomic}
   size_t MaxNewSize                               = 2575302656                                {product} {ergonomic}
   size_t MinHeapDeltaBytes                        = 2097152                                   {product} {ergonomic}
   size_t MinHeapSize                              = 8388608                                   {product} {ergonomic}
    uintx NonNMethodCodeHeapSize                   = 5839564                                {pd product} {ergonomic}
    uintx NonProfiledCodeHeapSize                  = 122909338                              {pd product} {ergonomic}
    uintx ProfiledCodeHeapSize                     = 122909338                              {pd product} {ergonomic}
    uintx ReservedCodeCacheSize                    = 251658240                              {pd product} {ergonomic}
     bool SegmentedCodeCache                       = true                                      {product} {ergonomic}
   size_t SoftMaxHeapSize                          = 4294967296                             {manageable} {ergonomic}
     bool UseCompressedClassPointers               = true                           {product lp64_product} {ergonomic}
     bool UseCompressedOops                        = true                           {product lp64_product} {ergonomic}
     bool UseG1GC                                  = true                                      {product} {ergonomic}
     bool UseNUMA                                  = false                                     {product} {ergonomic}
     bool UseNUMAInterleaving                      = false                                     {product} {ergonomic}

Logging:
Log output configuration:
 #0: stdout all=warning uptime,level,tags
 #1: stderr all=off uptime,level,tags

Environment Variables:
PATH=/opt/homebrew/bin:/opt/homebrew/sbin:/usr/local/bin:/usr/bin:/bin:/usr/sbin:/sbin
SHELL=/bin/zsh
LC_CTYPE=pt_PT.UTF-8

Signal Handlers:
   SIGSEGV: _ZL13crash_handleriP9__siginfoPv in libjvm.dylib, mask=11100110000111110111111111111111, flags=SA_RESTART|SA_SIGINFO
    SIGBUS: _ZL13crash_handleriP9__siginfoPv in libjvm.dylib, mask=11100110000111110111111111111111, flags=SA_RESTART|SA_SIGINFO
    SIGFPE: _ZL13crash_handleriP9__siginfoPv in libjvm.dylib, mask=11100110000111110111111111111111, flags=SA_RESTART|SA_SIGINFO
   SIGPIPE: _ZL17javaSignalHandleriP9__siginfoPv in libjvm.dylib, mask=11100110000111110111111111111111, flags=SA_RESTART|SA_SIGINFO
   SIGXFSZ: _ZL17javaSignalHandleriP9__siginfoPv in libjvm.dylib, mask=11100110000111110111111111111111, flags=SA_RESTART|SA_SIGINFO
    SIGILL: _ZL13crash_handleriP9__siginfoPv in libjvm.dylib, mask=11100110000111110111111111111111, flags=SA_RESTART|SA_SIGINFO
   SIGUSR2: _ZL10SR_handleriP9__siginfoP17__darwin_ucontext in libjvm.dylib, mask=00100000000000000000000000000000, flags=SA_RESTART|SA_SIGINFO
    SIGHUP: _ZL11UserHandleriPvS_ in libjvm.dylib, mask=11100110000111110111111111111111, flags=SA_RESTART|SA_SIGINFO
    SIGINT: _ZL11UserHandleriPvS_ in libjvm.dylib, mask=11100110000111110111111111111111, flags=SA_RESTART|SA_SIGINFO
   SIGTERM: _ZL11UserHandleriPvS_ in libjvm.dylib, mask=11100110000111110111111111111111, flags=SA_RESTART|SA_SIGINFO
   SIGQUIT: _ZL11UserHandleriPvS_ in libjvm.dylib, mask=11100110000111110111111111111111, flags=SA_RESTART|SA_SIGINFO
  *** Handler was modified!
  *** Expected: _ZL17javaSignalHandleriP9__siginfoPv in libjvm.dylib, mask=11100110100111111111111111111111, flags=SA_RESTART|SA_SIGINFO
   SIGTRAP: _ZL13crash_handleriP9__siginfoPv in libjvm.dylib, mask=11100110000111110111111111111111, flags=SA_RESTART|SA_SIGINFO


---------------  S Y S T E M  ---------------

OS:
uname: Darwin 21.4.0 Darwin Kernel Version 21.4.0: Fri Mar 18 00:46:32 PDT 2022; root:xnu-8020.101.4~15/RELEASE_ARM64_T6000 arm64
OS uptime: 0 days 1:35 hours
rlimit (soft/hard): STACK 8176k/65520k , CORE 0k/infinity , NPROC 2666/4000 , NOFILE 10240/infinity , AS infinity/infinity , CPU infinity/infinity , DATA infinity/infinity , FSIZE infinity/infinity , MEMLOCK infinity/infinity , RSS infinity/infinity
load average: 3.30 2.82 2.34

CPU: total 10 (initial active 10) 0x61:0x0:0x1b588bb3:0, fp, simd, crc, lse

Memory: 16k page, physical 16777216k(66368k free), swap 0k(0k free)

vm_info: OpenJDK 64-Bit Server VM (17.0.3+6-LTS) for bsd-aarch64 JRE (17.0.3+6-LTS), built on Apr 16 2022 17:14:31 by "jenkins" with clang Apple LLVM 13.0.0 (clang-1300.0.29.30)

END.
