#
# A fatal error has been detected by the Java Runtime Environment:
#
#  SIGBUS (0xa) at pc=0x000000010e02d4f0, pid=1515, tid=34315
#
# JRE version: OpenJDK Runtime Environment Temurin-17.0.2+8 (17.0.2+8) (build 17.0.2+8)
# Java VM: OpenJDK 64-Bit Server VM Temurin-17.0.2+8 (17.0.2+8, mixed mode, tiered, compressed oops, compressed class ptrs, g1 gc, bsd-aarch64)
# Problematic frame:
# v  ~StubRoutines::SafeFetchN
#
# No core dump will be written. Core dumps have been disabled. To enable core dumping, try "ulimit -c unlimited" before starting Java again
#
# If you would like to submit a bug report, please visit:
#   https://github.com/adoptium/adoptium-support/issues
# The crash happened outside the Java Virtual Machine in native code.
# See problematic frame for where to report the bug.
#

---------------  S U M M A R Y ------------

Command Line: --module-path=/Library/Java/JavaVirtualMachines/javafx-sdk-17/lib --add-modules=javafx.controls -Djava.library.path=/Library/Java/JavaVirtualMachines/javafx-sdk-17/lib -javaagent:/Applications/IntelliJ IDEA.app/Contents/lib/idea_rt.jar=49394:/Applications/IntelliJ IDEA.app/Contents/bin -Dfile.encoding=UTF-8 pt.isec.pa.ex29_v2.Main

Host: "MacBookPro18,3" arm64 1 MHz, 10 cores, 16G, Darwin 21.4.0, macOS 12.3.1 (21E258)
Time: Wed May 18 18:50:03 2022 WEST elapsed time: 2.274710 seconds (0d 0h 0m 2s)

---------------  T H R E A D  ---------------

Current thread (0x000000013a914600):  JavaThread "InvokeLaterDispatcher" daemon [_thread_in_native, id=34315, stack(0x000000016eccc000,0x000000016eecf000)]

Stack: [0x000000016eccc000,0x000000016eecf000],  sp=0x000000016eece780,  free space=2057k
Native frames: (J=compiled Java code, j=interpreted, Vv=VM code, C=native code)
v  ~StubRoutines::SafeFetchN
V  [libjvm.dylib+0x7ba2dc]  _ZN10OopStorage7releaseEPKP7oopDesc+0x20
V  [libjvm.dylib+0x4c5750]  jni_DeleteGlobalRef+0xd8
C  [libglass.dylib+0xab08]  -[GlassRunnable dealloc]+0x34
C  [Foundation+0x85618]  -[_NSThreadPerformInfo dealloc]+0x30
C  [Foundation+0x5198c]  -[NSObject(NSThreadPerformAdditions) performSelectorOnMainThread:withObject:waitUntilDone:]+0x88
C  0xd97f80010e0358ac
j  com.sun.glass.ui.mac.MacApplication.submitForLaterInvocation(Ljava/lang/Runnable;)V+2 javafx.graphics
j  com.sun.glass.ui.InvokeLaterDispatcher.run()V+82 javafx.graphics
v  ~StubRoutines::call_stub
V  [libjvm.dylib+0x46a8f0]  _ZN9JavaCalls11call_helperEP9JavaValueRK12methodHandleP17JavaCallArgumentsP10JavaThread+0x38c
V  [libjvm.dylib+0x46990c]  _ZN9JavaCalls12call_virtualEP9JavaValueP5KlassP6SymbolS5_P17JavaCallArgumentsP10JavaThread+0x11c
V  [libjvm.dylib+0x4699d8]  _ZN9JavaCalls12call_virtualEP9JavaValue6HandleP5KlassP6SymbolS6_P10JavaThread+0x64
V  [libjvm.dylib+0x521e64]  _ZL12thread_entryP10JavaThreadS0_+0xc4
V  [libjvm.dylib+0x99aac0]  _ZN10JavaThread17thread_main_innerEv+0x13c
V  [libjvm.dylib+0x99919c]  _ZN6Thread8call_runEv+0x128
V  [libjvm.dylib+0x7c1124]  _ZL19thread_native_entryP6Thread+0x158
C  [libsystem_pthread.dylib+0x726c]  _pthread_start+0x94

Java frames: (J=compiled Java code, j=interpreted, Vv=VM code)
j  com.sun.glass.ui.mac.MacApplication._submitForLaterInvocation(Ljava/lang/Runnable;)V+0 javafx.graphics
j  com.sun.glass.ui.mac.MacApplication.submitForLaterInvocation(Ljava/lang/Runnable;)V+2 javafx.graphics
j  com.sun.glass.ui.InvokeLaterDispatcher.run()V+82 javafx.graphics
v  ~StubRoutines::call_stub

siginfo: si_signo: 10 (SIGBUS), si_code: 1 (BUS_ADRALN), si_addr: 0x000000010e02d4f0

Register to memory mapping:

 x0=0x0000000129f07348 is a global jni handle
 x1=0x0 is NULL
 x2=0x000000070f5e3300 is an oop: com.sun.glass.ui.InvokeLaterDispatcher$Future 
{0x000000070f5e3300} - klass: 'com/sun/glass/ui/InvokeLaterDispatcher$Future'
 - ---- fields (total size 3 words):
 - private 'done' 'Z' @12  true
 - private final 'runnable' 'Ljava/lang/Runnable;' @16  a 'com/sun/javafx/application/PlatformImpl$$Lambda$103+0x00000008001054b8'{0x000000070f2113c0} (e1e42278)
 - final synthetic 'this$0' 'Lcom/sun/glass/ui/InvokeLaterDispatcher;' @20  a 'com/sun/glass/ui/InvokeLaterDispatcher'{0x000000070e80c318} (e1d01863)
 x3=0x0 is NULL
 x4=0x00000000000130a8 is an unknown value
 x5=0x0 is NULL
 x6=0x0 is NULL
 x7=0x0000000000000001 is an unknown value
 x8=0x000000010e02d4ec is at begin+0 in a stub
StubRoutines::SafeFetchN [0x000000010e02d4ec, 0x000000010e02d4f8] (12 bytes)
 x9=0x0 is NULL
x10=0x2010000030300000 is an unknown value
x11=0x0000000000000007 is an unknown value
x12=0x0000000000000004 is an unknown value
x13=0x000060000005c310 points into unknown readable memory: 0xfa60800186517c40 | 40 7c 51 86 01 80 60 fa
x14=0x0000010000000000 is an unknown value
x15=0x0000000129ac1f98: OBJC_CLASS_$_GlassRunnable+0 in /Library/Java/JavaVirtualMachines/javafx-sdk-17/lib/libglass.dylib at 0x0000000129a7c000
x16=0x00000001866810fc: pthread_getspecific+0 in /usr/lib/system/libsystem_pthread.dylib at 0x000000018667f000
x17=0x0000600000a47000 points into unknown readable memory: 0xfffffffffffffffe | fe ff ff ff ff ff ff ff
x18=0x0 is NULL
x19=0x0000600000550690 points into unknown readable memory: 0x0000600002c78470 | 70 84 c7 02 00 60 00 00
x20=0x0000000129f07140 points into unknown readable memory: 0xa546b72c15318d4b | 4b 8d 31 15 2c b7 46 a5
x21=0x0000000129f07348 is a global jni handle
x22=0x000000013a914600 is a thread
x23=0x0000000000000001 is an unknown value
x24=0x0000000129f07300 is a global jni handle
x25=0x000000010621fa08: _ZN12StubRoutines17_safefetchN_entryE+0 in /Library/Java/JavaVirtualMachines/temurin-17.jdk/Contents/Home/lib/server/libjvm.dylib at 0x00000001055c4000
x26=0x000000012f033128 is pointing into metadata
x27=0x0 is NULL
x28=0x000000013a914600 is a thread


Registers:
 x0=0x0000000129f07348  x1=0x0000000000000000  x2=0x000000070f5e3300  x3=0x0000000000000000
 x4=0x00000000000130a8  x5=0x0000000000000000  x6=0x0000000000000000  x7=0x0000000000000001
 x8=0x000000010e02d4ec  x9=0x0000000000000000 x10=0x2010000030300000 x11=0x0000000000000007
x12=0x0000000000000004 x13=0x000060000005c310 x14=0x0000010000000000 x15=0x0000000129ac1f98
x16=0x00000001866810fc x17=0x0000600000a47000 x18=0x0000000000000000 x19=0x0000600000550690
x20=0x0000000129f07140 x21=0x0000000129f07348 x22=0x000000013a914600 x23=0x0000000000000001
x24=0x0000000129f07300 x25=0x000000010621fa08 x26=0x000000012f033128 x27=0x0000000000000000
x28=0x000000013a914600  fp=0x000000016eece7c0  lr=0x0000000105d7d0ac  sp=0x000000016eece780
pc=0x000000010e02d4f0 cpsr=0x0000000060001000
Top of Stack: (sp=0x000000016eece780)
0x000000016eece780:   000000012f033128 0000000000000001
0x000000016eece790:   000000016eece988 0000000000000000
0x000000016eece7a0:   000000012c1d7ea8 0000000129f07330
0x000000016eece7b0:   0000000129f07330 0000600000550690
0x000000016eece7c0:   000000016eece800 0000000105d7e2dc
0x000000016eece7d0:   0000000000000001 0000000129f07330
0x000000016eece7e0:   000000012c1d7ea8 0000000129f07330
0x000000016eece7f0:   0000000000000001 000000012c1d7c00
0x000000016eece800:   000000016eece840 0000000105a89750
0x000000016eece810:   000000016eece988 0000600002d64060
0x000000016eece820:   0000600002d64070 00000001d0746be0
0x000000016eece830:   0000000000000000 0000600002d64070
0x000000016eece840:   000000016eece870 0000000129a86b08
0x000000016eece850:   0ba114847c8900bc 0000000000000000
0x000000016eece860:   0000000000000000 0000600003bdc000
0x000000016eece870:   000000016eece8b0 000000018764e618
0x000000016eece880:   000000016eece988 0000600002d64060
0x000000016eece890:   0000600002d64070 0ba114847c8900bc
0x000000016eece8a0:   0000000000000000 0000000000000000
0x000000016eece8b0:   000000016eece8f0 4e0280018761a98c
0x000000016eece8c0:   000000016eece988 000000010e0347c0
0x000000016eece8d0:   0000000000000000 00000001062273c8
0x000000016eece8e0:   000000016eece900 000000010e033730
0x000000016eece8f0:   000000016eece960 d97f80010e0358ac
0x000000016eece900:   000000016eece968 000000012f11a258
0x000000016eece910:   000000016eece910 0000000000000000
0x000000016eece920:   000000016eece988 000000012f033128
0x000000016eece930:   000000070e820988 0000000000000000
0x000000016eece940:   0000000000000000 000000012f008960
0x000000016eece950:   0000000000000000 000000016eece960
0x000000016eece960:   000000016eece9e0 000000010e031fc8
0x000000016eece970:   0000000000000000 0000000000000000 

Instructions: (pc=0x000000010e02d4f0)
0x000000010e02d3f0:   f2a0c3c9 f2c00029 6d425935 1e640886
0x000000010e02d400:   0c402d31 1e6408c7 1f5654d0 1e6c1017
0x000000010e02d410:   1f5050d0 1f504cd0 1f5048d0 1e650af6
0x000000010e02d420:   1f50d8f6 1f5694d6 1f5158f6 1e762880
0x000000010e02d430:   36000501 1e614000 14000026 2e251ca5
0x000000010e02d440:   d2983009 f2a0c3c9 f2c00029 6d425d36
0x000000010e02d450:   1e600806 0c402d32 1f5758c7 1e6c101a
0x000000010e02d460:   1f4754c7 1e650805 1f4750c7 d2866668
0x000000010e02d470:   f2a7fa68 1f474cc7 1e6608c0 1f4748c7
0x000000010e02d480:   1e6e1019 eb08007f 540000ac 1f479400
0x000000010e02d490:   1f460340 1e603b20 1400000e d2a7fd29
0x000000010e02d4a0:   eb09007f 540000ac 51480069 d3607d29
0x000000010e02d4b0:   9e670121 14000002 1e6a5001 1f679417
0x000000010e02d4c0:   1f668742 1e613b23 1e773857 1e773860
0x000000010e02d4d0:   a8c17ff3 910003bf a8c17bfd d65f03c0
0x000000010e02d4e0:   b9400001 aa0103e0 d65f03c0 f9400001
0x000000010e02d4f0:   aa0103e0 d65f03c0 00000000 00000000
0x000000010e02d500:   00000000 00000000 00000000 00000000
0x000000010e02d510:   00000000 00000000 00000000 00000000
0x000000010e02d520:   00000000 00000000 00000000 00000000
0x000000010e02d530:   00000000 00000000 00000000 00000000
0x000000010e02d540:   00000000 00000000 00000000 00000000
0x000000010e02d550:   00000000 00000000 00000000 00000000
0x000000010e02d560:   00000000 00000000 00000000 00000000
0x000000010e02d570:   00000000 00000000 00000000 00000000
0x000000010e02d580:   00000000 00000000 00000000 00000000
0x000000010e02d590:   00000000 00000000 00000000 00000000
0x000000010e02d5a0:   00000000 00000000 00000000 00000000
0x000000010e02d5b0:   00000000 00000000 00000000 00000000
0x000000010e02d5c0:   00000000 00000000 00000000 00000000
0x000000010e02d5d0:   00000000 00000000 00000000 00000000
0x000000010e02d5e0:   00000000 00000000 00000000 00000000 


Stack slot to memory mapping:
stack at sp + 0 slots: 0x000000012f033128 is pointing into metadata
stack at sp + 1 slots: 0x0000000000000001 is an unknown value
stack at sp + 2 slots: 0x000000016eece988 is pointing into the stack for thread: 0x000000013a914600
stack at sp + 3 slots: 0x0 is NULL
stack at sp + 4 slots: 0x000000012c1d7ea8 points into unknown readable memory: 0x00000001061da888 | 88 a8 1d 06 01 00 00 00
stack at sp + 5 slots: 0x0000000129f07330 is a global jni handle
stack at sp + 6 slots: 0x0000000129f07330 is a global jni handle
stack at sp + 7 slots: 0x0000600000550690 points into unknown readable memory: 0x0000600002c78470 | 70 84 c7 02 00 60 00 00

StubRoutines::SafeFetchN [0x000000010e02d4ec, 0x000000010e02d4f8] (12 bytes)
[MachCode]
  0x000000010e02d4ec: 0100 40f9 | e003 01aa | c003 5fd6 
[/MachCode]

---------------  P R O C E S S  ---------------

Threads class SMR info:
_java_thread_list=0x0000600002ee3ce0, length=18, elements={
0x000000013b008c00, 0x000000013b072a00, 0x000000013b075200, 0x00000001288aea00,
0x00000001288afe00, 0x000000013a00fa00, 0x000000013a012a00, 0x00000001288b0400,
0x00000001288c2e00, 0x000000012c820200, 0x000000012e121e00, 0x000000012c083a00,
0x000000012d1d0e00, 0x000000013b00e200, 0x000000013a914600, 0x000000012c1d7c00,
0x000000012c22a800, 0x00000001288ba800
}

Java Threads: ( => current thread )
  0x000000013b008c00 JavaThread "main" [_thread_blocked, id=6147, stack(0x000000016bca0000,0x000000016bea3000)]
  0x000000013b072a00 JavaThread "Reference Handler" daemon [_thread_blocked, id=14595, stack(0x000000016caf4000,0x000000016ccf7000)]
  0x000000013b075200 JavaThread "Finalizer" daemon [_thread_blocked, id=14851, stack(0x000000016cd00000,0x000000016cf03000)]
  0x00000001288aea00 JavaThread "Signal Dispatcher" daemon [_thread_blocked, id=41987, stack(0x000000016d024000,0x000000016d227000)]
  0x00000001288afe00 JavaThread "Service Thread" daemon [_thread_blocked, id=22531, stack(0x000000016d230000,0x000000016d433000)]
  0x000000013a00fa00 JavaThread "Monitor Deflation Thread" daemon [_thread_blocked, id=22787, stack(0x000000016d43c000,0x000000016d63f000)]
  0x000000013a012a00 JavaThread "C2 CompilerThread0" daemon [_thread_blocked, id=23299, stack(0x000000016d648000,0x000000016d84b000)]
  0x00000001288b0400 JavaThread "C1 CompilerThread0" daemon [_thread_blocked, id=23811, stack(0x000000016d854000,0x000000016da57000)]
  0x00000001288c2e00 JavaThread "Sweeper thread" daemon [_thread_blocked, id=40963, stack(0x000000016da60000,0x000000016dc63000)]
  0x000000012c820200 JavaThread "Common-Cleaner" daemon [_thread_blocked, id=40451, stack(0x000000016dc6c000,0x000000016de6f000)]
  0x000000012e121e00 JavaThread "Monitor Ctrl-Break" daemon [_thread_in_native, id=24835, stack(0x000000016e290000,0x000000016e493000)]
  0x000000012c083a00 JavaThread "Notification Thread" daemon [_thread_blocked, id=39683, stack(0x000000016e49c000,0x000000016e69f000)]
  0x000000012d1d0e00 JavaThread "JavaFX-Launcher" [_thread_blocked, id=25859, stack(0x000000016e8b4000,0x000000016eab7000)]
  0x000000013b00e200 JavaThread "QuantumRenderer-0" daemon [_thread_blocked, id=26115, stack(0x000000016eac0000,0x000000016ecc3000)]
=>0x000000013a914600 JavaThread "InvokeLaterDispatcher" daemon [_thread_in_native, id=34315, stack(0x000000016eccc000,0x000000016eecf000)]
  0x000000012c1d7c00 JavaThread "JavaFX Application Thread" [_thread_in_native, id=259, stack(0x000000016b418000,0x000000016bc14000)]
  0x000000012c22a800 JavaThread "Attach Listener" daemon [_thread_blocked, id=54023, stack(0x000000016e084000,0x000000016e287000)]
  0x00000001288ba800 JavaThread "PulseTimer-CVDisplayLink thread" daemon [_thread_in_native, id=24327, stack(0x000000016de78000,0x000000016defb000)]

Other Threads:
  0x000000013b80c250 VMThread "VM Thread" [stack: 0x000000016c8e8000,0x000000016caeb000] [id=14339]
  0x0000000105304080 WatcherThread [stack: 0x000000016e6a8000,0x000000016e8ab000] [id=25603]
  0x000000013b8076e0 GCTaskThread "GC Thread#0" [stack: 0x000000016beac000,0x000000016c0af000] [id=19459]
  0x0000000129f160a0 GCTaskThread "GC Thread#1" [stack: 0x000000016f1fc000,0x000000016f3ff000] [id=55043]
  0x0000000129f16520 GCTaskThread "GC Thread#2" [stack: 0x000000016f408000,0x000000016f60b000] [id=55555]
  0x0000000139f0f160 GCTaskThread "GC Thread#3" [stack: 0x000000016f614000,0x000000016f817000] [id=56067]
  0x0000000139f11c50 GCTaskThread "GC Thread#4" [stack: 0x000000016f820000,0x000000016fa23000] [id=56579]
  0x0000000129e17820 GCTaskThread "GC Thread#5" [stack: 0x000000016fa2c000,0x000000016fc2f000] [id=56835]
  0x000000013b807d90 ConcurrentGCThread "G1 Main Marker" [stack: 0x000000016c0b8000,0x000000016c2bb000] [id=18947]
  0x0000000129f04080 ConcurrentGCThread "G1 Conc#0" [stack: 0x000000016c2c4000,0x000000016c4c7000] [id=12803]
  0x0000000129f061b0 ConcurrentGCThread "G1 Refine#0" [stack: 0x000000016c4d0000,0x000000016c6d3000] [id=18435]
  0x000000013b808750 ConcurrentGCThread "G1 Service" [stack: 0x000000016c6dc000,0x000000016c8df000] [id=18179]

Threads with active compile tasks:

VM state: not at safepoint (normal execution)

VM Mutex/Monitor currently owned by a thread: None

Heap address: 0x0000000700000000, size: 4096 MB, Compressed Oops mode: Zero based, Oop shift amount: 3

CDS archive(s) not mapped
Compressed class space mapped at: 0x0000000800000000-0x0000000840000000, reserved size: 1073741824
Narrow klass base: 0x0000000800000000, Narrow klass shift: 0, Narrow klass range: 0x40000000

GC Precious Log:
 CPUs: 10 total, 10 available
 Memory: 16384M
 Large Page Support: Disabled
 NUMA Support: Disabled
 Compressed Oops: Enabled (Zero based)
 Heap Region Size: 2M
 Heap Min Capacity: 8M
 Heap Initial Capacity: 256M
 Heap Max Capacity: 4G
 Pre-touch: Disabled
 Parallel Workers: 9
 Concurrent Workers: 2
 Concurrent Refinement Workers: 9
 Periodic GC: Disabled

Heap:
 garbage-first heap   total 262144K, used 14920K [0x0000000700000000, 0x0000000800000000)
  region size 2048K, 9 young (18432K), 2 survivors (4096K)
 Metaspace       used 15919K, committed 16128K, reserved 1064960K
  class space    used 1820K, committed 1920K, reserved 1048576K

Heap Regions: E=young(eden), S=young(survivor), O=old, HS=humongous(starts), HC=humongous(continues), CS=collection set, F=free, OA=open archive, CA=closed archive, TAMS=top-at-mark-start (previous, next)
|   0|0x0000000700000000, 0x0000000700000000, 0x0000000700200000|  0%| F|  |TAMS 0x0000000700000000, 0x0000000700000000| Untracked 
|   1|0x0000000700200000, 0x0000000700200000, 0x0000000700400000|  0%| F|  |TAMS 0x0000000700200000, 0x0000000700200000| Untracked 
|   2|0x0000000700400000, 0x0000000700400000, 0x0000000700600000|  0%| F|  |TAMS 0x0000000700400000, 0x0000000700400000| Untracked 
|   3|0x0000000700600000, 0x0000000700600000, 0x0000000700800000|  0%| F|  |TAMS 0x0000000700600000, 0x0000000700600000| Untracked 
|   4|0x0000000700800000, 0x0000000700800000, 0x0000000700a00000|  0%| F|  |TAMS 0x0000000700800000, 0x0000000700800000| Untracked 
|   5|0x0000000700a00000, 0x0000000700a00000, 0x0000000700c00000|  0%| F|  |TAMS 0x0000000700a00000, 0x0000000700a00000| Untracked 
|   6|0x0000000700c00000, 0x0000000700c00000, 0x0000000700e00000|  0%| F|  |TAMS 0x0000000700c00000, 0x0000000700c00000| Untracked 
|   7|0x0000000700e00000, 0x0000000700e00000, 0x0000000701000000|  0%| F|  |TAMS 0x0000000700e00000, 0x0000000700e00000| Untracked 
|   8|0x0000000701000000, 0x0000000701000000, 0x0000000701200000|  0%| F|  |TAMS 0x0000000701000000, 0x0000000701000000| Untracked 
|   9|0x0000000701200000, 0x0000000701200000, 0x0000000701400000|  0%| F|  |TAMS 0x0000000701200000, 0x0000000701200000| Untracked 
|  10|0x0000000701400000, 0x0000000701400000, 0x0000000701600000|  0%| F|  |TAMS 0x0000000701400000, 0x0000000701400000| Untracked 
|  11|0x0000000701600000, 0x0000000701600000, 0x0000000701800000|  0%| F|  |TAMS 0x0000000701600000, 0x0000000701600000| Untracked 
|  12|0x0000000701800000, 0x0000000701800000, 0x0000000701a00000|  0%| F|  |TAMS 0x0000000701800000, 0x0000000701800000| Untracked 
|  13|0x0000000701a00000, 0x0000000701a00000, 0x0000000701c00000|  0%| F|  |TAMS 0x0000000701a00000, 0x0000000701a00000| Untracked 
|  14|0x0000000701c00000, 0x0000000701c00000, 0x0000000701e00000|  0%| F|  |TAMS 0x0000000701c00000, 0x0000000701c00000| Untracked 
|  15|0x0000000701e00000, 0x0000000701e00000, 0x0000000702000000|  0%| F|  |TAMS 0x0000000701e00000, 0x0000000701e00000| Untracked 
|  16|0x0000000702000000, 0x0000000702000000, 0x0000000702200000|  0%| F|  |TAMS 0x0000000702000000, 0x0000000702000000| Untracked 
|  17|0x0000000702200000, 0x0000000702200000, 0x0000000702400000|  0%| F|  |TAMS 0x0000000702200000, 0x0000000702200000| Untracked 
|  18|0x0000000702400000, 0x0000000702400000, 0x0000000702600000|  0%| F|  |TAMS 0x0000000702400000, 0x0000000702400000| Untracked 
|  19|0x0000000702600000, 0x0000000702600000, 0x0000000702800000|  0%| F|  |TAMS 0x0000000702600000, 0x0000000702600000| Untracked 
|  20|0x0000000702800000, 0x0000000702800000, 0x0000000702a00000|  0%| F|  |TAMS 0x0000000702800000, 0x0000000702800000| Untracked 
|  21|0x0000000702a00000, 0x0000000702a00000, 0x0000000702c00000|  0%| F|  |TAMS 0x0000000702a00000, 0x0000000702a00000| Untracked 
|  22|0x0000000702c00000, 0x0000000702c00000, 0x0000000702e00000|  0%| F|  |TAMS 0x0000000702c00000, 0x0000000702c00000| Untracked 
|  23|0x0000000702e00000, 0x0000000702e00000, 0x0000000703000000|  0%| F|  |TAMS 0x0000000702e00000, 0x0000000702e00000| Untracked 
|  24|0x0000000703000000, 0x0000000703000000, 0x0000000703200000|  0%| F|  |TAMS 0x0000000703000000, 0x0000000703000000| Untracked 
|  25|0x0000000703200000, 0x0000000703200000, 0x0000000703400000|  0%| F|  |TAMS 0x0000000703200000, 0x0000000703200000| Untracked 
|  26|0x0000000703400000, 0x0000000703400000, 0x0000000703600000|  0%| F|  |TAMS 0x0000000703400000, 0x0000000703400000| Untracked 
|  27|0x0000000703600000, 0x0000000703600000, 0x0000000703800000|  0%| F|  |TAMS 0x0000000703600000, 0x0000000703600000| Untracked 
|  28|0x0000000703800000, 0x0000000703800000, 0x0000000703a00000|  0%| F|  |TAMS 0x0000000703800000, 0x0000000703800000| Untracked 
|  29|0x0000000703a00000, 0x0000000703a00000, 0x0000000703c00000|  0%| F|  |TAMS 0x0000000703a00000, 0x0000000703a00000| Untracked 
|  30|0x0000000703c00000, 0x0000000703c00000, 0x0000000703e00000|  0%| F|  |TAMS 0x0000000703c00000, 0x0000000703c00000| Untracked 
|  31|0x0000000703e00000, 0x0000000703e00000, 0x0000000704000000|  0%| F|  |TAMS 0x0000000703e00000, 0x0000000703e00000| Untracked 
|  32|0x0000000704000000, 0x0000000704000000, 0x0000000704200000|  0%| F|  |TAMS 0x0000000704000000, 0x0000000704000000| Untracked 
|  33|0x0000000704200000, 0x0000000704200000, 0x0000000704400000|  0%| F|  |TAMS 0x0000000704200000, 0x0000000704200000| Untracked 
|  34|0x0000000704400000, 0x0000000704400000, 0x0000000704600000|  0%| F|  |TAMS 0x0000000704400000, 0x0000000704400000| Untracked 
|  35|0x0000000704600000, 0x0000000704600000, 0x0000000704800000|  0%| F|  |TAMS 0x0000000704600000, 0x0000000704600000| Untracked 
|  36|0x0000000704800000, 0x0000000704800000, 0x0000000704a00000|  0%| F|  |TAMS 0x0000000704800000, 0x0000000704800000| Untracked 
|  37|0x0000000704a00000, 0x0000000704a00000, 0x0000000704c00000|  0%| F|  |TAMS 0x0000000704a00000, 0x0000000704a00000| Untracked 
|  38|0x0000000704c00000, 0x0000000704c00000, 0x0000000704e00000|  0%| F|  |TAMS 0x0000000704c00000, 0x0000000704c00000| Untracked 
|  39|0x0000000704e00000, 0x0000000704e00000, 0x0000000705000000|  0%| F|  |TAMS 0x0000000704e00000, 0x0000000704e00000| Untracked 
|  40|0x0000000705000000, 0x0000000705000000, 0x0000000705200000|  0%| F|  |TAMS 0x0000000705000000, 0x0000000705000000| Untracked 
|  41|0x0000000705200000, 0x0000000705200000, 0x0000000705400000|  0%| F|  |TAMS 0x0000000705200000, 0x0000000705200000| Untracked 
|  42|0x0000000705400000, 0x0000000705400000, 0x0000000705600000|  0%| F|  |TAMS 0x0000000705400000, 0x0000000705400000| Untracked 
|  43|0x0000000705600000, 0x0000000705600000, 0x0000000705800000|  0%| F|  |TAMS 0x0000000705600000, 0x0000000705600000| Untracked 
|  44|0x0000000705800000, 0x0000000705800000, 0x0000000705a00000|  0%| F|  |TAMS 0x0000000705800000, 0x0000000705800000| Untracked 
|  45|0x0000000705a00000, 0x0000000705a00000, 0x0000000705c00000|  0%| F|  |TAMS 0x0000000705a00000, 0x0000000705a00000| Untracked 
|  46|0x0000000705c00000, 0x0000000705c00000, 0x0000000705e00000|  0%| F|  |TAMS 0x0000000705c00000, 0x0000000705c00000| Untracked 
|  47|0x0000000705e00000, 0x0000000705e00000, 0x0000000706000000|  0%| F|  |TAMS 0x0000000705e00000, 0x0000000705e00000| Untracked 
|  48|0x0000000706000000, 0x0000000706000000, 0x0000000706200000|  0%| F|  |TAMS 0x0000000706000000, 0x0000000706000000| Untracked 
|  49|0x0000000706200000, 0x0000000706200000, 0x0000000706400000|  0%| F|  |TAMS 0x0000000706200000, 0x0000000706200000| Untracked 
|  50|0x0000000706400000, 0x0000000706400000, 0x0000000706600000|  0%| F|  |TAMS 0x0000000706400000, 0x0000000706400000| Untracked 
|  51|0x0000000706600000, 0x0000000706600000, 0x0000000706800000|  0%| F|  |TAMS 0x0000000706600000, 0x0000000706600000| Untracked 
|  52|0x0000000706800000, 0x0000000706800000, 0x0000000706a00000|  0%| F|  |TAMS 0x0000000706800000, 0x0000000706800000| Untracked 
|  53|0x0000000706a00000, 0x0000000706a00000, 0x0000000706c00000|  0%| F|  |TAMS 0x0000000706a00000, 0x0000000706a00000| Untracked 
|  54|0x0000000706c00000, 0x0000000706c00000, 0x0000000706e00000|  0%| F|  |TAMS 0x0000000706c00000, 0x0000000706c00000| Untracked 
|  55|0x0000000706e00000, 0x0000000706e00000, 0x0000000707000000|  0%| F|  |TAMS 0x0000000706e00000, 0x0000000706e00000| Untracked 
|  56|0x0000000707000000, 0x0000000707000000, 0x0000000707200000|  0%| F|  |TAMS 0x0000000707000000, 0x0000000707000000| Untracked 
|  57|0x0000000707200000, 0x0000000707200000, 0x0000000707400000|  0%| F|  |TAMS 0x0000000707200000, 0x0000000707200000| Untracked 
|  58|0x0000000707400000, 0x0000000707400000, 0x0000000707600000|  0%| F|  |TAMS 0x0000000707400000, 0x0000000707400000| Untracked 
|  59|0x0000000707600000, 0x0000000707600000, 0x0000000707800000|  0%| F|  |TAMS 0x0000000707600000, 0x0000000707600000| Untracked 
|  60|0x0000000707800000, 0x0000000707800000, 0x0000000707a00000|  0%| F|  |TAMS 0x0000000707800000, 0x0000000707800000| Untracked 
|  61|0x0000000707a00000, 0x0000000707a00000, 0x0000000707c00000|  0%| F|  |TAMS 0x0000000707a00000, 0x0000000707a00000| Untracked 
|  62|0x0000000707c00000, 0x0000000707c00000, 0x0000000707e00000|  0%| F|  |TAMS 0x0000000707c00000, 0x0000000707c00000| Untracked 
|  63|0x0000000707e00000, 0x0000000707e00000, 0x0000000708000000|  0%| F|  |TAMS 0x0000000707e00000, 0x0000000707e00000| Untracked 
|  64|0x0000000708000000, 0x0000000708000000, 0x0000000708200000|  0%| F|  |TAMS 0x0000000708000000, 0x0000000708000000| Untracked 
|  65|0x0000000708200000, 0x0000000708200000, 0x0000000708400000|  0%| F|  |TAMS 0x0000000708200000, 0x0000000708200000| Untracked 
|  66|0x0000000708400000, 0x0000000708400000, 0x0000000708600000|  0%| F|  |TAMS 0x0000000708400000, 0x0000000708400000| Untracked 
|  67|0x0000000708600000, 0x0000000708600000, 0x0000000708800000|  0%| F|  |TAMS 0x0000000708600000, 0x0000000708600000| Untracked 
|  68|0x0000000708800000, 0x0000000708800000, 0x0000000708a00000|  0%| F|  |TAMS 0x0000000708800000, 0x0000000708800000| Untracked 
|  69|0x0000000708a00000, 0x0000000708a00000, 0x0000000708c00000|  0%| F|  |TAMS 0x0000000708a00000, 0x0000000708a00000| Untracked 
|  70|0x0000000708c00000, 0x0000000708c00000, 0x0000000708e00000|  0%| F|  |TAMS 0x0000000708c00000, 0x0000000708c00000| Untracked 
|  71|0x0000000708e00000, 0x0000000708e00000, 0x0000000709000000|  0%| F|  |TAMS 0x0000000708e00000, 0x0000000708e00000| Untracked 
|  72|0x0000000709000000, 0x0000000709000000, 0x0000000709200000|  0%| F|  |TAMS 0x0000000709000000, 0x0000000709000000| Untracked 
|  73|0x0000000709200000, 0x0000000709200000, 0x0000000709400000|  0%| F|  |TAMS 0x0000000709200000, 0x0000000709200000| Untracked 
|  74|0x0000000709400000, 0x0000000709400000, 0x0000000709600000|  0%| F|  |TAMS 0x0000000709400000, 0x0000000709400000| Untracked 
|  75|0x0000000709600000, 0x0000000709600000, 0x0000000709800000|  0%| F|  |TAMS 0x0000000709600000, 0x0000000709600000| Untracked 
|  76|0x0000000709800000, 0x0000000709800000, 0x0000000709a00000|  0%| F|  |TAMS 0x0000000709800000, 0x0000000709800000| Untracked 
|  77|0x0000000709a00000, 0x0000000709a00000, 0x0000000709c00000|  0%| F|  |TAMS 0x0000000709a00000, 0x0000000709a00000| Untracked 
|  78|0x0000000709c00000, 0x0000000709c00000, 0x0000000709e00000|  0%| F|  |TAMS 0x0000000709c00000, 0x0000000709c00000| Untracked 
|  79|0x0000000709e00000, 0x0000000709e00000, 0x000000070a000000|  0%| F|  |TAMS 0x0000000709e00000, 0x0000000709e00000| Untracked 
|  80|0x000000070a000000, 0x000000070a000000, 0x000000070a200000|  0%| F|  |TAMS 0x000000070a000000, 0x000000070a000000| Untracked 
|  81|0x000000070a200000, 0x000000070a200000, 0x000000070a400000|  0%| F|  |TAMS 0x000000070a200000, 0x000000070a200000| Untracked 
|  82|0x000000070a400000, 0x000000070a400000, 0x000000070a600000|  0%| F|  |TAMS 0x000000070a400000, 0x000000070a400000| Untracked 
|  83|0x000000070a600000, 0x000000070a600000, 0x000000070a800000|  0%| F|  |TAMS 0x000000070a600000, 0x000000070a600000| Untracked 
|  84|0x000000070a800000, 0x000000070a800000, 0x000000070aa00000|  0%| F|  |TAMS 0x000000070a800000, 0x000000070a800000| Untracked 
|  85|0x000000070aa00000, 0x000000070aa00000, 0x000000070ac00000|  0%| F|  |TAMS 0x000000070aa00000, 0x000000070aa00000| Untracked 
|  86|0x000000070ac00000, 0x000000070ac00000, 0x000000070ae00000|  0%| F|  |TAMS 0x000000070ac00000, 0x000000070ac00000| Untracked 
|  87|0x000000070ae00000, 0x000000070ae00000, 0x000000070b000000|  0%| F|  |TAMS 0x000000070ae00000, 0x000000070ae00000| Untracked 
|  88|0x000000070b000000, 0x000000070b000000, 0x000000070b200000|  0%| F|  |TAMS 0x000000070b000000, 0x000000070b000000| Untracked 
|  89|0x000000070b200000, 0x000000070b200000, 0x000000070b400000|  0%| F|  |TAMS 0x000000070b200000, 0x000000070b200000| Untracked 
|  90|0x000000070b400000, 0x000000070b400000, 0x000000070b600000|  0%| F|  |TAMS 0x000000070b400000, 0x000000070b400000| Untracked 
|  91|0x000000070b600000, 0x000000070b600000, 0x000000070b800000|  0%| F|  |TAMS 0x000000070b600000, 0x000000070b600000| Untracked 
|  92|0x000000070b800000, 0x000000070b800000, 0x000000070ba00000|  0%| F|  |TAMS 0x000000070b800000, 0x000000070b800000| Untracked 
|  93|0x000000070ba00000, 0x000000070ba00000, 0x000000070bc00000|  0%| F|  |TAMS 0x000000070ba00000, 0x000000070ba00000| Untracked 
|  94|0x000000070bc00000, 0x000000070bc00000, 0x000000070be00000|  0%| F|  |TAMS 0x000000070bc00000, 0x000000070bc00000| Untracked 
|  95|0x000000070be00000, 0x000000070be00000, 0x000000070c000000|  0%| F|  |TAMS 0x000000070be00000, 0x000000070be00000| Untracked 
|  96|0x000000070c000000, 0x000000070c000000, 0x000000070c200000|  0%| F|  |TAMS 0x000000070c000000, 0x000000070c000000| Untracked 
|  97|0x000000070c200000, 0x000000070c200000, 0x000000070c400000|  0%| F|  |TAMS 0x000000070c200000, 0x000000070c200000| Untracked 
|  98|0x000000070c400000, 0x000000070c400000, 0x000000070c600000|  0%| F|  |TAMS 0x000000070c400000, 0x000000070c400000| Untracked 
|  99|0x000000070c600000, 0x000000070c600000, 0x000000070c800000|  0%| F|  |TAMS 0x000000070c600000, 0x000000070c600000| Untracked 
| 100|0x000000070c800000, 0x000000070c800000, 0x000000070ca00000|  0%| F|  |TAMS 0x000000070c800000, 0x000000070c800000| Untracked 
| 101|0x000000070ca00000, 0x000000070ca00000, 0x000000070cc00000|  0%| F|  |TAMS 0x000000070ca00000, 0x000000070ca00000| Untracked 
| 102|0x000000070cc00000, 0x000000070cc00000, 0x000000070ce00000|  0%| F|  |TAMS 0x000000070cc00000, 0x000000070cc00000| Untracked 
| 103|0x000000070ce00000, 0x000000070ce00000, 0x000000070d000000|  0%| F|  |TAMS 0x000000070ce00000, 0x000000070ce00000| Untracked 
| 104|0x000000070d000000, 0x000000070d000000, 0x000000070d200000|  0%| F|  |TAMS 0x000000070d000000, 0x000000070d000000| Untracked 
| 105|0x000000070d200000, 0x000000070d200000, 0x000000070d400000|  0%| F|  |TAMS 0x000000070d200000, 0x000000070d200000| Untracked 
| 106|0x000000070d400000, 0x000000070d400000, 0x000000070d600000|  0%| F|  |TAMS 0x000000070d400000, 0x000000070d400000| Untracked 
| 107|0x000000070d600000, 0x000000070d600000, 0x000000070d800000|  0%| F|  |TAMS 0x000000070d600000, 0x000000070d600000| Untracked 
| 108|0x000000070d800000, 0x000000070d800000, 0x000000070da00000|  0%| F|  |TAMS 0x000000070d800000, 0x000000070d800000| Untracked 
| 109|0x000000070da00000, 0x000000070da00000, 0x000000070dc00000|  0%| F|  |TAMS 0x000000070da00000, 0x000000070da00000| Untracked 
| 110|0x000000070dc00000, 0x000000070dc00000, 0x000000070de00000|  0%| F|  |TAMS 0x000000070dc00000, 0x000000070dc00000| Untracked 
| 111|0x000000070de00000, 0x000000070de00000, 0x000000070e000000|  0%| F|  |TAMS 0x000000070de00000, 0x000000070de00000| Untracked 
| 112|0x000000070e000000, 0x000000070e000000, 0x000000070e200000|  0%| F|  |TAMS 0x000000070e000000, 0x000000070e000000| Untracked 
| 113|0x000000070e200000, 0x000000070e200000, 0x000000070e400000|  0%| F|  |TAMS 0x000000070e200000, 0x000000070e200000| Untracked 
| 114|0x000000070e400000, 0x000000070e400000, 0x000000070e600000|  0%| F|  |TAMS 0x000000070e400000, 0x000000070e400000| Untracked 
| 115|0x000000070e600000, 0x000000070e692010, 0x000000070e800000| 28%| S|CS|TAMS 0x000000070e600000, 0x000000070e600000| Complete 
| 116|0x000000070e800000, 0x000000070ea00000, 0x000000070ea00000|100%| S|CS|TAMS 0x000000070e800000, 0x000000070e800000| Complete 
| 117|0x000000070ea00000, 0x000000070ea00000, 0x000000070ec00000|  0%| F|  |TAMS 0x000000070ea00000, 0x000000070ea00000| Untracked 
| 118|0x000000070ec00000, 0x000000070ec00000, 0x000000070ee00000|  0%| F|  |TAMS 0x000000070ec00000, 0x000000070ec00000| Untracked 
| 119|0x000000070ee00000, 0x000000070ee00000, 0x000000070f000000|  0%| F|  |TAMS 0x000000070ee00000, 0x000000070ee00000| Untracked 
| 120|0x000000070f000000, 0x000000070f000000, 0x000000070f200000|  0%| F|  |TAMS 0x000000070f000000, 0x000000070f000000| Untracked 
| 121|0x000000070f200000, 0x000000070f27abd8, 0x000000070f400000| 23%| E|  |TAMS 0x000000070f200000, 0x000000070f200000| Complete 
| 122|0x000000070f400000, 0x000000070f600000, 0x000000070f600000|100%| E|CS|TAMS 0x000000070f400000, 0x000000070f400000| Complete 
| 123|0x000000070f600000, 0x000000070f800000, 0x000000070f800000|100%| E|CS|TAMS 0x000000070f600000, 0x000000070f600000| Complete 
| 124|0x000000070f800000, 0x000000070fa00000, 0x000000070fa00000|100%| E|CS|TAMS 0x000000070f800000, 0x000000070f800000| Complete 
| 125|0x000000070fa00000, 0x000000070fc00000, 0x000000070fc00000|100%| E|CS|TAMS 0x000000070fa00000, 0x000000070fa00000| Complete 
| 126|0x000000070fc00000, 0x000000070fe00000, 0x000000070fe00000|100%| E|CS|TAMS 0x000000070fc00000, 0x000000070fc00000| Complete 
| 127|0x000000070fe00000, 0x0000000710000000, 0x0000000710000000|100%| E|CS|TAMS 0x000000070fe00000, 0x000000070fe00000| Complete 

Card table byte_map: [0x000000011d02c000,0x000000011d82c000] _byte_map_base: 0x000000011982c000

Marking Bits (Prev, Next): (CMBitMap*) 0x000000013b036e10, (CMBitMap*) 0x000000013b036e50
 Prev Bits: [0x000000011e02c000, 0x000000012202c000)
 Next Bits: [0x000000012202c000, 0x000000012602c000)

Polling page: 0x0000000104370000

Metaspace:

Usage:
  Non-class:     13.77 MB used.
      Class:      1.78 MB used.
       Both:     15.55 MB used.

Virtual space:
  Non-class space:       16.00 MB reserved,      13.88 MB ( 87%) committed,  2 nodes.
      Class space:        1.00 GB reserved,       1.88 MB ( <1%) committed,  1 nodes.
             Both:        1.02 GB reserved,      15.75 MB (  2%) committed. 

Chunk freelists:
   Non-Class:  1.83 MB
       Class:  1.99 MB
        Both:  3.82 MB

MaxMetaspaceSize: unlimited
CompressedClassSpaceSize: 1.00 GB
Initial GC threshold: 21.00 MB
Current GC threshold: 21.00 MB
CDS: off
MetaspaceReclaimPolicy: balanced
 - commit_granule_bytes: 65536.
 - commit_granule_words: 8192.
 - virtual_space_node_default_size: 1048576.
 - enlarge_chunks_in_place: 1.
 - new_chunks_are_fully_committed: 0.
 - uncommit_free_chunks: 1.
 - use_allocation_guard: 0.
 - handle_deallocations: 1.


Internal statistics:

num_allocs_failed_limit: 0.
num_arena_births: 110.
num_arena_deaths: 0.
num_vsnodes_births: 3.
num_vsnodes_deaths: 0.
num_space_committed: 252.
num_space_uncommitted: 0.
num_chunks_returned_to_freelist: 0.
num_chunks_taken_from_freelist: 404.
num_chunk_merges: 0.
num_chunk_splits: 266.
num_chunks_enlarged: 207.
num_purges: 0.
num_inconsistent_stats: 0.

CodeHeap 'non-profiled nmethods': size=120032Kb used=415Kb max_used=415Kb free=119616Kb
 bounds [0x0000000115af4000, 0x0000000115d64000, 0x000000011d02c000]
CodeHeap 'profiled nmethods': size=120016Kb used=1934Kb max_used=1934Kb free=118081Kb
 bounds [0x000000010e5c0000, 0x000000010e830000, 0x0000000115af4000]
CodeHeap 'non-nmethods': size=5712Kb used=1305Kb max_used=1334Kb free=4406Kb
 bounds [0x000000010e02c000, 0x000000010e29c000, 0x000000010e5c0000]
 total_blobs=1817 nmethods=1143 adapters=591
 compilation: enabled
              stopped_count=0, restarted_count=0
 full_count=0

Compilation events (20 events):
Event: 2.239 Thread 0x00000001288b0400 1172       3       java.util.concurrent.locks.ReentrantLock::lock (8 bytes)
Event: 2.239 Thread 0x00000001288b0400 nmethod 1172 0x000000010e79a810 code [0x000000010e79aa00, 0x000000010e79ad88]
Event: 2.239 Thread 0x00000001288b0400 1173       3       java.util.concurrent.locks.ReentrantLock$Sync::lock (13 bytes)
Event: 2.239 Thread 0x00000001288b0400 nmethod 1173 0x000000010e79ae90 code [0x000000010e79b080, 0x000000010e79b388]
Event: 2.239 Thread 0x00000001288b0400 1174       1       java.util.WeakHashMap$Entry::getValue (5 bytes)
Event: 2.239 Thread 0x00000001288b0400 nmethod 1174 0x0000000115b5b090 code [0x0000000115b5b200, 0x0000000115b5b2e8]
Event: 2.239 Thread 0x00000001288b0400 1176   !   3       javafx.scene.Node::intersectsBounds (1005 bytes)
Event: 2.243 Thread 0x00000001288b0400 nmethod 1176 0x000000010e79b490 code [0x000000010e79bd00, 0x000000010e79f4b8]
Event: 2.243 Thread 0x00000001288b0400 1175       1       com.sun.javafx.geom.DirtyRegionContainer::size (5 bytes)
Event: 2.243 Thread 0x00000001288b0400 nmethod 1175 0x0000000115b5b390 code [0x0000000115b5b500, 0x0000000115b5b5e8]
Event: 2.243 Thread 0x00000001288b0400 1177       1       javafx.scene.Cursor$StandardCursor::getCurrentFrame (5 bytes)
Event: 2.243 Thread 0x00000001288b0400 nmethod 1177 0x0000000115b5b690 code [0x0000000115b5b800, 0x0000000115b5b8e8]
Event: 2.247 Thread 0x00000001288b0400 1178       3       java.util.RegularEnumSet::isEmpty (15 bytes)
Event: 2.247 Thread 0x00000001288b0400 nmethod 1178 0x000000010e7a0810 code [0x000000010e7a09c0, 0x000000010e7a0b68]
Event: 2.247 Thread 0x00000001288b0400 1179       1       com.sun.glass.ui.InvokeLaterDispatcher$Future::isDone (5 bytes)
Event: 2.247 Thread 0x00000001288b0400 nmethod 1179 0x0000000115b5b990 code [0x0000000115b5bb00, 0x0000000115b5bbe8]
Event: 2.248 Thread 0x00000001288b0400 1180       1       java.lang.Thread::isInterrupted (5 bytes)
Event: 2.248 Thread 0x00000001288b0400 nmethod 1180 0x0000000115b5bc90 code [0x0000000115b5be00, 0x0000000115b5bee8]
Event: 2.262 Thread 0x00000001288b0400 1181       3       javafx.scene.Node::isDirtyEmpty (10 bytes)
Event: 2.262 Thread 0x00000001288b0400 nmethod 1181 0x000000010e7a0c10 code [0x000000010e7a0dc0, 0x000000010e7a1018]

GC Heap History (2 events):
Event: 0.269 GC heap before
{Heap before GC invocations=0 (full 0):
 garbage-first heap   total 262144K, used 20480K [0x0000000700000000, 0x0000000800000000)
  region size 2048K, 11 young (22528K), 0 survivors (0K)
 Metaspace       used 11653K, committed 11776K, reserved 1064960K
  class space    used 1256K, committed 1344K, reserved 1048576K
}
Event: 0.270 GC heap after
{Heap after GC invocations=1 (full 0):
 garbage-first heap   total 262144K, used 2632K [0x0000000700000000, 0x0000000800000000)
  region size 2048K, 2 young (4096K), 2 survivors (4096K)
 Metaspace       used 11653K, committed 11776K, reserved 1064960K
  class space    used 1256K, committed 1344K, reserved 1048576K
}

Deoptimization events (20 events):
Event: 1.138 Thread 0x000000012c22a800 Uncommon trap: trap_request=0xffffff45 fr.pc=0x0000000115b04b38 relative=0x00000000000000f8
Event: 1.138 Thread 0x000000012c22a800 Uncommon trap: reason=unstable_if action=reinterpret pc=0x0000000115b04b38 method=java.lang.StringLatin1.lastIndexOf([BI[BII)I @ 86 c2
Event: 1.138 Thread 0x000000012c22a800 DEOPT PACKING pc=0x0000000115b04b38 sp=0x000000016e285870
Event: 1.138 Thread 0x000000012c22a800 DEOPT UNPACKING pc=0x000000010e06ad1c sp=0x000000016e2857d0 mode 2
Event: 1.138 Thread 0x000000012c22a800 Uncommon trap: trap_request=0xffffffde fr.pc=0x0000000115b112a0 relative=0x0000000000000ae0
Event: 1.138 Thread 0x000000012c22a800 Uncommon trap: reason=class_check action=maybe_recompile pc=0x0000000115b112a0 method=java.util.HashMap.putVal(ILjava/lang/Object;Ljava/lang/Object;ZZ)Ljava/lang/Object; @ 152 c2
Event: 1.138 Thread 0x000000012c22a800 DEOPT PACKING pc=0x0000000115b112a0 sp=0x000000016e285d00
Event: 1.138 Thread 0x000000012c22a800 DEOPT UNPACKING pc=0x000000010e06ad1c sp=0x000000016e285be0 mode 2
Event: 1.138 Thread 0x000000012c22a800 Uncommon trap: trap_request=0xffffffde fr.pc=0x0000000115b112a0 relative=0x0000000000000ae0
Event: 1.138 Thread 0x000000012c22a800 Uncommon trap: reason=class_check action=maybe_recompile pc=0x0000000115b112a0 method=java.util.HashMap.putVal(ILjava/lang/Object;Ljava/lang/Object;ZZ)Ljava/lang/Object; @ 152 c2
Event: 1.138 Thread 0x000000012c22a800 DEOPT PACKING pc=0x0000000115b112a0 sp=0x000000016e285d00
Event: 1.138 Thread 0x000000012c22a800 DEOPT UNPACKING pc=0x000000010e06ad1c sp=0x000000016e285be0 mode 2
Event: 1.138 Thread 0x000000012c22a800 Uncommon trap: trap_request=0xffffffde fr.pc=0x0000000115b112a0 relative=0x0000000000000ae0
Event: 1.138 Thread 0x000000012c22a800 Uncommon trap: reason=class_check action=maybe_recompile pc=0x0000000115b112a0 method=java.util.HashMap.putVal(ILjava/lang/Object;Ljava/lang/Object;ZZ)Ljava/lang/Object; @ 152 c2
Event: 1.138 Thread 0x000000012c22a800 DEOPT PACKING pc=0x0000000115b112a0 sp=0x000000016e285d00
Event: 1.138 Thread 0x000000012c22a800 DEOPT UNPACKING pc=0x000000010e06ad1c sp=0x000000016e285be0 mode 2
Event: 1.138 Thread 0x000000012c22a800 Uncommon trap: trap_request=0xffffffde fr.pc=0x0000000115b112a0 relative=0x0000000000000ae0
Event: 1.138 Thread 0x000000012c22a800 Uncommon trap: reason=class_check action=maybe_recompile pc=0x0000000115b112a0 method=java.util.HashMap.putVal(ILjava/lang/Object;Ljava/lang/Object;ZZ)Ljava/lang/Object; @ 152 c2
Event: 1.138 Thread 0x000000012c22a800 DEOPT PACKING pc=0x0000000115b112a0 sp=0x000000016e285d00
Event: 1.138 Thread 0x000000012c22a800 DEOPT UNPACKING pc=0x000000010e06ad1c sp=0x000000016e285be0 mode 2

Classes unloaded (0 events):
No events

Classes redefined (0 events):
No events

Internal exceptions (15 events):
Event: 0.092 Thread 0x000000013b008c00 Exception <a 'java/lang/NoSuchMethodError'{0x000000070f64a4f8}: 'java.lang.Object java.lang.invoke.DirectMethodHandle$Holder.invokeStaticInit(java.lang.Object)'> (0x000000070f64a4f8) 
thrown [../../src/hotspot/share/interpreter/linkResolver.cpp, line 766]
Event: 0.094 Thread 0x000000013b008c00 Exception <a 'java/lang/NoSuchMethodError'{0x000000070f6672b0}: 'java.lang.Object java.lang.invoke.DirectMethodHandle$Holder.newInvokeSpecial(java.lang.Object, java.lang.Object, java.lang.Object, java.lang.Object, java.lang.Object)'> (0x000000070f6672b0) 
thrown [../../src/hotspot/share/interpreter/linkResolver.cpp, line 766]
Event: 0.094 Thread 0x000000012d1d0e00 Exception <a 'java/lang/NoSuchMethodError'{0x000000070f6bafd8}: 'void java.lang.invoke.DirectMethodHandle$Holder.invokeStatic(java.lang.Object, java.lang.Object)'> (0x000000070f6bafd8) 
thrown [../../src/hotspot/share/interpreter/linkResolver.cpp, line 766]
Event: 0.110 Thread 0x000000012d1d0e00 Exception <a 'java/lang/NoSuchMethodError'{0x000000070f52f4d0}: 'void java.lang.invoke.DirectMethodHandle$Holder.invokeSpecial(java.lang.Object, java.lang.Object, java.lang.Object)'> (0x000000070f52f4d0) 
thrown [../../src/hotspot/share/interpreter/linkResolver.cpp, line 766]
Event: 0.115 Thread 0x000000012d1d0e00 Exception <a 'java/lang/NoSuchMethodError'{0x000000070f56d9e0}: 'void java.lang.invoke.DirectMethodHandle$Holder.invokeStatic(java.lang.Object, java.lang.Object, java.lang.Object)'> (0x000000070f56d9e0) 
thrown [../../src/hotspot/share/interpreter/linkResolver.cpp, line 766]
Event: 0.157 Thread 0x000000012d1d0e00 Exception <a 'java/lang/NoSuchMethodError'{0x000000070f58a238}: 'int java.lang.invoke.DirectMethodHandle$Holder.invokeStaticInit(java.lang.Object, java.lang.Object, java.lang.Object)'> (0x000000070f58a238) 
thrown [../../src/hotspot/share/interpreter/linkResolver.cpp, line 766]
Event: 0.240 Thread 0x000000012c1d7c00 Exception <a 'java/lang/NoSuchMethodError'{0x000000070ee754f0}: 'void java.lang.invoke.DirectMethodHandle$Holder.invokeStaticInit(java.lang.Object)'> (0x000000070ee754f0) 
thrown [../../src/hotspot/share/interpreter/linkResolver.cpp, line 766]
Event: 0.241 Thread 0x000000012d1d0e00 Exception <a 'java/lang/NoSuchMethodError'{0x000000070eee5bc8}: 'void java.lang.invoke.DirectMethodHandle$Holder.invokeStatic(java.lang.Object, java.lang.Object, java.lang.Object, java.lang.Object)'> (0x000000070eee5bc8) 
thrown [../../src/hotspot/share/interpreter/linkResolver.cpp, line 766]
Event: 0.262 Thread 0x000000012c1d7c00 Exception <a 'java/lang/NoSuchMethodError'{0x000000070ea85a50}: 'java.lang.Object java.lang.invoke.DirectMethodHandle$Holder.invokeStaticInit(java.lang.Object, java.lang.Object, java.lang.Object, java.lang.Object)'> (0x000000070ea85a50) 
thrown [../../src/hotspot/share/interpreter/linkResolver.cpp, line 766]
Event: 0.262 Thread 0x000000012c1d7c00 Exception <a 'java/lang/NullPointerException'{0x000000070ea91980}> (0x000000070ea91980) 
thrown [../../src/hotspot/share/interpreter/linkResolver.cpp, line 1357]
Event: 0.337 Thread 0x000000012c1d7c00 Exception <a 'java/lang/NoSuchMethodError'{0x000000070f9c4ad8}: 'java.lang.Object java.lang.invoke.DirectMethodHandle$Holder.newInvokeSpecial(java.lang.Object, java.lang.Object, int)'> (0x000000070f9c4ad8) 
thrown [../../src/hotspot/share/interpreter/linkResolver.cpp, line 766]
Event: 0.370 Thread 0x000000013b00e200 Exception <a 'java/lang/NoSuchMethodError'{0x000000070f6e2700}: 'int java.lang.invoke.DirectMethodHandle$Holder.invokeStaticInit(java.lang.Object, java.lang.Object)'> (0x000000070f6e2700) 
thrown [../../src/hotspot/share/interpreter/linkResolver.cpp, line 766]
Event: 1.985 Thread 0x000000012c1d7c00 Exception <a 'java/lang/NoSuchMethodError'{0x000000070f58e3d0}: 'java.lang.Object java.lang.invoke.DirectMethodHandle$Holder.newInvokeSpecial(java.lang.Object, java.lang.Object, int, int, int, int, int, java.lang.Object)'> (0x000000070f58e3d0) 
thrown [../../src/hotspot/share/interpreter/linkResolver.cpp, line 766]
Event: 1.986 Thread 0x000000012c1d7c00 Exception <a 'java/lang/NoSuchMethodError'{0x000000070f5a13b0}: 'java.lang.Object java.lang.invoke.DirectMethodHandle$Holder.newInvokeSpecial(java.lang.Object, java.lang.Object, java.lang.Object, int, int, int, int, int)'> (0x000000070f5a13b0) 
thrown [../../src/hotspot/share/interpreter/linkResolver.cpp, line 766]
Event: 1.986 Thread 0x000000012c1d7c00 Exception <a 'java/lang/NoSuchMethodError'{0x000000070f5a8c10}: 'java.lang.Object java.lang.invoke.Invokers$Holder.linkToTargetMethod(java.lang.Object, java.lang.Object, int, int, int, int, int, java.lang.Object)'> (0x000000070f5a8c10) 
thrown [../../src/hotspot/share/interpreter/linkResolver.cpp, line 766]

VM Operations (12 events):
Event: 0.054 Executing VM operation: HandshakeAllThreads
Event: 0.054 Executing VM operation: HandshakeAllThreads done
Event: 0.076 Executing VM operation: HandshakeAllThreads
Event: 0.076 Executing VM operation: HandshakeAllThreads done
Event: 0.076 Executing VM operation: ICBufferFull
Event: 0.076 Executing VM operation: ICBufferFull done
Event: 0.091 Executing VM operation: HandshakeAllThreads
Event: 0.091 Executing VM operation: HandshakeAllThreads done
Event: 0.269 Executing VM operation: G1CollectForAllocation
Event: 0.270 Executing VM operation: G1CollectForAllocation done
Event: 2.014 Executing VM operation: Cleanup
Event: 2.014 Executing VM operation: Cleanup done

Events (20 events):
Event: 1.442 loading class java/util/EnumMap$EnumMapIterator done
Event: 1.442 loading class java/util/EnumMap$ValueIterator done
Event: 1.591 loading class java/lang/ArrayIndexOutOfBoundsException
Event: 1.591 loading class java/lang/ArrayIndexOutOfBoundsException done
Event: 1.979 loading class java/util/AbstractList$RandomAccessSubList
Event: 1.979 loading class java/util/AbstractList$SubList
Event: 1.980 loading class java/util/AbstractList$SubList done
Event: 1.980 loading class java/util/AbstractList$RandomAccessSubList done
Event: 1.980 loading class java/util/AbstractList$SubList$1
Event: 1.980 loading class java/util/AbstractList$SubList$1 done
Event: 1.980 loading class java/util/AbstractList$ListItr
Event: 1.980 loading class java/util/AbstractList$ListItr done
Event: 1.981 loading class java/lang/Math$RandomNumberGeneratorHolder
Event: 1.981 loading class java/lang/Math$RandomNumberGeneratorHolder done
Event: 1.981 loading class java/util/Random
Event: 1.981 loading class java/util/random/RandomGenerator
Event: 1.981 loading class java/util/random/RandomGenerator done
Event: 1.981 loading class java/util/Random done
Event: 1.989 Protecting memory [0x000000016de78000,0x000000016de84000] with protection modes 0
Event: 1.989 Thread 0x00000001288ba800 Thread added: 0x00000001288ba800


Dynamic libraries:
0x0000000104320000 	/Library/Java/JavaVirtualMachines/temurin-17.jdk/Contents/Home/lib/libjli.dylib
0x0000000191114000 	/usr/lib/libz.1.dylib
0x00000001911cb000 	/usr/lib/libSystem.B.dylib
0x00000001911c5000 	/usr/lib/system/libcache.dylib
0x0000000191183000 	/usr/lib/system/libcommonCrypto.dylib
0x00000001911ac000 	/usr/lib/system/libcompiler_rt.dylib
0x00000001911a3000 	/usr/lib/system/libcopyfile.dylib
0x000000018640b000 	/usr/lib/system/libcorecrypto.dylib
0x00000001864be000 	/usr/lib/system/libdispatch.dylib
0x000000018668c000 	/usr/lib/system/libdyld.dylib
0x00000001911bb000 	/usr/lib/system/libkeymgr.dylib
0x000000019115e000 	/usr/lib/system/libmacho.dylib
0x0000000190853000 	/usr/lib/system/libquarantine.dylib
0x00000001911b8000 	/usr/lib/system/libremovefile.dylib
0x000000018b7f4000 	/usr/lib/system/libsystem_asl.dylib
0x00000001863ad000 	/usr/lib/system/libsystem_blocks.dylib
0x0000000186546000 	/usr/lib/system/libsystem_c.dylib
0x00000001911b0000 	/usr/lib/system/libsystem_collections.dylib
0x000000018fce1000 	/usr/lib/system/libsystem_configuration.dylib
0x000000018ef3d000 	/usr/lib/system/libsystem_containermanager.dylib
0x0000000190ec0000 	/usr/lib/system/libsystem_coreservices.dylib
0x0000000188db4000 	/usr/lib/system/libsystem_darwin.dylib
0x00000001911bc000 	/usr/lib/system/libsystem_dnssd.dylib
0x0000000186543000 	/usr/lib/system/libsystem_featureflags.dylib
0x00000001866a1000 	/usr/lib/system/libsystem_info.dylib
0x0000000191126000 	/usr/lib/system/libsystem_m.dylib
0x0000000186493000 	/usr/lib/system/libsystem_malloc.dylib
0x000000018b783000 	/usr/lib/system/libsystem_networkextension.dylib
0x000000018920d000 	/usr/lib/system/libsystem_notify.dylib
0x0000000197509000 	/usr/lib/system/libsystem_product_info_filter.dylib
0x000000018fce6000 	/usr/lib/system/libsystem_sandbox.dylib
0x00000001911b5000 	/usr/lib/system/libsystem_secinit.dylib
0x0000000186647000 	/usr/lib/system/libsystem_kernel.dylib
0x0000000186699000 	/usr/lib/system/libsystem_platform.dylib
0x000000018667f000 	/usr/lib/system/libsystem_pthread.dylib
0x000000018cf4c000 	/usr/lib/system/libsystem_symptoms.dylib
0x00000001863f1000 	/usr/lib/system/libsystem_trace.dylib
0x0000000191190000 	/usr/lib/system/libunwind.dylib
0x00000001863af000 	/usr/lib/system/libxpc.dylib
0x000000018662f000 	/usr/lib/libc++abi.dylib
0x0000000186505000 	/usr/lib/libobjc.A.dylib
0x000000019119b000 	/usr/lib/liboah.dylib
0x00000001865c8000 	/usr/lib/libc++.1.dylib
0x000000019d022000 	/System/Library/Frameworks/Cocoa.framework/Versions/A/Cocoa
0x000000018926e000 	/System/Library/Frameworks/AppKit.framework/Versions/C/AppKit
0x000000018c774000 	/System/Library/Frameworks/CoreData.framework/Versions/A/CoreData
0x00000001875c9000 	/System/Library/Frameworks/Foundation.framework/Versions/C/Foundation
0x000000018a126000 	/System/Library/PrivateFrameworks/UIFoundation.framework/Versions/A/UIFoundation
0x0000000197203000 	/System/Library/PrivateFrameworks/RemoteViewServices.framework/Versions/A/RemoteViewServices
0x000000018f689000 	/System/Library/PrivateFrameworks/XCTTargetBootstrap.framework/Versions/A/XCTTargetBootstrap
0x0000000192f07000 	/System/Library/PrivateFrameworks/InternationalSupport.framework/Versions/A/InternationalSupport
0x0000000192f90000 	/System/Library/PrivateFrameworks/UserActivity.framework/Versions/A/UserActivity
0x0000000192402000 	/usr/lib/libspindump.dylib
0x000000018a397000 	/System/Library/Frameworks/UniformTypeIdentifiers.framework/Versions/A/UniformTypeIdentifiers
0x000000018dbd4000 	/usr/lib/libapp_launch_measurement.dylib
0x000000018d0fe000 	/System/Library/PrivateFrameworks/CoreAnalytics.framework/Versions/A/CoreAnalytics
0x000000018dbd7000 	/System/Library/PrivateFrameworks/CoreAutoLayout.framework/Versions/A/CoreAutoLayout
0x000000018ef7a000 	/System/Library/Frameworks/Metal.framework/Versions/A/Metal
0x000000018fcf1000 	/usr/lib/liblangid.dylib
0x000000018f68e000 	/System/Library/PrivateFrameworks/CoreSVG.framework/Versions/A/CoreSVG
0x000000018b828000 	/System/Library/PrivateFrameworks/SkyLight.framework/Versions/A/SkyLight
0x000000018bbfd000 	/System/Library/Frameworks/CoreGraphics.framework/Versions/A/CoreGraphics
0x00000001978cf000 	/System/Library/Frameworks/Accelerate.framework/Versions/A/Accelerate
0x0000000191e79000 	/System/Library/PrivateFrameworks/IconServices.framework/Versions/A/IconServices
0x000000018ef5c000 	/System/Library/Frameworks/IOSurface.framework/Versions/A/IOSurface
0x000000018d12f000 	/usr/lib/libDiagnosticMessagesClient.dylib
0x000000019add0000 	/System/Library/Frameworks/ApplicationServices.framework/Versions/A/ApplicationServices
0x000000018f671000 	/System/Library/PrivateFrameworks/DFRFoundation.framework/Versions/A/DFRFoundation
0x0000000188afe000 	/usr/lib/libicucore.A.dylib
0x0000000193db3000 	/System/Library/Frameworks/AudioToolbox.framework/Versions/A/AudioToolbox
0x0000000192f13000 	/System/Library/PrivateFrameworks/DataDetectorsCore.framework/Versions/A/DataDetectorsCore
0x00000001a9853000 	/System/Library/PrivateFrameworks/TextInput.framework/Versions/A/TextInput
0x000000018b79d000 	/usr/lib/libMobileGestalt.dylib
0x000000018f33d000 	/System/Library/Frameworks/Carbon.framework/Versions/A/Frameworks/HIToolbox.framework/Versions/A/HIToolbox
0x000000018d5b0000 	/System/Library/Frameworks/QuartzCore.framework/Versions/A/QuartzCore
0x0000000188781000 	/System/Library/Frameworks/Security.framework/Versions/A/Security
0x0000000197243000 	/System/Library/Frameworks/Carbon.framework/Versions/A/Frameworks/SpeechRecognition.framework/Versions/A/SpeechRecognition
0x000000018d92a000 	/System/Library/PrivateFrameworks/CoreUI.framework/Versions/A/CoreUI
0x000000018805e000 	/System/Library/Frameworks/CoreAudio.framework/Versions/A/CoreAudio
0x000000018d224000 	/System/Library/Frameworks/DiskArbitration.framework/Versions/A/DiskArbitration
0x000000019280c000 	/System/Library/PrivateFrameworks/MultitouchSupport.framework/Versions/A/MultitouchSupport
0x000000018b79b000 	/usr/lib/libenergytrace.dylib
0x0000000189136000 	/System/Library/Frameworks/IOKit.framework/Versions/A/IOKit
0x0000000197632000 	/System/Library/Frameworks/CoreServices.framework/Versions/A/CoreServices
0x000000018db64000 	/System/Library/PrivateFrameworks/PerformanceAnalysis.framework/Versions/A/PerformanceAnalysis
0x00000001e7b3b000 	/System/Library/Frameworks/OpenGL.framework/Versions/A/OpenGL
0x000000019076b000 	/System/Library/PrivateFrameworks/MobileKeyBag.framework/Versions/A/MobileKeyBag
0x000000018c20a000 	/System/Library/Frameworks/ColorSync.framework/Versions/A/ColorSync
0x00000001866ce000 	/System/Library/Frameworks/CoreFoundation.framework/Versions/A/CoreFoundation
0x000000018f90d000 	/System/Library/Frameworks/CoreImage.framework/Versions/A/CoreImage
0x0000000187e82000 	/System/Library/Frameworks/CoreText.framework/Versions/A/CoreText
0x000000018f6be000 	/System/Library/Frameworks/ImageIO.framework/Versions/A/ImageIO
0x00000001911d1000 	/System/Library/PrivateFrameworks/SoftLinking.framework/Versions/A/SoftLinking
0x000000018dc22000 	/usr/lib/libxml2.2.dylib
0x000000019146a000 	/usr/lib/libcompression.dylib
0x0000000192e63000 	/System/Library/PrivateFrameworks/TextureIO.framework/Versions/A/TextureIO
0x0000000191b92000 	/usr/lib/libate.dylib
0x0000000191a57000 	/usr/lib/liblzma.5.dylib
0x00000001872bd000 	/System/Library/Frameworks/SystemConfiguration.framework/Versions/A/SystemConfiguration
0x00000001911cd000 	/usr/lib/libfakelink.dylib
0x000000018b2cf000 	/System/Library/Frameworks/CFNetwork.framework/Versions/A/CFNetwork
0x0000000191313000 	/usr/lib/libarchive.2.dylib
0x000000018fced000 	/System/Library/PrivateFrameworks/AppleSystemInfo.framework/Versions/A/AppleSystemInfo
0x000000019087e000 	/usr/lib/libbsm.0.dylib
0x000000018a840000 	/usr/lib/libnetwork.dylib
0x0000000191167000 	/usr/lib/system/libkxld.dylib
0x0000000190491000 	/System/Library/PrivateFrameworks/IOMobileFramebuffer.framework/Versions/A/IOMobileFramebuffer
0x0000000205467000 	/usr/lib/libCoreEntitlements.dylib
0x0000000190ea2000 	/System/Library/PrivateFrameworks/AppleFSCompression.framework/Versions/A/AppleFSCompression
0x0000000190866000 	/usr/lib/libcoretls.dylib
0x0000000191a70000 	/usr/lib/libcoretls_cfhelpers.dylib
0x0000000191465000 	/usr/lib/libpam.2.dylib
0x000000018cb63000 	/usr/lib/libsqlite3.dylib
0x0000000191ad9000 	/usr/lib/libxar.1.dylib
0x0000000190eb3000 	/usr/lib/libbz2.1.0.dylib
0x00000001911d2000 	/usr/lib/libpcap.A.dylib
0x000000018cf43000 	/usr/lib/libdns_services.dylib
0x0000000191438000 	/usr/lib/libapple_nghttp2.dylib
0x000000019120f000 	/usr/lib/libiconv.2.dylib
0x000000019115d000 	/usr/lib/libcharset.1.dylib
0x000000018dba0000 	/System/Library/Frameworks/CoreServices.framework/Versions/A/Frameworks/FSEvents.framework/Versions/A/FSEvents
0x0000000188dbf000 	/System/Library/Frameworks/CoreServices.framework/Versions/A/Frameworks/CarbonCore.framework/Versions/A/CarbonCore
0x000000018d184000 	/System/Library/Frameworks/CoreServices.framework/Versions/A/Frameworks/Metadata.framework/Versions/A/Metadata
0x0000000190ec6000 	/System/Library/Frameworks/CoreServices.framework/Versions/A/Frameworks/OSServices.framework/Versions/A/OSServices
0x0000000191399000 	/System/Library/Frameworks/CoreServices.framework/Versions/A/Frameworks/SearchKit.framework/Versions/A/SearchKit
0x000000018ced2000 	/System/Library/Frameworks/CoreServices.framework/Versions/A/Frameworks/AE.framework/Versions/A/AE
0x0000000186c14000 	/System/Library/Frameworks/CoreServices.framework/Versions/A/Frameworks/LaunchServices.framework/Versions/A/LaunchServices
0x0000000191a00000 	/System/Library/Frameworks/CoreServices.framework/Versions/A/Frameworks/DictionaryServices.framework/Versions/A/DictionaryServices
0x000000018dbad000 	/System/Library/Frameworks/CoreServices.framework/Versions/A/Frameworks/SharedFileList.framework/Versions/A/SharedFileList
0x0000000190856000 	/usr/lib/libCheckFix.dylib
0x000000018b80c000 	/System/Library/PrivateFrameworks/TCC.framework/Versions/A/TCC
0x000000018fcf3000 	/System/Library/PrivateFrameworks/CoreNLP.framework/Versions/A/CoreNLP
0x000000018d132000 	/System/Library/PrivateFrameworks/MetadataUtilities.framework/Versions/A/MetadataUtilities
0x0000000187376000 	/usr/lib/libmecabra.dylib
0x000000019088f000 	/usr/lib/libmecab.dylib
0x0000000187342000 	/usr/lib/libCRFSuite.dylib
0x00000001908ec000 	/usr/lib/libgermantok.dylib
0x0000000191411000 	/usr/lib/libThaiTokenizer.dylib
0x000000018d22c000 	/System/Library/Frameworks/Accelerate.framework/Versions/A/Frameworks/vImage.framework/Versions/A/vImage
0x0000000197609000 	/System/Library/Frameworks/Accelerate.framework/Versions/A/Frameworks/vecLib.framework/Versions/A/vecLib
0x0000000191b1e000 	/System/Library/Frameworks/Accelerate.framework/Versions/A/Frameworks/vecLib.framework/Versions/A/libvMisc.dylib
0x0000000190398000 	/System/Library/Frameworks/Accelerate.framework/Versions/A/Frameworks/vecLib.framework/Versions/A/libvDSP.dylib
0x0000000186f9d000 	/System/Library/Frameworks/Accelerate.framework/Versions/A/Frameworks/vecLib.framework/Versions/A/libBLAS.dylib
0x000000019153b000 	/System/Library/Frameworks/Accelerate.framework/Versions/A/Frameworks/vecLib.framework/Versions/A/libLAPACK.dylib
0x00000001908ef000 	/System/Library/Frameworks/Accelerate.framework/Versions/A/Frameworks/vecLib.framework/Versions/A/libLinearAlgebra.dylib
0x0000000191450000 	/System/Library/Frameworks/Accelerate.framework/Versions/A/Frameworks/vecLib.framework/Versions/A/libSparseBLAS.dylib
0x0000000191536000 	/System/Library/Frameworks/Accelerate.framework/Versions/A/Frameworks/vecLib.framework/Versions/A/libQuadrature.dylib
0x000000018fdec000 	/System/Library/Frameworks/Accelerate.framework/Versions/A/Frameworks/vecLib.framework/Versions/A/libBNNS.dylib
0x000000018725b000 	/System/Library/Frameworks/Accelerate.framework/Versions/A/Frameworks/vecLib.framework/Versions/A/libSparse.dylib
0x000000018fde4000 	/System/Library/PrivateFrameworks/LinguisticData.framework/Versions/A/LinguisticData
0x0000000187213000 	/System/Library/PrivateFrameworks/Lexicon.framework/Versions/A/Lexicon
0x0000000191b16000 	/usr/lib/libChineseTokenizer.dylib
0x00000001879ba000 	/System/Library/PrivateFrameworks/LanguageModeling.framework/Versions/A/LanguageModeling
0x0000000191413000 	/System/Library/PrivateFrameworks/AppleSauce.framework/Versions/A/AppleSauce
0x000000019047e000 	/System/Library/PrivateFrameworks/CoreEmoji.framework/Versions/A/CoreEmoji
0x0000000191301000 	/usr/lib/libcmph.dylib
0x000000018db80000 	/System/Library/Frameworks/OpenDirectory.framework/Versions/A/Frameworks/CFOpenDirectory.framework/Versions/A/CFOpenDirectory
0x000000018db70000 	/System/Library/Frameworks/OpenDirectory.framework/Versions/A/OpenDirectory
0x0000000191a72000 	/System/Library/PrivateFrameworks/APFS.framework/Versions/A/APFS
0x00000001907a6000 	/System/Library/Frameworks/SecurityFoundation.framework/Versions/A/SecurityFoundation
0x0000000191ae8000 	/usr/lib/libutil.dylib
0x00000001890f8000 	/System/Library/PrivateFrameworks/CoreServicesStore.framework/Versions/A/CoreServicesStore
0x0000000191aec000 	/usr/lib/libxslt.1.dylib
0x000000019083a000 	/System/Library/PrivateFrameworks/BackgroundTaskManagement.framework/Versions/A/BackgroundTaskManagement
0x0000000192d84000 	/System/Library/Frameworks/ImageIO.framework/Versions/A/Resources/libRadiance.dylib
0x0000000192d8d000 	/System/Library/Frameworks/ImageIO.framework/Versions/A/Resources/libJPEG.dylib
0x0000000192ce0000 	/System/Library/Frameworks/ImageIO.framework/Versions/A/Resources/libPng.dylib
0x0000000192d02000 	/System/Library/Frameworks/ImageIO.framework/Versions/A/Resources/libTIFF.dylib
0x0000000192de8000 	/System/Library/Frameworks/ImageIO.framework/Versions/A/Resources/libGIF.dylib
0x000000019271c000 	/System/Library/Frameworks/ImageIO.framework/Versions/A/Resources/libJP2.dylib
0x0000000191e3e000 	/usr/lib/libexpat.1.dylib
0x00000001926d7000 	/System/Library/PrivateFrameworks/AppleJPEG.framework/Versions/A/AppleJPEG
0x000000018f1f9000 	/System/Library/PrivateFrameworks/FontServices.framework/libFontParser.dylib
0x000000018ce77000 	/System/Library/PrivateFrameworks/RunningBoardServices.framework/Versions/A/RunningBoardServices
0x000000019d6f5000 	/System/Library/PrivateFrameworks/IOSurfaceAccelerator.framework/Versions/A/IOSurfaceAccelerator
0x0000000192808000 	/System/Library/PrivateFrameworks/WatchdogClient.framework/Versions/A/WatchdogClient
0x0000000187abe000 	/System/Library/Frameworks/CoreDisplay.framework/Versions/A/CoreDisplay
0x000000018f0e3000 	/System/Library/Frameworks/CoreMedia.framework/Versions/A/CoreMedia
0x000000018ef70000 	/System/Library/PrivateFrameworks/IOAccelerator.framework/Versions/A/IOAccelerator
0x000000018dd10000 	/System/Library/Frameworks/CoreVideo.framework/Versions/A/CoreVideo
0x0000000191463000 	/System/Library/Frameworks/MetalPerformanceShaders.framework/Versions/A/MetalPerformanceShaders
0x0000000192847000 	/System/Library/Frameworks/VideoToolbox.framework/Versions/A/VideoToolbox
0x000000018cdbb000 	/System/Library/PrivateFrameworks/BaseBoard.framework/Versions/A/BaseBoard
0x000000018cb49000 	/System/Library/PrivateFrameworks/ProtocolBuffer.framework/Versions/A/ProtocolBuffer
0x0000000192d7f000 	/System/Library/PrivateFrameworks/GPUWrangler.framework/Versions/A/GPUWrangler
0x0000000192d5f000 	/System/Library/PrivateFrameworks/IOPresentment.framework/Versions/A/IOPresentment
0x0000000192d87000 	/System/Library/PrivateFrameworks/DSExternalDisplay.framework/Versions/A/DSExternalDisplay
0x00000001e7b2e000 	/System/Library/Frameworks/OpenGL.framework/Versions/A/Libraries/libCoreFSCache.dylib
0x00000001f1fed000 	/System/Library/PrivateFrameworks/GPUCompiler.framework/Versions/31001/Libraries/libGPUCompilerUtils.dylib
0x0000000192ded000 	/System/Library/PrivateFrameworks/CMCaptureCore.framework/Versions/A/CMCaptureCore
0x00000001923ef000 	/System/Library/PrivateFrameworks/AppServerSupport.framework/Versions/A/AppServerSupport
0x0000000194670000 	/System/Library/PrivateFrameworks/perfdata.framework/Versions/A/perfdata
0x0000000187bde000 	/System/Library/PrivateFrameworks/AudioToolboxCore.framework/Versions/A/AudioToolboxCore
0x000000018f0bc000 	/System/Library/PrivateFrameworks/caulk.framework/Versions/A/caulk
0x0000000193f65000 	/usr/lib/libAudioStatistics.dylib
0x00000001a5eba000 	/System/Library/PrivateFrameworks/SystemPolicy.framework/Versions/A/SystemPolicy
0x00000001941d1000 	/usr/lib/libSMC.dylib
0x000000019cf04000 	/System/Library/Frameworks/CoreMIDI.framework/Versions/A/CoreMIDI
0x0000000192cae000 	/usr/lib/libAudioToolboxUtility.dylib
0x00000001a1f87000 	/System/Library/PrivateFrameworks/OSAServicesClient.framework/Versions/A/OSAServicesClient
0x000000019467d000 	/usr/lib/libperfcheck.dylib
0x00000001a69d2000 	/usr/lib/libmis.dylib
0x00000001e7b90000 	/System/Library/Frameworks/OpenGL.framework/Versions/A/Libraries/libGLU.dylib
0x00000001e7b4f000 	/System/Library/Frameworks/OpenGL.framework/Versions/A/Libraries/libGFXShared.dylib
0x00000001e7d3c000 	/System/Library/Frameworks/OpenGL.framework/Versions/A/Libraries/libGL.dylib
0x00000001e7b58000 	/System/Library/Frameworks/OpenGL.framework/Versions/A/Libraries/libGLImage.dylib
0x00000001e7b4c000 	/System/Library/Frameworks/OpenGL.framework/Versions/A/Libraries/libCVMSPluginSupport.dylib
0x00000001e7b35000 	/System/Library/Frameworks/OpenGL.framework/Versions/A/Libraries/libCoreVMClient.dylib
0x000000018fc6d000 	/System/Library/Frameworks/MetalPerformanceShaders.framework/Versions/A/Frameworks/MPSCore.framework/Versions/A/MPSCore
0x0000000190e15000 	/System/Library/Frameworks/MetalPerformanceShaders.framework/Versions/A/Frameworks/MPSImage.framework/Versions/A/MPSImage
0x0000000190904000 	/System/Library/Frameworks/MetalPerformanceShaders.framework/Versions/A/Frameworks/MPSNeuralNetwork.framework/Versions/A/MPSNeuralNetwork
0x0000000190d3d000 	/System/Library/Frameworks/MetalPerformanceShaders.framework/Versions/A/Frameworks/MPSMatrix.framework/Versions/A/MPSMatrix
0x0000000190b16000 	/System/Library/Frameworks/MetalPerformanceShaders.framework/Versions/A/Frameworks/MPSRayIntersector.framework/Versions/A/MPSRayIntersector
0x0000000190d6e000 	/System/Library/Frameworks/MetalPerformanceShaders.framework/Versions/A/Frameworks/MPSNDArray.framework/Versions/A/MPSNDArray
0x00000001e9ca7000 	/System/Library/Frameworks/MetalPerformanceShaders.framework/Versions/A/Frameworks/MPSFunctions.framework/Versions/A/MPSFunctions
0x0000000186e74000 	/System/Library/PrivateFrameworks/MetalTools.framework/Versions/A/MetalTools
0x000000018fceb000 	/System/Library/PrivateFrameworks/AggregateDictionary.framework/Versions/A/AggregateDictionary
0x0000000191c23000 	/usr/lib/libIOReport.dylib
0x000000019bf22000 	/System/Library/PrivateFrameworks/ASEProcessing.framework/Versions/A/ASEProcessing
0x0000000191f98000 	/System/Library/PrivateFrameworks/FaceCore.framework/Versions/A/FaceCore
0x0000000191f8a000 	/System/Library/PrivateFrameworks/GraphVisualizer.framework/Versions/A/GraphVisualizer
0x00000001f1f04000 	/System/Library/PrivateFrameworks/FontServices.framework/Versions/A/FontServices
0x00000001923ab000 	/System/Library/PrivateFrameworks/OTSVG.framework/Versions/A/OTSVG
0x000000018d8da000 	/System/Library/Frameworks/ApplicationServices.framework/Versions/A/Frameworks/ATS.framework/Versions/A/Resources/libFontRegistry.dylib
0x00000001923f8000 	/System/Library/PrivateFrameworks/FontServices.framework/libhvf.dylib
0x00000001f1f05000 	/System/Library/PrivateFrameworks/FontServices.framework/libXTFontStaticRegistryData.dylib
0x00000001e7edd000 	/System/Library/Frameworks/OpenCL.framework/Versions/A/OpenCL
0x0000000191df2000 	/System/Library/PrivateFrameworks/AppleVA.framework/Versions/A/AppleVA
0x0000000193f8d000 	/System/Library/Frameworks/ApplicationServices.framework/Versions/A/Frameworks/ATS.framework/Versions/A/ATS
0x000000018c307000 	/System/Library/Frameworks/ApplicationServices.framework/Versions/A/Frameworks/HIServices.framework/Versions/A/HIServices
0x0000000192df7000 	/System/Library/Frameworks/ApplicationServices.framework/Versions/A/Frameworks/PrintCore.framework/Versions/A/PrintCore
0x0000000194324000 	/System/Library/Frameworks/ApplicationServices.framework/Versions/A/Frameworks/QD.framework/Versions/A/QD
0x000000019431c000 	/System/Library/Frameworks/ApplicationServices.framework/Versions/A/Frameworks/ColorSyncLegacy.framework/Versions/A/ColorSyncLegacy
0x0000000193f79000 	/System/Library/Frameworks/ApplicationServices.framework/Versions/A/Frameworks/SpeechSynthesis.framework/Versions/A/SpeechSynthesis
0x0000000192db8000 	/System/Library/Frameworks/ApplicationServices.framework/Versions/A/Frameworks/ATSUI.framework/Versions/A/ATSUI
0x00000001942b1000 	/usr/lib/libcups.2.dylib
0x000000019468b000 	/System/Library/Frameworks/Kerberos.framework/Versions/A/Kerberos
0x000000019469c000 	/System/Library/Frameworks/GSS.framework/Versions/A/GSS
0x0000000193ffd000 	/usr/lib/libresolv.9.dylib
0x0000000192407000 	/System/Library/PrivateFrameworks/Heimdal.framework/Versions/A/Heimdal
0x000000019b157000 	/System/Library/Frameworks/Kerberos.framework/Versions/A/Libraries/libHeimdalProxy.dylib
0x000000018cf55000 	/System/Library/Frameworks/Network.framework/Versions/A/Network
0x0000000191e59000 	/usr/lib/libheimdal-asn1.dylib
0x00000001946ec000 	/System/Library/PrivateFrameworks/CommonAuth.framework/Versions/A/CommonAuth
0x0000000193ef3000 	/System/Library/PrivateFrameworks/AudioSession.framework/Versions/A/AudioSession
0x0000000191eeb000 	/System/Library/PrivateFrameworks/MediaExperience.framework/Versions/A/MediaExperience
0x0000000193d79000 	/System/Library/PrivateFrameworks/AudioSession.framework/libSessionUtility.dylib
0x0000000194330000 	/System/Library/PrivateFrameworks/AudioResourceArbitration.framework/Versions/A/AudioResourceArbitration
0x00000001984e6000 	/System/Library/PrivateFrameworks/PowerLog.framework/Versions/A/PowerLog
0x0000000191e63000 	/System/Library/PrivateFrameworks/IconFoundation.framework/Versions/A/IconFoundation
0x000000019722f000 	/System/Library/PrivateFrameworks/SpeechRecognitionCore.framework/Versions/A/SpeechRecognitionCore
0x00000001055c4000 	/Library/Java/JavaVirtualMachines/temurin-17.jdk/Contents/Home/lib/server/libjvm.dylib
0x0000000104384000 	/Library/Java/JavaVirtualMachines/temurin-17.jdk/Contents/Home/lib/libjimage.dylib
0x00000001043b0000 	/Library/Java/JavaVirtualMachines/temurin-17.jdk/Contents/Home/lib/libinstrument.dylib
0x00000001043fc000 	/Library/Java/JavaVirtualMachines/temurin-17.jdk/Contents/Home/lib/libjava.dylib
0x0000000104f9c000 	/Library/Java/JavaVirtualMachines/temurin-17.jdk/Contents/Home/lib/libnio.dylib
0x0000000104fbc000 	/Library/Java/JavaVirtualMachines/temurin-17.jdk/Contents/Home/lib/libnet.dylib
0x00000001043e4000 	/Library/Java/JavaVirtualMachines/temurin-17.jdk/Contents/Home/lib/libzip.dylib
0x00000001044f8000 	/Library/Java/JavaVirtualMachines/temurin-17.jdk/Contents/Home/lib/libextnet.dylib
0x0000000104fe0000 	/Library/Java/JavaVirtualMachines/javafx-sdk-17/lib/libprism_es2.dylib
0x00000001890bb000 	/System/Library/PrivateFrameworks/CoreServicesInternal.framework/Versions/A/CoreServicesInternal
0x00000001e7d46000 	/System/Library/Frameworks/OpenGL.framework/Versions/A/Resources/GLEngine.bundle/GLEngine
0x00000001e7bce000 	/System/Library/Frameworks/OpenGL.framework/Versions/A/Libraries/libGLProgrammability.dylib
0x0000000128768000 	/System/Library/Extensions/AppleMetalOpenGLRenderer.bundle/Contents/MacOS/AppleMetalOpenGLRenderer
0x00000001e7eb5000 	/System/Library/Frameworks/OpenGL.framework/Versions/A/Resources/GLRendererFloat.bundle/GLRendererFloat
0x00000001cce2d000 	/System/Library/Extensions/AGXMetalG13X.bundle/Contents/MacOS/AGXMetalG13X
0x00000001a69ee000 	/System/Library/PrivateFrameworks/GPURawCounter.framework/Versions/A/GPURawCounter
0x00000001a10f8000 	/System/Library/PrivateFrameworks/IOGPU.framework/Versions/A/IOGPU
0x0000000129a7c000 	/Library/Java/JavaVirtualMachines/javafx-sdk-17/lib/libglass.dylib
0x000000019873e000 	/System/Library/Frameworks/FileProvider.framework/Versions/A/FileProvider
0x000000018cd23000 	/System/Library/Frameworks/Accounts.framework/Versions/A/Accounts
0x00000001988c2000 	/System/Library/PrivateFrameworks/GenerationalStorage.framework/Versions/A/GenerationalStorage
0x0000000199485000 	/System/Library/PrivateFrameworks/CoreSymbolication.framework/Versions/A/CoreSymbolication
0x00000001984da000 	/System/Library/PrivateFrameworks/SymptomDiagnosticReporter.framework/Versions/A/SymptomDiagnosticReporter
0x000000018a3ab000 	/System/Library/PrivateFrameworks/DesktopServicesPriv.framework/Versions/A/DesktopServicesPriv
0x000000018921d000 	/usr/lib/libsandbox.1.dylib
0x000000018dd9e000 	/System/Library/PrivateFrameworks/UserManagement.framework/Versions/A/UserManagement
0x0000000199442000 	/System/Library/PrivateFrameworks/DebugSymbols.framework/Versions/A/DebugSymbols
0x000000019430f000 	/System/Library/PrivateFrameworks/NetAuth.framework/Versions/A/NetAuth
0x000000019522d000 	/System/Library/PrivateFrameworks/Sharing.framework/Versions/A/Sharing
0x000000018dd6e000 	/System/Library/PrivateFrameworks/login.framework/Versions/A/Frameworks/loginsupport.framework/Versions/A/loginsupport
0x000000019a677000 	/System/Library/PrivateFrameworks/Apple80211.framework/Versions/A/Apple80211
0x0000000190ef9000 	/System/Library/PrivateFrameworks/AuthKit.framework/Versions/A/AuthKit
0x000000019057a000 	/System/Library/PrivateFrameworks/CoreUtils.framework/Versions/A/CoreUtils
0x000000019049d000 	/System/Library/Frameworks/CoreWLAN.framework/Versions/A/CoreWLAN
0x000000019539d000 	/System/Library/Frameworks/IOBluetooth.framework/Versions/A/IOBluetooth
0x000000019a6d7000 	/System/Library/PrivateFrameworks/CoreWiFi.framework/Versions/A/CoreWiFi
0x0000000199022000 	/System/Library/PrivateFrameworks/FrontBoardServices.framework/Versions/A/FrontBoardServices
0x00000001990ba000 	/System/Library/PrivateFrameworks/BoardServices.framework/Versions/A/BoardServices
0x0000000190794000 	/System/Library/PrivateFrameworks/AssertionServices.framework/Versions/A/AssertionServices
0x000000019a854000 	/System/Library/PrivateFrameworks/BackBoardServices.framework/Versions/A/BackBoardServices
0x0000000194783000 	/System/Library/PrivateFrameworks/CorePhoneNumbers.framework/Versions/A/CorePhoneNumbers
0x000000019860a000 	/System/Library/PrivateFrameworks/DiskManagement.framework/Versions/A/DiskManagement
0x000000019850d000 	/System/Library/PrivateFrameworks/AppleIDAuthSupport.framework/Versions/A/AppleIDAuthSupport
0x00000001ec4ce000 	/System/Library/PrivateFrameworks/AAAFoundation.framework/Versions/A/AAAFoundation
0x0000000194762000 	/System/Library/PrivateFrameworks/KeychainCircle.framework/Versions/A/KeychainCircle
0x00000001985d6000 	/System/Library/PrivateFrameworks/MediaKit.framework/Versions/A/MediaKit
0x000000019851a000 	/System/Library/Frameworks/DiscRecording.framework/Versions/A/DiscRecording
0x0000000191d6e000 	/usr/lib/libCoreStorage.dylib
0x000000019ab51000 	/usr/lib/libcsfde.dylib
0x0000000195472000 	/System/Library/PrivateFrameworks/ProtectedCloudStorage.framework/Versions/A/ProtectedCloudStorage
0x000000019ab49000 	/System/Library/PrivateFrameworks/EFILogin.framework/Versions/A/EFILogin
0x00000001988e9000 	/System/Library/PrivateFrameworks/OctagonTrust.framework/Versions/A/OctagonTrust
0x00000001f109f000 	/System/Library/PrivateFrameworks/CoreUtilsExtras.framework/Versions/A/CoreUtilsExtras
0x000000019843f000 	/System/Library/Frameworks/CoreBluetooth.framework/Versions/A/CoreBluetooth
0x000000019b1dc000 	/System/Library/Frameworks/AudioUnit.framework/Versions/A/AudioUnit
0x0000000191d66000 	/usr/lib/libMatch.1.dylib
0x00000001aae9a000 	/System/Library/Frameworks/Accelerate.framework/Versions/A/Frameworks/vImage.framework/Versions/A/Libraries/libCGInterfaces.dylib
0x0000000129dd4000 	/usr/lib/libobjc-trampolines.dylib
0x000000018da68000 	/System/Library/PrivateFrameworks/ViewBridge.framework/Versions/A/ViewBridge
0x000000012bfdc000 	/Library/Java/JavaVirtualMachines/javafx-sdk-17/lib/libjavafx_font.dylib
0x00000001924ca000 	/System/Library/PrivateFrameworks/login.framework/Versions/A/login
0x00000002055e5000 	/usr/lib/libRosetta.dylib


VM Arguments:
jvm_args: --module-path=/Library/Java/JavaVirtualMachines/javafx-sdk-17/lib --add-modules=javafx.controls -Djava.library.path=/Library/Java/JavaVirtualMachines/javafx-sdk-17/lib -javaagent:/Applications/IntelliJ IDEA.app/Contents/lib/idea_rt.jar=49394:/Applications/IntelliJ IDEA.app/Contents/bin -Dfile.encoding=UTF-8 
java_command: pt.isec.pa.ex29_v2.Main
java_class_path (initial): /Users/rubensantos/Desktop/Java/ex29_v2/out/production/ex29_v2:/Library/Java/JavaVirtualMachines/javafx-sdk-17/lib/javafx-swt.jar:/Library/Java/JavaVirtualMachines/javafx-sdk-17/lib/javafx.web.jar:/Library/Java/JavaVirtualMachines/javafx-sdk-17/lib/javafx.base.jar:/Library/Java/JavaVirtualMachines/javafx-sdk-17/lib/javafx.fxml.jar:/Library/Java/JavaVirtualMachines/javafx-sdk-17/lib/javafx.media.jar:/Library/Java/JavaVirtualMachines/javafx-sdk-17/lib/javafx.swing.jar:/Library/Java/JavaVirtualMachines/javafx-sdk-17/lib/javafx.controls.jar:/Library/Java/JavaVirtualMachines/javafx-sdk-17/lib/javafx.graphics.jar
Launcher Type: SUN_STANDARD

[Global flags]
     intx CICompilerCount                          = 4                                         {product} {ergonomic}
     uint ConcGCThreads                            = 2                                         {product} {ergonomic}
     uint G1ConcRefinementThreads                  = 9                                         {product} {ergonomic}
   size_t G1HeapRegionSize                         = 2097152                                   {product} {ergonomic}
    uintx GCDrainStackTargetSize                   = 64                                        {product} {ergonomic}
   size_t InitialHeapSize                          = 268435456                                 {product} {ergonomic}
   size_t MarkStackSize                            = 4194304                                   {product} {ergonomic}
   size_t MaxHeapSize                              = 4294967296                                {product} {ergonomic}
   size_t MaxNewSize                               = 2575302656                                {product} {ergonomic}
   size_t MinHeapDeltaBytes                        = 2097152                                   {product} {ergonomic}
   size_t MinHeapSize                              = 8388608                                   {product} {ergonomic}
    uintx NonNMethodCodeHeapSize                   = 5839564                                {pd product} {ergonomic}
    uintx NonProfiledCodeHeapSize                  = 122909338                              {pd product} {ergonomic}
    uintx ProfiledCodeHeapSize                     = 122909338                              {pd product} {ergonomic}
    uintx ReservedCodeCacheSize                    = 251658240                              {pd product} {ergonomic}
     bool SegmentedCodeCache                       = true                                      {product} {ergonomic}
   size_t SoftMaxHeapSize                          = 4294967296                             {manageable} {ergonomic}
     bool UseCompressedClassPointers               = true                           {product lp64_product} {ergonomic}
     bool UseCompressedOops                        = true                           {product lp64_product} {ergonomic}
     bool UseG1GC                                  = true                                      {product} {ergonomic}
     bool UseNUMA                                  = false                                     {product} {ergonomic}
     bool UseNUMAInterleaving                      = false                                     {product} {ergonomic}

Logging:
Log output configuration:
 #0: stdout all=warning uptime,level,tags
 #1: stderr all=off uptime,level,tags

Environment Variables:
PATH=/opt/homebrew/bin:/opt/homebrew/sbin:/usr/local/bin:/usr/bin:/bin:/usr/sbin:/sbin
SHELL=/bin/zsh
LC_CTYPE=pt_PT.UTF-8

Signal Handlers:
   SIGSEGV: _ZL13crash_handleriP9__siginfoPv in libjvm.dylib, mask=11100110000111110111111111111111, flags=SA_RESTART|SA_SIGINFO
    SIGBUS: _ZL13crash_handleriP9__siginfoPv in libjvm.dylib, mask=11100110000111110111111111111111, flags=SA_RESTART|SA_SIGINFO
    SIGFPE: _ZL13crash_handleriP9__siginfoPv in libjvm.dylib, mask=11100110000111110111111111111111, flags=SA_RESTART|SA_SIGINFO
   SIGPIPE: _ZL17javaSignalHandleriP9__siginfoPv in libjvm.dylib, mask=11100110000111110111111111111111, flags=SA_RESTART|SA_SIGINFO
   SIGXFSZ: _ZL17javaSignalHandleriP9__siginfoPv in libjvm.dylib, mask=11100110000111110111111111111111, flags=SA_RESTART|SA_SIGINFO
    SIGILL: _ZL13crash_handleriP9__siginfoPv in libjvm.dylib, mask=11100110000111110111111111111111, flags=SA_RESTART|SA_SIGINFO
   SIGUSR2: _ZL10SR_handleriP9__siginfoP17__darwin_ucontext in libjvm.dylib, mask=00100000000000000000000000000000, flags=SA_RESTART|SA_SIGINFO
    SIGHUP: _ZL11UserHandleriPvS_ in libjvm.dylib, mask=11100110000111110111111111111111, flags=SA_RESTART|SA_SIGINFO
    SIGINT: _ZL11UserHandleriPvS_ in libjvm.dylib, mask=11100110000111110111111111111111, flags=SA_RESTART|SA_SIGINFO
   SIGTERM: _ZL11UserHandleriPvS_ in libjvm.dylib, mask=11100110000111110111111111111111, flags=SA_RESTART|SA_SIGINFO
   SIGQUIT: _ZL11UserHandleriPvS_ in libjvm.dylib, mask=11100110000111110111111111111111, flags=SA_RESTART|SA_SIGINFO
   SIGTRAP: _ZL13crash_handleriP9__siginfoPv in libjvm.dylib, mask=11100110000111110111111111111111, flags=SA_RESTART|SA_SIGINFO


---------------  S Y S T E M  ---------------

OS:
uname: Darwin 21.4.0 Darwin Kernel Version 21.4.0: Fri Mar 18 00:46:32 PDT 2022; root:xnu-8020.101.4~15/RELEASE_ARM64_T6000 arm64
OS uptime: 0 days 1:12 hours
rlimit (soft/hard): STACK 8176k/65520k , CORE 0k/infinity , NPROC 2666/4000 , NOFILE 10240/infinity , AS infinity/infinity , CPU infinity/infinity , DATA infinity/infinity , FSIZE infinity/infinity , MEMLOCK infinity/infinity , RSS infinity/infinity
load average: 2.08 1.89 1.71

CPU: total 10 (initial active 10) 0x61:0x0:0x1b588bb3:0, fp, simd, crc, lse

Memory: 16k page, physical 16777216k(926464k free), swap 0k(0k free)

vm_info: OpenJDK 64-Bit Server VM (17.0.2+8) for bsd-aarch64 JRE (17.0.2+8), built on Jan 20 2022 10:58:36 by "jenkins" with clang Apple LLVM 12.0.0 (clang-1200.0.32.29)

END.
