#
# A fatal error has been detected by the Java Runtime Environment:
#
#  SIGBUS (0xa) at pc=0x000000010c22d4f0, pid=1387, tid=30731
#
# JRE version: OpenJDK Runtime Environment Temurin-17.0.2+8 (17.0.2+8) (build 17.0.2+8)
# Java VM: OpenJDK 64-Bit Server VM Temurin-17.0.2+8 (17.0.2+8, mixed mode, tiered, compressed oops, compressed class ptrs, g1 gc, bsd-aarch64)
# Problematic frame:
# v  ~StubRoutines::SafeFetchN
#
# No core dump will be written. Core dumps have been disabled. To enable core dumping, try "ulimit -c unlimited" before starting Java again
#
# If you would like to submit a bug report, please visit:
#   https://github.com/adoptium/adoptium-support/issues
# The crash happened outside the Java Virtual Machine in native code.
# See problematic frame for where to report the bug.
#

---------------  S U M M A R Y ------------

Command Line: --module-path=/Library/Java/JavaVirtualMachines/javafx-sdk-17/lib --add-modules=javafx.controls -Djava.library.path=/Library/Java/JavaVirtualMachines/javafx-sdk-17/lib -javaagent:/Applications/IntelliJ IDEA.app/Contents/lib/idea_rt.jar=49354:/Applications/IntelliJ IDEA.app/Contents/bin -Dfile.encoding=UTF-8 pt.isec.pa.ex29_v2.Main

Host: "MacBookPro18,3" arm64 1 MHz, 10 cores, 16G, Darwin 21.4.0, macOS 12.3.1 (21E258)
Time: Wed May 18 18:31:12 2022 WEST elapsed time: 34.821691 seconds (0d 0h 0m 34s)

---------------  T H R E A D  ---------------

Current thread (0x0000000138266000):  JavaThread "InvokeLaterDispatcher" daemon [_thread_in_native, id=30731, stack(0x0000000280a40000,0x0000000280c43000)]

Stack: [0x0000000280a40000,0x0000000280c43000],  sp=0x0000000280c42780,  free space=2057k
Native frames: (J=compiled Java code, j=interpreted, Vv=VM code, C=native code)
v  ~StubRoutines::SafeFetchN
V  [libjvm.dylib+0x7ba2dc]  _ZN10OopStorage7releaseEPKP7oopDesc+0x20
V  [libjvm.dylib+0x4c5750]  jni_DeleteGlobalRef+0xd8
C  [libglass.dylib+0xab08]  -[GlassRunnable dealloc]+0x34
C  [Foundation+0x85618]  -[_NSThreadPerformInfo dealloc]+0x30
C  [Foundation+0x5198c]  -[NSObject(NSThreadPerformAdditions) performSelectorOnMainThread:withObject:waitUntilDone:]+0x88
C  0xc83180010c2358ac
j  com.sun.glass.ui.mac.MacApplication.submitForLaterInvocation(Ljava/lang/Runnable;)V+2 javafx.graphics
j  com.sun.glass.ui.InvokeLaterDispatcher.run()V+82 javafx.graphics
v  ~StubRoutines::call_stub
V  [libjvm.dylib+0x46a8f0]  _ZN9JavaCalls11call_helperEP9JavaValueRK12methodHandleP17JavaCallArgumentsP10JavaThread+0x38c
V  [libjvm.dylib+0x46990c]  _ZN9JavaCalls12call_virtualEP9JavaValueP5KlassP6SymbolS5_P17JavaCallArgumentsP10JavaThread+0x11c
V  [libjvm.dylib+0x4699d8]  _ZN9JavaCalls12call_virtualEP9JavaValue6HandleP5KlassP6SymbolS6_P10JavaThread+0x64
V  [libjvm.dylib+0x521e64]  _ZL12thread_entryP10JavaThreadS0_+0xc4
V  [libjvm.dylib+0x99aac0]  _ZN10JavaThread17thread_main_innerEv+0x13c
V  [libjvm.dylib+0x99919c]  _ZN6Thread8call_runEv+0x128
V  [libjvm.dylib+0x7c1124]  _ZL19thread_native_entryP6Thread+0x158
C  [libsystem_pthread.dylib+0x726c]  _pthread_start+0x94

Java frames: (J=compiled Java code, j=interpreted, Vv=VM code)
j  com.sun.glass.ui.mac.MacApplication._submitForLaterInvocation(Ljava/lang/Runnable;)V+0 javafx.graphics
j  com.sun.glass.ui.mac.MacApplication.submitForLaterInvocation(Ljava/lang/Runnable;)V+2 javafx.graphics
j  com.sun.glass.ui.InvokeLaterDispatcher.run()V+82 javafx.graphics
v  ~StubRoutines::call_stub

siginfo: si_signo: 10 (SIGBUS), si_code: 1 (BUS_ADRALN), si_addr: 0x000000010c22d4f0

Register to memory mapping:

 x0=0x0000000127707c48 is a global jni handle
 x1=0x0 is NULL
 x2=0x000000070f27aeb8 is an oop: com.sun.glass.ui.InvokeLaterDispatcher$Future 
{0x000000070f27aeb8} - klass: 'com/sun/glass/ui/InvokeLaterDispatcher$Future'
 - ---- fields (total size 3 words):
 - private 'done' 'Z' @12  true
 - private final 'runnable' 'Ljava/lang/Runnable;' @16  a 'com/sun/javafx/tk/quantum/QuantumToolkit$$Lambda$96+0x00000008000f8ab8'{0x000000070e8f5af8} (e1d1eb5f)
 - final synthetic 'this$0' 'Lcom/sun/glass/ui/InvokeLaterDispatcher;' @20  a 'com/sun/glass/ui/InvokeLaterDispatcher'{0x000000070e818318} (e1d03063)
 x3=0x0 is NULL
 x4=0x00000000000130a8 is an unknown value
 x5=0x0 is NULL
 x6=0x0 is NULL
 x7=0x0 is NULL
 x8=0x000000010c22d4ec is at begin+0 in a stub
StubRoutines::SafeFetchN [0x000000010c22d4ec, 0x000000010c22d4f8] (12 bytes)
 x9=0x0 is NULL
x10=0x2010000030300000 is an unknown value
x11=0x0000000000000007 is an unknown value
x12=0x0000000000000004 is an unknown value
x13=0x00006000020c3e90 points into unknown readable memory: 0xc078800186517c40 | 40 7c 51 86 01 80 78 c0
x14=0x0000120000000000 is an unknown value
x15=0x0000000132da9f98: OBJC_CLASS_$_GlassRunnable+0 in /Library/Java/JavaVirtualMachines/javafx-sdk-17/lib/libglass.dylib at 0x0000000132d64000
x16=0x00000001866810fc: pthread_getspecific+0 in /usr/lib/system/libsystem_pthread.dylib at 0x000000018667f000
x17=0x0000600002ae1620 points into unknown readable memory: 0xfffffffffffffffe | fe ff ff ff ff ff ff ff
x18=0x0 is NULL
x19=0x00006000025e5650 points into unknown readable memory: 0x0000600000cd77c0 | c0 77 cd 00 00 60 00 00
x20=0x0000000127707a40 points into unknown readable memory: 0x0000000000000000 | 00 00 00 00 00 00 00 00
x21=0x0000000127707c48 is a global jni handle
x22=0x0000000138266000 is a thread
x23=0x0000000000000001 is an unknown value
x24=0x0000000127707c00 is a global jni handle
x25=0x000000010441fa08: _ZN12StubRoutines17_safefetchN_entryE+0 in /Library/Java/JavaVirtualMachines/temurin-17.jdk/Contents/Home/lib/server/libjvm.dylib at 0x00000001037c4000
x26=0x0000000135033128 is pointing into metadata
x27=0x0 is NULL
x28=0x0000000138266000 is a thread


Registers:
 x0=0x0000000127707c48  x1=0x0000000000000000  x2=0x000000070f27aeb8  x3=0x0000000000000000
 x4=0x00000000000130a8  x5=0x0000000000000000  x6=0x0000000000000000  x7=0x0000000000000000
 x8=0x000000010c22d4ec  x9=0x0000000000000000 x10=0x2010000030300000 x11=0x0000000000000007
x12=0x0000000000000004 x13=0x00006000020c3e90 x14=0x0000120000000000 x15=0x0000000132da9f98
x16=0x00000001866810fc x17=0x0000600002ae1620 x18=0x0000000000000000 x19=0x00006000025e5650
x20=0x0000000127707a40 x21=0x0000000127707c48 x22=0x0000000138266000 x23=0x0000000000000001
x24=0x0000000127707c00 x25=0x000000010441fa08 x26=0x0000000135033128 x27=0x0000000000000000
x28=0x0000000138266000  fp=0x0000000280c427c0  lr=0x0000000103f7d0ac  sp=0x0000000280c42780
pc=0x000000010c22d4f0 cpsr=0x0000000060001000
Top of Stack: (sp=0x0000000280c42780)
0x0000000280c42780:   0000000135033128 0000000000000001
0x0000000280c42790:   0000000280c42988 0000000000000000
0x0000000280c427a0:   00000001382656a8 0000000127707c30
0x0000000280c427b0:   0000000127707c30 00006000025e5650
0x0000000280c427c0:   0000000280c42800 0000000103f7e2dc
0x0000000280c427d0:   0000000000000001 0000000127707c30
0x0000000280c427e0:   00000001382656a8 0000000127707c30
0x0000000280c427f0:   0000000000000001 0000000138265400
0x0000000280c42800:   0000000280c42840 0000000103c89750
0x0000000280c42810:   0000000280c42988 0000600000dc4390
0x0000000280c42820:   0000600000dc43c0 00000001d0746be0
0x0000000280c42830:   0000000000000000 0000600000dc43c0
0x0000000280c42840:   0000000280c42870 0000000132d6eb08
0x0000000280c42850:   c0dbb0f24109009c 0000000000000000
0x0000000280c42860:   0000000000000000 0000600001b49440
0x0000000280c42870:   0000000280c428b0 000000018764e618
0x0000000280c42880:   0000000280c42988 0000600000dc4390
0x0000000280c42890:   0000600000dc43c0 c0dbb0f24109009c
0x0000000280c428a0:   0000000000000000 0000000000000000
0x0000000280c428b0:   0000000280c428f0 c93500018761a98c
0x0000000280c428c0:   0000000280c42988 000000010c2347c0
0x0000000280c428d0:   0000000000000000 00000001044273c8
0x0000000280c428e0:   0000000280c42900 000000010c233730
0x0000000280c428f0:   0000000280c42960 c83180010c2358ac
0x0000000280c42900:   0000000280c42900 00000001265a1535
0x0000000280c42910:   0000000280c42910 0000000000000000
0x0000000280c42920:   0000000280c42988 0000000135033128
0x0000000280c42930:   000000070e831798 0000000000000000
0x0000000280c42940:   0000000000000000 0000000135008960
0x0000000280c42950:   0000000000000000 0000000280c42960
0x0000000280c42960:   0000000280c429e0 000000010c231fc8
0x0000000280c42970:   0000000000000000 0000000000000000 

Instructions: (pc=0x000000010c22d4f0)
0x000000010c22d3f0:   f2a087c9 f2c00029 6d425935 1e640886
0x000000010c22d400:   0c402d31 1e6408c7 1f5654d0 1e6c1017
0x000000010c22d410:   1f5050d0 1f504cd0 1f5048d0 1e650af6
0x000000010c22d420:   1f50d8f6 1f5694d6 1f5158f6 1e762880
0x000000010c22d430:   36000501 1e614000 14000026 2e251ca5
0x000000010c22d440:   d2983009 f2a087c9 f2c00029 6d425d36
0x000000010c22d450:   1e600806 0c402d32 1f5758c7 1e6c101a
0x000000010c22d460:   1f4754c7 1e650805 1f4750c7 d2866668
0x000000010c22d470:   f2a7fa68 1f474cc7 1e6608c0 1f4748c7
0x000000010c22d480:   1e6e1019 eb08007f 540000ac 1f479400
0x000000010c22d490:   1f460340 1e603b20 1400000e d2a7fd29
0x000000010c22d4a0:   eb09007f 540000ac 51480069 d3607d29
0x000000010c22d4b0:   9e670121 14000002 1e6a5001 1f679417
0x000000010c22d4c0:   1f668742 1e613b23 1e773857 1e773860
0x000000010c22d4d0:   a8c17ff3 910003bf a8c17bfd d65f03c0
0x000000010c22d4e0:   b9400001 aa0103e0 d65f03c0 f9400001
0x000000010c22d4f0:   aa0103e0 d65f03c0 00000000 00000000
0x000000010c22d500:   00000000 00000000 00000000 00000000
0x000000010c22d510:   00000000 00000000 00000000 00000000
0x000000010c22d520:   00000000 00000000 00000000 00000000
0x000000010c22d530:   00000000 00000000 00000000 00000000
0x000000010c22d540:   00000000 00000000 00000000 00000000
0x000000010c22d550:   00000000 00000000 00000000 00000000
0x000000010c22d560:   00000000 00000000 00000000 00000000
0x000000010c22d570:   00000000 00000000 00000000 00000000
0x000000010c22d580:   00000000 00000000 00000000 00000000
0x000000010c22d590:   00000000 00000000 00000000 00000000
0x000000010c22d5a0:   00000000 00000000 00000000 00000000
0x000000010c22d5b0:   00000000 00000000 00000000 00000000
0x000000010c22d5c0:   00000000 00000000 00000000 00000000
0x000000010c22d5d0:   00000000 00000000 00000000 00000000
0x000000010c22d5e0:   00000000 00000000 00000000 00000000 


Stack slot to memory mapping:
stack at sp + 0 slots: 0x0000000135033128 is pointing into metadata
stack at sp + 1 slots: 0x0000000000000001 is an unknown value
stack at sp + 2 slots: 0x0000000280c42988 is pointing into the stack for thread: 0x0000000138266000
stack at sp + 3 slots: 0x0 is NULL
stack at sp + 4 slots: 0x00000001382656a8 points into unknown readable memory: 0x00000001043da888 | 88 a8 3d 04 01 00 00 00
stack at sp + 5 slots: 0x0000000127707c30 is a global jni handle
stack at sp + 6 slots: 0x0000000127707c30 is a global jni handle
stack at sp + 7 slots: 0x00006000025e5650 points into unknown readable memory: 0x0000600000cd77c0 | c0 77 cd 00 00 60 00 00

StubRoutines::SafeFetchN [0x000000010c22d4ec, 0x000000010c22d4f8] (12 bytes)
[MachCode]
  0x000000010c22d4ec: 0100 40f9 | e003 01aa | c003 5fd6 
[/MachCode]

---------------  P R O C E S S  ---------------

Threads class SMR info:
_java_thread_list=0x0000600000efa460, length=18, elements={
0x0000000127808e00, 0x0000000130008200, 0x000000013000aa00, 0x0000000127843000,
0x0000000127843600, 0x000000012784f400, 0x000000013080a800, 0x0000000133008200,
0x0000000133010800, 0x00000001378fbe00, 0x000000013790ee00, 0x000000013790f400,
0x0000000130810000, 0x0000000127809400, 0x0000000138266000, 0x0000000138265400,
0x00000001308e2000, 0x0000000133013200
}

Java Threads: ( => current thread )
  0x0000000127808e00 JavaThread "main" [_thread_blocked, id=10499, stack(0x000000016d938000,0x000000016db3b000)]
  0x0000000130008200 JavaThread "Reference Handler" daemon [_thread_blocked, id=18179, stack(0x000000016e78c000,0x000000016e98f000)]
  0x000000013000aa00 JavaThread "Finalizer" daemon [_thread_blocked, id=17923, stack(0x000000016e998000,0x000000016eb9b000)]
  0x0000000127843000 JavaThread "Signal Dispatcher" daemon [_thread_blocked, id=41987, stack(0x000000016ecbc000,0x000000016eebf000)]
  0x0000000127843600 JavaThread "Service Thread" daemon [_thread_blocked, id=41731, stack(0x000000016eec8000,0x000000016f0cb000)]
  0x000000012784f400 JavaThread "Monitor Deflation Thread" daemon [_thread_blocked, id=41219, stack(0x000000016f0d4000,0x000000016f2d7000)]
  0x000000013080a800 JavaThread "C2 CompilerThread0" daemon [_thread_blocked, id=40963, stack(0x000000016f2e0000,0x000000016f4e3000)]
  0x0000000133008200 JavaThread "C1 CompilerThread0" daemon [_thread_blocked, id=23043, stack(0x000000016f4ec000,0x000000016f6ef000)]
  0x0000000133010800 JavaThread "Sweeper thread" daemon [_thread_blocked, id=40195, stack(0x000000016f6f8000,0x000000016f8fb000)]
  0x00000001378fbe00 JavaThread "Common-Cleaner" daemon [_thread_blocked, id=23299, stack(0x000000016f904000,0x000000016fb07000)]
  0x000000013790ee00 JavaThread "Monitor Ctrl-Break" daemon [_thread_in_native, id=24067, stack(0x0000000280004000,0x0000000280207000)]
  0x000000013790f400 JavaThread "Notification Thread" daemon [_thread_blocked, id=24579, stack(0x0000000280210000,0x0000000280413000)]
  0x0000000130810000 JavaThread "JavaFX-Launcher" [_thread_blocked, id=25347, stack(0x0000000280628000,0x000000028082b000)]
  0x0000000127809400 JavaThread "QuantumRenderer-0" daemon [_thread_blocked, id=25859, stack(0x0000000280834000,0x0000000280a37000)]
=>0x0000000138266000 JavaThread "InvokeLaterDispatcher" daemon [_thread_in_native, id=30731, stack(0x0000000280a40000,0x0000000280c43000)]
  0x0000000138265400 JavaThread "JavaFX Application Thread" [_thread_in_vm, id=259, stack(0x000000016d0b0000,0x000000016d8ac000)]
  0x00000001308e2000 JavaThread "Attach Listener" daemon [_thread_blocked, id=50439, stack(0x000000016fd1c000,0x000000016ff1f000)]
  0x0000000133013200 JavaThread "PulseTimer-CVDisplayLink thread" daemon [_thread_in_native, id=42759, stack(0x000000016ec30000,0x000000016ecb3000)]

Other Threads:
  0x000000013760c000 VMThread "VM Thread" [stack: 0x000000016e580000,0x000000016e783000] [id=16387]
  0x0000000126304f30 WatcherThread [stack: 0x000000028041c000,0x000000028061f000] [id=25091]
  0x0000000127706b10 GCTaskThread "GC Thread#0" [stack: 0x000000016db44000,0x000000016dd47000] [id=12291]
  0x00000001276109b0 GCTaskThread "GC Thread#1" [stack: 0x0000000280d64000,0x0000000280f67000] [id=51459]
  0x000000013767d500 GCTaskThread "GC Thread#2" [stack: 0x0000000280f70000,0x0000000281173000] [id=74755]
  0x000000013767d980 GCTaskThread "GC Thread#3" [stack: 0x000000028117c000,0x000000028137f000] [id=51715]
  0x0000000127610e30 GCTaskThread "GC Thread#4" [stack: 0x0000000281388000,0x000000028158b000] [id=51971]
  0x00000001276112b0 GCTaskThread "GC Thread#5" [stack: 0x0000000281594000,0x0000000281797000] [id=73731]
  0x00000001277071c0 ConcurrentGCThread "G1 Main Marker" [stack: 0x000000016dd50000,0x000000016df53000] [id=12803]
  0x0000000137605b30 ConcurrentGCThread "G1 Conc#0" [stack: 0x000000016df5c000,0x000000016e15f000] [id=13315]
  0x0000000137607b20 ConcurrentGCThread "G1 Refine#0" [stack: 0x000000016e168000,0x000000016e36b000] [id=19203]
  0x00000001376083c0 ConcurrentGCThread "G1 Service" [stack: 0x000000016e374000,0x000000016e577000] [id=14339]

Threads with active compile tasks:

VM state: not at safepoint (normal execution)

VM Mutex/Monitor currently owned by a thread: None

Heap address: 0x0000000700000000, size: 4096 MB, Compressed Oops mode: Zero based, Oop shift amount: 3

CDS archive(s) not mapped
Compressed class space mapped at: 0x0000000800000000-0x0000000840000000, reserved size: 1073741824
Narrow klass base: 0x0000000800000000, Narrow klass shift: 0, Narrow klass range: 0x40000000

GC Precious Log:
 CPUs: 10 total, 10 available
 Memory: 16384M
 Large Page Support: Disabled
 NUMA Support: Disabled
 Compressed Oops: Enabled (Zero based)
 Heap Region Size: 2M
 Heap Min Capacity: 8M
 Heap Initial Capacity: 256M
 Heap Max Capacity: 4G
 Pre-touch: Disabled
 Parallel Workers: 9
 Concurrent Workers: 2
 Concurrent Refinement Workers: 9
 Periodic GC: Disabled

Heap:
 garbage-first heap   total 262144K, used 14960K [0x0000000700000000, 0x0000000800000000)
  region size 2048K, 9 young (18432K), 2 survivors (4096K)
 Metaspace       used 16126K, committed 16320K, reserved 1064960K
  class space    used 1829K, committed 1920K, reserved 1048576K

Heap Regions: E=young(eden), S=young(survivor), O=old, HS=humongous(starts), HC=humongous(continues), CS=collection set, F=free, OA=open archive, CA=closed archive, TAMS=top-at-mark-start (previous, next)
|   0|0x0000000700000000, 0x0000000700000000, 0x0000000700200000|  0%| F|  |TAMS 0x0000000700000000, 0x0000000700000000| Untracked 
|   1|0x0000000700200000, 0x0000000700200000, 0x0000000700400000|  0%| F|  |TAMS 0x0000000700200000, 0x0000000700200000| Untracked 
|   2|0x0000000700400000, 0x0000000700400000, 0x0000000700600000|  0%| F|  |TAMS 0x0000000700400000, 0x0000000700400000| Untracked 
|   3|0x0000000700600000, 0x0000000700600000, 0x0000000700800000|  0%| F|  |TAMS 0x0000000700600000, 0x0000000700600000| Untracked 
|   4|0x0000000700800000, 0x0000000700800000, 0x0000000700a00000|  0%| F|  |TAMS 0x0000000700800000, 0x0000000700800000| Untracked 
|   5|0x0000000700a00000, 0x0000000700a00000, 0x0000000700c00000|  0%| F|  |TAMS 0x0000000700a00000, 0x0000000700a00000| Untracked 
|   6|0x0000000700c00000, 0x0000000700c00000, 0x0000000700e00000|  0%| F|  |TAMS 0x0000000700c00000, 0x0000000700c00000| Untracked 
|   7|0x0000000700e00000, 0x0000000700e00000, 0x0000000701000000|  0%| F|  |TAMS 0x0000000700e00000, 0x0000000700e00000| Untracked 
|   8|0x0000000701000000, 0x0000000701000000, 0x0000000701200000|  0%| F|  |TAMS 0x0000000701000000, 0x0000000701000000| Untracked 
|   9|0x0000000701200000, 0x0000000701200000, 0x0000000701400000|  0%| F|  |TAMS 0x0000000701200000, 0x0000000701200000| Untracked 
|  10|0x0000000701400000, 0x0000000701400000, 0x0000000701600000|  0%| F|  |TAMS 0x0000000701400000, 0x0000000701400000| Untracked 
|  11|0x0000000701600000, 0x0000000701600000, 0x0000000701800000|  0%| F|  |TAMS 0x0000000701600000, 0x0000000701600000| Untracked 
|  12|0x0000000701800000, 0x0000000701800000, 0x0000000701a00000|  0%| F|  |TAMS 0x0000000701800000, 0x0000000701800000| Untracked 
|  13|0x0000000701a00000, 0x0000000701a00000, 0x0000000701c00000|  0%| F|  |TAMS 0x0000000701a00000, 0x0000000701a00000| Untracked 
|  14|0x0000000701c00000, 0x0000000701c00000, 0x0000000701e00000|  0%| F|  |TAMS 0x0000000701c00000, 0x0000000701c00000| Untracked 
|  15|0x0000000701e00000, 0x0000000701e00000, 0x0000000702000000|  0%| F|  |TAMS 0x0000000701e00000, 0x0000000701e00000| Untracked 
|  16|0x0000000702000000, 0x0000000702000000, 0x0000000702200000|  0%| F|  |TAMS 0x0000000702000000, 0x0000000702000000| Untracked 
|  17|0x0000000702200000, 0x0000000702200000, 0x0000000702400000|  0%| F|  |TAMS 0x0000000702200000, 0x0000000702200000| Untracked 
|  18|0x0000000702400000, 0x0000000702400000, 0x0000000702600000|  0%| F|  |TAMS 0x0000000702400000, 0x0000000702400000| Untracked 
|  19|0x0000000702600000, 0x0000000702600000, 0x0000000702800000|  0%| F|  |TAMS 0x0000000702600000, 0x0000000702600000| Untracked 
|  20|0x0000000702800000, 0x0000000702800000, 0x0000000702a00000|  0%| F|  |TAMS 0x0000000702800000, 0x0000000702800000| Untracked 
|  21|0x0000000702a00000, 0x0000000702a00000, 0x0000000702c00000|  0%| F|  |TAMS 0x0000000702a00000, 0x0000000702a00000| Untracked 
|  22|0x0000000702c00000, 0x0000000702c00000, 0x0000000702e00000|  0%| F|  |TAMS 0x0000000702c00000, 0x0000000702c00000| Untracked 
|  23|0x0000000702e00000, 0x0000000702e00000, 0x0000000703000000|  0%| F|  |TAMS 0x0000000702e00000, 0x0000000702e00000| Untracked 
|  24|0x0000000703000000, 0x0000000703000000, 0x0000000703200000|  0%| F|  |TAMS 0x0000000703000000, 0x0000000703000000| Untracked 
|  25|0x0000000703200000, 0x0000000703200000, 0x0000000703400000|  0%| F|  |TAMS 0x0000000703200000, 0x0000000703200000| Untracked 
|  26|0x0000000703400000, 0x0000000703400000, 0x0000000703600000|  0%| F|  |TAMS 0x0000000703400000, 0x0000000703400000| Untracked 
|  27|0x0000000703600000, 0x0000000703600000, 0x0000000703800000|  0%| F|  |TAMS 0x0000000703600000, 0x0000000703600000| Untracked 
|  28|0x0000000703800000, 0x0000000703800000, 0x0000000703a00000|  0%| F|  |TAMS 0x0000000703800000, 0x0000000703800000| Untracked 
|  29|0x0000000703a00000, 0x0000000703a00000, 0x0000000703c00000|  0%| F|  |TAMS 0x0000000703a00000, 0x0000000703a00000| Untracked 
|  30|0x0000000703c00000, 0x0000000703c00000, 0x0000000703e00000|  0%| F|  |TAMS 0x0000000703c00000, 0x0000000703c00000| Untracked 
|  31|0x0000000703e00000, 0x0000000703e00000, 0x0000000704000000|  0%| F|  |TAMS 0x0000000703e00000, 0x0000000703e00000| Untracked 
|  32|0x0000000704000000, 0x0000000704000000, 0x0000000704200000|  0%| F|  |TAMS 0x0000000704000000, 0x0000000704000000| Untracked 
|  33|0x0000000704200000, 0x0000000704200000, 0x0000000704400000|  0%| F|  |TAMS 0x0000000704200000, 0x0000000704200000| Untracked 
|  34|0x0000000704400000, 0x0000000704400000, 0x0000000704600000|  0%| F|  |TAMS 0x0000000704400000, 0x0000000704400000| Untracked 
|  35|0x0000000704600000, 0x0000000704600000, 0x0000000704800000|  0%| F|  |TAMS 0x0000000704600000, 0x0000000704600000| Untracked 
|  36|0x0000000704800000, 0x0000000704800000, 0x0000000704a00000|  0%| F|  |TAMS 0x0000000704800000, 0x0000000704800000| Untracked 
|  37|0x0000000704a00000, 0x0000000704a00000, 0x0000000704c00000|  0%| F|  |TAMS 0x0000000704a00000, 0x0000000704a00000| Untracked 
|  38|0x0000000704c00000, 0x0000000704c00000, 0x0000000704e00000|  0%| F|  |TAMS 0x0000000704c00000, 0x0000000704c00000| Untracked 
|  39|0x0000000704e00000, 0x0000000704e00000, 0x0000000705000000|  0%| F|  |TAMS 0x0000000704e00000, 0x0000000704e00000| Untracked 
|  40|0x0000000705000000, 0x0000000705000000, 0x0000000705200000|  0%| F|  |TAMS 0x0000000705000000, 0x0000000705000000| Untracked 
|  41|0x0000000705200000, 0x0000000705200000, 0x0000000705400000|  0%| F|  |TAMS 0x0000000705200000, 0x0000000705200000| Untracked 
|  42|0x0000000705400000, 0x0000000705400000, 0x0000000705600000|  0%| F|  |TAMS 0x0000000705400000, 0x0000000705400000| Untracked 
|  43|0x0000000705600000, 0x0000000705600000, 0x0000000705800000|  0%| F|  |TAMS 0x0000000705600000, 0x0000000705600000| Untracked 
|  44|0x0000000705800000, 0x0000000705800000, 0x0000000705a00000|  0%| F|  |TAMS 0x0000000705800000, 0x0000000705800000| Untracked 
|  45|0x0000000705a00000, 0x0000000705a00000, 0x0000000705c00000|  0%| F|  |TAMS 0x0000000705a00000, 0x0000000705a00000| Untracked 
|  46|0x0000000705c00000, 0x0000000705c00000, 0x0000000705e00000|  0%| F|  |TAMS 0x0000000705c00000, 0x0000000705c00000| Untracked 
|  47|0x0000000705e00000, 0x0000000705e00000, 0x0000000706000000|  0%| F|  |TAMS 0x0000000705e00000, 0x0000000705e00000| Untracked 
|  48|0x0000000706000000, 0x0000000706000000, 0x0000000706200000|  0%| F|  |TAMS 0x0000000706000000, 0x0000000706000000| Untracked 
|  49|0x0000000706200000, 0x0000000706200000, 0x0000000706400000|  0%| F|  |TAMS 0x0000000706200000, 0x0000000706200000| Untracked 
|  50|0x0000000706400000, 0x0000000706400000, 0x0000000706600000|  0%| F|  |TAMS 0x0000000706400000, 0x0000000706400000| Untracked 
|  51|0x0000000706600000, 0x0000000706600000, 0x0000000706800000|  0%| F|  |TAMS 0x0000000706600000, 0x0000000706600000| Untracked 
|  52|0x0000000706800000, 0x0000000706800000, 0x0000000706a00000|  0%| F|  |TAMS 0x0000000706800000, 0x0000000706800000| Untracked 
|  53|0x0000000706a00000, 0x0000000706a00000, 0x0000000706c00000|  0%| F|  |TAMS 0x0000000706a00000, 0x0000000706a00000| Untracked 
|  54|0x0000000706c00000, 0x0000000706c00000, 0x0000000706e00000|  0%| F|  |TAMS 0x0000000706c00000, 0x0000000706c00000| Untracked 
|  55|0x0000000706e00000, 0x0000000706e00000, 0x0000000707000000|  0%| F|  |TAMS 0x0000000706e00000, 0x0000000706e00000| Untracked 
|  56|0x0000000707000000, 0x0000000707000000, 0x0000000707200000|  0%| F|  |TAMS 0x0000000707000000, 0x0000000707000000| Untracked 
|  57|0x0000000707200000, 0x0000000707200000, 0x0000000707400000|  0%| F|  |TAMS 0x0000000707200000, 0x0000000707200000| Untracked 
|  58|0x0000000707400000, 0x0000000707400000, 0x0000000707600000|  0%| F|  |TAMS 0x0000000707400000, 0x0000000707400000| Untracked 
|  59|0x0000000707600000, 0x0000000707600000, 0x0000000707800000|  0%| F|  |TAMS 0x0000000707600000, 0x0000000707600000| Untracked 
|  60|0x0000000707800000, 0x0000000707800000, 0x0000000707a00000|  0%| F|  |TAMS 0x0000000707800000, 0x0000000707800000| Untracked 
|  61|0x0000000707a00000, 0x0000000707a00000, 0x0000000707c00000|  0%| F|  |TAMS 0x0000000707a00000, 0x0000000707a00000| Untracked 
|  62|0x0000000707c00000, 0x0000000707c00000, 0x0000000707e00000|  0%| F|  |TAMS 0x0000000707c00000, 0x0000000707c00000| Untracked 
|  63|0x0000000707e00000, 0x0000000707e00000, 0x0000000708000000|  0%| F|  |TAMS 0x0000000707e00000, 0x0000000707e00000| Untracked 
|  64|0x0000000708000000, 0x0000000708000000, 0x0000000708200000|  0%| F|  |TAMS 0x0000000708000000, 0x0000000708000000| Untracked 
|  65|0x0000000708200000, 0x0000000708200000, 0x0000000708400000|  0%| F|  |TAMS 0x0000000708200000, 0x0000000708200000| Untracked 
|  66|0x0000000708400000, 0x0000000708400000, 0x0000000708600000|  0%| F|  |TAMS 0x0000000708400000, 0x0000000708400000| Untracked 
|  67|0x0000000708600000, 0x0000000708600000, 0x0000000708800000|  0%| F|  |TAMS 0x0000000708600000, 0x0000000708600000| Untracked 
|  68|0x0000000708800000, 0x0000000708800000, 0x0000000708a00000|  0%| F|  |TAMS 0x0000000708800000, 0x0000000708800000| Untracked 
|  69|0x0000000708a00000, 0x0000000708a00000, 0x0000000708c00000|  0%| F|  |TAMS 0x0000000708a00000, 0x0000000708a00000| Untracked 
|  70|0x0000000708c00000, 0x0000000708c00000, 0x0000000708e00000|  0%| F|  |TAMS 0x0000000708c00000, 0x0000000708c00000| Untracked 
|  71|0x0000000708e00000, 0x0000000708e00000, 0x0000000709000000|  0%| F|  |TAMS 0x0000000708e00000, 0x0000000708e00000| Untracked 
|  72|0x0000000709000000, 0x0000000709000000, 0x0000000709200000|  0%| F|  |TAMS 0x0000000709000000, 0x0000000709000000| Untracked 
|  73|0x0000000709200000, 0x0000000709200000, 0x0000000709400000|  0%| F|  |TAMS 0x0000000709200000, 0x0000000709200000| Untracked 
|  74|0x0000000709400000, 0x0000000709400000, 0x0000000709600000|  0%| F|  |TAMS 0x0000000709400000, 0x0000000709400000| Untracked 
|  75|0x0000000709600000, 0x0000000709600000, 0x0000000709800000|  0%| F|  |TAMS 0x0000000709600000, 0x0000000709600000| Untracked 
|  76|0x0000000709800000, 0x0000000709800000, 0x0000000709a00000|  0%| F|  |TAMS 0x0000000709800000, 0x0000000709800000| Untracked 
|  77|0x0000000709a00000, 0x0000000709a00000, 0x0000000709c00000|  0%| F|  |TAMS 0x0000000709a00000, 0x0000000709a00000| Untracked 
|  78|0x0000000709c00000, 0x0000000709c00000, 0x0000000709e00000|  0%| F|  |TAMS 0x0000000709c00000, 0x0000000709c00000| Untracked 
|  79|0x0000000709e00000, 0x0000000709e00000, 0x000000070a000000|  0%| F|  |TAMS 0x0000000709e00000, 0x0000000709e00000| Untracked 
|  80|0x000000070a000000, 0x000000070a000000, 0x000000070a200000|  0%| F|  |TAMS 0x000000070a000000, 0x000000070a000000| Untracked 
|  81|0x000000070a200000, 0x000000070a200000, 0x000000070a400000|  0%| F|  |TAMS 0x000000070a200000, 0x000000070a200000| Untracked 
|  82|0x000000070a400000, 0x000000070a400000, 0x000000070a600000|  0%| F|  |TAMS 0x000000070a400000, 0x000000070a400000| Untracked 
|  83|0x000000070a600000, 0x000000070a600000, 0x000000070a800000|  0%| F|  |TAMS 0x000000070a600000, 0x000000070a600000| Untracked 
|  84|0x000000070a800000, 0x000000070a800000, 0x000000070aa00000|  0%| F|  |TAMS 0x000000070a800000, 0x000000070a800000| Untracked 
|  85|0x000000070aa00000, 0x000000070aa00000, 0x000000070ac00000|  0%| F|  |TAMS 0x000000070aa00000, 0x000000070aa00000| Untracked 
|  86|0x000000070ac00000, 0x000000070ac00000, 0x000000070ae00000|  0%| F|  |TAMS 0x000000070ac00000, 0x000000070ac00000| Untracked 
|  87|0x000000070ae00000, 0x000000070ae00000, 0x000000070b000000|  0%| F|  |TAMS 0x000000070ae00000, 0x000000070ae00000| Untracked 
|  88|0x000000070b000000, 0x000000070b000000, 0x000000070b200000|  0%| F|  |TAMS 0x000000070b000000, 0x000000070b000000| Untracked 
|  89|0x000000070b200000, 0x000000070b200000, 0x000000070b400000|  0%| F|  |TAMS 0x000000070b200000, 0x000000070b200000| Untracked 
|  90|0x000000070b400000, 0x000000070b400000, 0x000000070b600000|  0%| F|  |TAMS 0x000000070b400000, 0x000000070b400000| Untracked 
|  91|0x000000070b600000, 0x000000070b600000, 0x000000070b800000|  0%| F|  |TAMS 0x000000070b600000, 0x000000070b600000| Untracked 
|  92|0x000000070b800000, 0x000000070b800000, 0x000000070ba00000|  0%| F|  |TAMS 0x000000070b800000, 0x000000070b800000| Untracked 
|  93|0x000000070ba00000, 0x000000070ba00000, 0x000000070bc00000|  0%| F|  |TAMS 0x000000070ba00000, 0x000000070ba00000| Untracked 
|  94|0x000000070bc00000, 0x000000070bc00000, 0x000000070be00000|  0%| F|  |TAMS 0x000000070bc00000, 0x000000070bc00000| Untracked 
|  95|0x000000070be00000, 0x000000070be00000, 0x000000070c000000|  0%| F|  |TAMS 0x000000070be00000, 0x000000070be00000| Untracked 
|  96|0x000000070c000000, 0x000000070c000000, 0x000000070c200000|  0%| F|  |TAMS 0x000000070c000000, 0x000000070c000000| Untracked 
|  97|0x000000070c200000, 0x000000070c200000, 0x000000070c400000|  0%| F|  |TAMS 0x000000070c200000, 0x000000070c200000| Untracked 
|  98|0x000000070c400000, 0x000000070c400000, 0x000000070c600000|  0%| F|  |TAMS 0x000000070c400000, 0x000000070c400000| Untracked 
|  99|0x000000070c600000, 0x000000070c600000, 0x000000070c800000|  0%| F|  |TAMS 0x000000070c600000, 0x000000070c600000| Untracked 
| 100|0x000000070c800000, 0x000000070c800000, 0x000000070ca00000|  0%| F|  |TAMS 0x000000070c800000, 0x000000070c800000| Untracked 
| 101|0x000000070ca00000, 0x000000070ca00000, 0x000000070cc00000|  0%| F|  |TAMS 0x000000070ca00000, 0x000000070ca00000| Untracked 
| 102|0x000000070cc00000, 0x000000070cc00000, 0x000000070ce00000|  0%| F|  |TAMS 0x000000070cc00000, 0x000000070cc00000| Untracked 
| 103|0x000000070ce00000, 0x000000070ce00000, 0x000000070d000000|  0%| F|  |TAMS 0x000000070ce00000, 0x000000070ce00000| Untracked 
| 104|0x000000070d000000, 0x000000070d000000, 0x000000070d200000|  0%| F|  |TAMS 0x000000070d000000, 0x000000070d000000| Untracked 
| 105|0x000000070d200000, 0x000000070d200000, 0x000000070d400000|  0%| F|  |TAMS 0x000000070d200000, 0x000000070d200000| Untracked 
| 106|0x000000070d400000, 0x000000070d400000, 0x000000070d600000|  0%| F|  |TAMS 0x000000070d400000, 0x000000070d400000| Untracked 
| 107|0x000000070d600000, 0x000000070d600000, 0x000000070d800000|  0%| F|  |TAMS 0x000000070d600000, 0x000000070d600000| Untracked 
| 108|0x000000070d800000, 0x000000070d800000, 0x000000070da00000|  0%| F|  |TAMS 0x000000070d800000, 0x000000070d800000| Untracked 
| 109|0x000000070da00000, 0x000000070da00000, 0x000000070dc00000|  0%| F|  |TAMS 0x000000070da00000, 0x000000070da00000| Untracked 
| 110|0x000000070dc00000, 0x000000070dc00000, 0x000000070de00000|  0%| F|  |TAMS 0x000000070dc00000, 0x000000070dc00000| Untracked 
| 111|0x000000070de00000, 0x000000070de00000, 0x000000070e000000|  0%| F|  |TAMS 0x000000070de00000, 0x000000070de00000| Untracked 
| 112|0x000000070e000000, 0x000000070e000000, 0x000000070e200000|  0%| F|  |TAMS 0x000000070e000000, 0x000000070e000000| Untracked 
| 113|0x000000070e200000, 0x000000070e200000, 0x000000070e400000|  0%| F|  |TAMS 0x000000070e200000, 0x000000070e200000| Untracked 
| 114|0x000000070e400000, 0x000000070e400000, 0x000000070e600000|  0%| F|  |TAMS 0x000000070e400000, 0x000000070e400000| Untracked 
| 115|0x000000070e600000, 0x000000070e69c000, 0x000000070e800000| 30%| S|CS|TAMS 0x000000070e600000, 0x000000070e600000| Complete 
| 116|0x000000070e800000, 0x000000070ea00000, 0x000000070ea00000|100%| S|CS|TAMS 0x000000070e800000, 0x000000070e800000| Complete 
| 117|0x000000070ea00000, 0x000000070ea00000, 0x000000070ec00000|  0%| F|  |TAMS 0x000000070ea00000, 0x000000070ea00000| Untracked 
| 118|0x000000070ec00000, 0x000000070ec00000, 0x000000070ee00000|  0%| F|  |TAMS 0x000000070ec00000, 0x000000070ec00000| Untracked 
| 119|0x000000070ee00000, 0x000000070ee00000, 0x000000070f000000|  0%| F|  |TAMS 0x000000070ee00000, 0x000000070ee00000| Untracked 
| 120|0x000000070f000000, 0x000000070f000000, 0x000000070f200000|  0%| F|  |TAMS 0x000000070f000000, 0x000000070f000000| Untracked 
| 121|0x000000070f200000, 0x000000070f3f79d8, 0x000000070f400000| 98%| E|  |TAMS 0x000000070f200000, 0x000000070f200000| Complete 
| 122|0x000000070f400000, 0x000000070f600000, 0x000000070f600000|100%| E|CS|TAMS 0x000000070f400000, 0x000000070f400000| Complete 
| 123|0x000000070f600000, 0x000000070f800000, 0x000000070f800000|100%| E|CS|TAMS 0x000000070f600000, 0x000000070f600000| Complete 
| 124|0x000000070f800000, 0x000000070fa00000, 0x000000070fa00000|100%| E|CS|TAMS 0x000000070f800000, 0x000000070f800000| Complete 
| 125|0x000000070fa00000, 0x000000070fc00000, 0x000000070fc00000|100%| E|CS|TAMS 0x000000070fa00000, 0x000000070fa00000| Complete 
| 126|0x000000070fc00000, 0x000000070fe00000, 0x000000070fe00000|100%| E|CS|TAMS 0x000000070fc00000, 0x000000070fc00000| Complete 
| 127|0x000000070fe00000, 0x0000000710000000, 0x0000000710000000|100%| E|CS|TAMS 0x000000070fe00000, 0x000000070fe00000| Complete 

Card table byte_map: [0x000000011b22c000,0x000000011ba2c000] _byte_map_base: 0x0000000117a2c000

Marking Bits (Prev, Next): (CMBitMap*) 0x0000000127832010, (CMBitMap*) 0x0000000127832050
 Prev Bits: [0x000000011c22c000, 0x000000012022c000)
 Next Bits: [0x000000012022c000, 0x000000012422c000)

Polling page: 0x00000001025d8000

Metaspace:

Usage:
  Non-class:     13.96 MB used.
      Class:      1.79 MB used.
       Both:     15.75 MB used.

Virtual space:
  Non-class space:       16.00 MB reserved,      14.06 MB ( 88%) committed,  2 nodes.
      Class space:        1.00 GB reserved,       1.88 MB ( <1%) committed,  1 nodes.
             Both:        1.02 GB reserved,      15.94 MB (  2%) committed. 

Chunk freelists:
   Non-Class:  1.69 MB
       Class:  1.97 MB
        Both:  3.66 MB

MaxMetaspaceSize: unlimited
CompressedClassSpaceSize: 1.00 GB
Initial GC threshold: 21.00 MB
Current GC threshold: 21.00 MB
CDS: off
MetaspaceReclaimPolicy: balanced
 - commit_granule_bytes: 65536.
 - commit_granule_words: 8192.
 - virtual_space_node_default_size: 1048576.
 - enlarge_chunks_in_place: 1.
 - new_chunks_are_fully_committed: 0.
 - uncommit_free_chunks: 1.
 - use_allocation_guard: 0.
 - handle_deallocations: 1.


Internal statistics:

num_allocs_failed_limit: 0.
num_arena_births: 120.
num_arena_deaths: 0.
num_vsnodes_births: 3.
num_vsnodes_deaths: 0.
num_space_committed: 255.
num_space_uncommitted: 0.
num_chunks_returned_to_freelist: 0.
num_chunks_taken_from_freelist: 425.
num_chunk_merges: 0.
num_chunk_splits: 279.
num_chunks_enlarged: 215.
num_purges: 0.
num_inconsistent_stats: 0.

CodeHeap 'non-profiled nmethods': size=120032Kb used=451Kb max_used=451Kb free=119580Kb
 bounds [0x0000000113cf4000, 0x0000000113f64000, 0x000000011b22c000]
CodeHeap 'profiled nmethods': size=120016Kb used=2566Kb max_used=2566Kb free=117449Kb
 bounds [0x000000010c7c0000, 0x000000010ca50000, 0x0000000113cf4000]
CodeHeap 'non-nmethods': size=5712Kb used=1304Kb max_used=1337Kb free=4407Kb
 bounds [0x000000010c22c000, 0x000000010c49c000, 0x000000010c7c0000]
 total_blobs=2016 nmethods=1344 adapters=589
 compilation: enabled
              stopped_count=0, restarted_count=0
 full_count=0

Compilation events (20 events):
Event: 16.355 Thread 0x0000000133008200 1376       3       java.util.EnumMap$Values::iterator (12 bytes)
Event: 16.355 Thread 0x0000000133008200 nmethod 1376 0x000000010ca3fd90 code [0x000000010ca3ff40, 0x000000010ca402e8]
Event: 16.355 Thread 0x0000000133008200 1377       3       java.util.EnumMap$ValueIterator::<init> (11 bytes)
Event: 16.355 Thread 0x0000000133008200 nmethod 1377 0x000000010ca40410 code [0x000000010ca405c0, 0x000000010ca408a8]
Event: 16.355 Thread 0x0000000133008200 1378       3       java.util.EnumMap$EnumMapIterator::<init> (20 bytes)
Event: 16.355 Thread 0x0000000133008200 nmethod 1378 0x000000010ca40990 code [0x000000010ca40b40, 0x000000010ca40d68]
Event: 16.480 Thread 0x000000013080a800 1381       4       com.sun.javafx.event.EventHandlerManager::dispatchBubblingEvent (41 bytes)
Event: 16.488 Thread 0x000000013080a800 nmethod 1381 0x0000000113d62690 code [0x0000000113d628c0, 0x0000000113d62d00]
Event: 17.760 Thread 0x0000000133008200 1382       3       com.sun.javafx.geom.RoundRectIterator::isDone (17 bytes)
Event: 17.761 Thread 0x0000000133008200 nmethod 1382 0x000000010ca40e10 code [0x000000010ca40fc0, 0x000000010ca41168]
Event: 33.771 Thread 0x000000013080a800 1383       4       com.sun.javafx.scene.input.InputEventUtils::recomputeCoordinates (220 bytes)
Event: 33.784 Thread 0x000000013080a800 nmethod 1383 0x0000000113d63190 code [0x0000000113d63480, 0x0000000113d63cb0]
Event: 33.826 Thread 0x000000013080a800 1384       4       java.util.EnumMap$ValueIterator::next (50 bytes)
Event: 33.830 Thread 0x000000013080a800 nmethod 1384 0x0000000113d64510 code [0x0000000113d64700, 0x0000000113d64980]
Event: 33.932 Thread 0x000000013080a800 1385       4       java.nio.Buffer::position (52 bytes)
Event: 33.934 Thread 0x000000013080a800 nmethod 1385 0x0000000113d64b90 code [0x0000000113d64d40, 0x0000000113d64e40]
Event: 34.659 Thread 0x0000000133008200 1386       3       com.sun.javafx.geom.RoundRectangle2D::setRoundRect (34 bytes)
Event: 34.660 Thread 0x0000000133008200 nmethod 1386 0x000000010ca41210 code [0x000000010ca413c0, 0x000000010ca41528]
Event: 34.786 Thread 0x0000000133008200 1387       3       java.util.WeakHashMap::size (18 bytes)
Event: 34.787 Thread 0x0000000133008200 nmethod 1387 0x000000010ca41610 code [0x000000010ca417c0, 0x000000010ca419d8]

GC Heap History (2 events):
Event: 0.266 GC heap before
{Heap before GC invocations=0 (full 0):
 garbage-first heap   total 262144K, used 20480K [0x0000000700000000, 0x0000000800000000)
  region size 2048K, 11 young (22528K), 0 survivors (0K)
 Metaspace       used 11647K, committed 11776K, reserved 1064960K
  class space    used 1255K, committed 1344K, reserved 1048576K
}
Event: 0.268 GC heap after
{Heap after GC invocations=1 (full 0):
 garbage-first heap   total 262144K, used 2672K [0x0000000700000000, 0x0000000800000000)
  region size 2048K, 2 young (4096K), 2 survivors (4096K)
 Metaspace       used 11647K, committed 11776K, reserved 1064960K
  class space    used 1255K, committed 1344K, reserved 1048576K
}

Deoptimization events (20 events):
Event: 1.183 Thread 0x00000001308e2000 DEOPT PACKING pc=0x0000000113d0c250 sp=0x000000016ff1d950
Event: 1.183 Thread 0x00000001308e2000 DEOPT UNPACKING pc=0x000000010c26ad1c sp=0x000000016ff1d780 mode 2
Event: 1.184 Thread 0x00000001308e2000 Uncommon trap: trap_request=0xffffffde fr.pc=0x0000000113d11bd8 relative=0x0000000000000a18
Event: 1.184 Thread 0x00000001308e2000 Uncommon trap: reason=class_check action=maybe_recompile pc=0x0000000113d11bd8 method=java.util.HashMap.putVal(ILjava/lang/Object;Ljava/lang/Object;ZZ)Ljava/lang/Object; @ 152 c2
Event: 1.184 Thread 0x00000001308e2000 DEOPT PACKING pc=0x0000000113d11bd8 sp=0x000000016ff1dcb0
Event: 1.184 Thread 0x00000001308e2000 DEOPT UNPACKING pc=0x000000010c26ad1c sp=0x000000016ff1dc00 mode 2
Event: 1.184 Thread 0x00000001308e2000 Uncommon trap: trap_request=0xffffffde fr.pc=0x0000000113d11bd8 relative=0x0000000000000a18
Event: 1.184 Thread 0x00000001308e2000 Uncommon trap: reason=class_check action=maybe_recompile pc=0x0000000113d11bd8 method=java.util.HashMap.putVal(ILjava/lang/Object;Ljava/lang/Object;ZZ)Ljava/lang/Object; @ 152 c2
Event: 1.184 Thread 0x00000001308e2000 DEOPT PACKING pc=0x0000000113d11bd8 sp=0x000000016ff1dcb0
Event: 1.184 Thread 0x00000001308e2000 DEOPT UNPACKING pc=0x000000010c26ad1c sp=0x000000016ff1dc00 mode 2
Event: 1.184 Thread 0x00000001308e2000 Uncommon trap: trap_request=0xffffffde fr.pc=0x0000000113d11bd8 relative=0x0000000000000a18
Event: 1.184 Thread 0x00000001308e2000 Uncommon trap: reason=class_check action=maybe_recompile pc=0x0000000113d11bd8 method=java.util.HashMap.putVal(ILjava/lang/Object;Ljava/lang/Object;ZZ)Ljava/lang/Object; @ 152 c2
Event: 1.184 Thread 0x00000001308e2000 DEOPT PACKING pc=0x0000000113d11bd8 sp=0x000000016ff1dcb0
Event: 1.184 Thread 0x00000001308e2000 DEOPT UNPACKING pc=0x000000010c26ad1c sp=0x000000016ff1dc00 mode 2
Event: 1.184 Thread 0x00000001308e2000 Uncommon trap: trap_request=0xffffffde fr.pc=0x0000000113d11bd8 relative=0x0000000000000a18
Event: 1.184 Thread 0x00000001308e2000 Uncommon trap: reason=class_check action=maybe_recompile pc=0x0000000113d11bd8 method=java.util.HashMap.putVal(ILjava/lang/Object;Ljava/lang/Object;ZZ)Ljava/lang/Object; @ 152 c2
Event: 1.184 Thread 0x00000001308e2000 DEOPT PACKING pc=0x0000000113d11bd8 sp=0x000000016ff1dcb0
Event: 1.184 Thread 0x00000001308e2000 DEOPT UNPACKING pc=0x000000010c26ad1c sp=0x000000016ff1dc00 mode 2
Event: 10.661 Thread 0x0000000138265400 DEOPT PACKING pc=0x000000010c9c1dfc sp=0x000000016d8a7f40
Event: 10.661 Thread 0x0000000138265400 DEOPT UNPACKING pc=0x000000010c26ab7c sp=0x000000016d8a7c20 mode 3

Classes unloaded (0 events):
No events

Classes redefined (0 events):
No events

Internal exceptions (19 events):
Event: 0.092 Thread 0x0000000127808e00 Exception <a 'java/lang/NoSuchMethodError'{0x000000070f64a410}: 'java.lang.Object java.lang.invoke.DirectMethodHandle$Holder.invokeStaticInit(java.lang.Object)'> (0x000000070f64a410) 
thrown [../../src/hotspot/share/interpreter/linkResolver.cpp, line 766]
Event: 0.093 Thread 0x0000000127808e00 Exception <a 'java/lang/NoSuchMethodError'{0x000000070f667090}: 'java.lang.Object java.lang.invoke.DirectMethodHandle$Holder.newInvokeSpecial(java.lang.Object, java.lang.Object, java.lang.Object, java.lang.Object, java.lang.Object)'> (0x000000070f667090) 
thrown [../../src/hotspot/share/interpreter/linkResolver.cpp, line 766]
Event: 0.094 Thread 0x0000000130810000 Exception <a 'java/lang/NoSuchMethodError'{0x000000070f6bafe8}: 'void java.lang.invoke.DirectMethodHandle$Holder.invokeStatic(java.lang.Object, java.lang.Object)'> (0x000000070f6bafe8) 
thrown [../../src/hotspot/share/interpreter/linkResolver.cpp, line 766]
Event: 0.110 Thread 0x0000000130810000 Exception <a 'java/lang/NoSuchMethodError'{0x000000070f52f4d0}: 'void java.lang.invoke.DirectMethodHandle$Holder.invokeSpecial(java.lang.Object, java.lang.Object, java.lang.Object)'> (0x000000070f52f4d0) 
thrown [../../src/hotspot/share/interpreter/linkResolver.cpp, line 766]
Event: 0.114 Thread 0x0000000130810000 Exception <a 'java/lang/NoSuchMethodError'{0x000000070f56db38}: 'void java.lang.invoke.DirectMethodHandle$Holder.invokeStatic(java.lang.Object, java.lang.Object, java.lang.Object)'> (0x000000070f56db38) 
thrown [../../src/hotspot/share/interpreter/linkResolver.cpp, line 766]
Event: 0.156 Thread 0x0000000130810000 Exception <a 'java/lang/NoSuchMethodError'{0x000000070f58a238}: 'int java.lang.invoke.DirectMethodHandle$Holder.invokeStaticInit(java.lang.Object, java.lang.Object, java.lang.Object)'> (0x000000070f58a238) 
thrown [../../src/hotspot/share/interpreter/linkResolver.cpp, line 766]
Event: 0.237 Thread 0x0000000138265400 Exception <a 'java/lang/NoSuchMethodError'{0x000000070ee754f0}: 'void java.lang.invoke.DirectMethodHandle$Holder.invokeStaticInit(java.lang.Object)'> (0x000000070ee754f0) 
thrown [../../src/hotspot/share/interpreter/linkResolver.cpp, line 766]
Event: 0.238 Thread 0x0000000130810000 Exception <a 'java/lang/NoSuchMethodError'{0x000000070eee5bc8}: 'void java.lang.invoke.DirectMethodHandle$Holder.invokeStatic(java.lang.Object, java.lang.Object, java.lang.Object, java.lang.Object)'> (0x000000070eee5bc8) 
thrown [../../src/hotspot/share/interpreter/linkResolver.cpp, line 766]
Event: 0.259 Thread 0x0000000138265400 Exception <a 'java/lang/NoSuchMethodError'{0x000000070ea870d8}: 'java.lang.Object java.lang.invoke.DirectMethodHandle$Holder.invokeStaticInit(java.lang.Object, java.lang.Object, java.lang.Object, java.lang.Object)'> (0x000000070ea870d8) 
thrown [../../src/hotspot/share/interpreter/linkResolver.cpp, line 766]
Event: 0.259 Thread 0x0000000138265400 Exception <a 'java/lang/NullPointerException'{0x000000070ea93008}> (0x000000070ea93008) 
thrown [../../src/hotspot/share/interpreter/linkResolver.cpp, line 1357]
Event: 0.332 Thread 0x0000000138265400 Exception <a 'java/lang/NoSuchMethodError'{0x000000070f9c97b0}: 'java.lang.Object java.lang.invoke.DirectMethodHandle$Holder.newInvokeSpecial(java.lang.Object, java.lang.Object, int)'> (0x000000070f9c97b0) 
thrown [../../src/hotspot/share/interpreter/linkResolver.cpp, line 766]
Event: 0.360 Thread 0x0000000127809400 Exception <a 'java/lang/NoSuchMethodError'{0x000000070f6e47f0}: 'int java.lang.invoke.DirectMethodHandle$Holder.invokeStaticInit(java.lang.Object, java.lang.Object)'> (0x000000070f6e47f0) 
thrown [../../src/hotspot/share/interpreter/linkResolver.cpp, line 766]
Event: 10.679 Thread 0x0000000138265400 Exception <a 'java/lang/NoSuchMethodError'{0x000000070f5dbcc8}: 'long java.lang.invoke.DirectMethodHandle$Holder.invokeStatic(java.lang.Object, java.lang.Object, java.lang.Object)'> (0x000000070f5dbcc8) 
thrown [../../src/hotspot/share/interpreter/linkResolver.cpp, line 766]
Event: 10.679 Thread 0x0000000138265400 Exception <a 'java/lang/NoSuchMethodError'{0x000000070f5df470}: 'long java.lang.invoke.DirectMethodHandle$Holder.invokeStaticInit(java.lang.Object, java.lang.Object, java.lang.Object)'> (0x000000070f5df470) 
thrown [../../src/hotspot/share/interpreter/linkResolver.cpp, line 766]
Event: 10.680 Thread 0x0000000138265400 Exception <a 'java/lang/NoSuchMethodError'{0x000000070f5fb5d0}: 'java.lang.Object java.lang.invoke.DirectMethodHandle$Holder.newInvokeSpecial(java.lang.Object, java.lang.Object, long)'> (0x000000070f5fb5d0) 
thrown [../../src/hotspot/share/interpreter/linkResolver.cpp, line 766]
Event: 10.680 Thread 0x0000000138265400 Exception <a 'java/lang/NoSuchMethodError'{0x000000070f5fee98}: 'java.lang.Object java.lang.invoke.Invokers$Holder.linkToTargetMethod(java.lang.Object, long, java.lang.Object)'> (0x000000070f5fee98) 
thrown [../../src/hotspot/share/interpreter/linkResolver.cpp, line 766]
Event: 10.788 Thread 0x0000000138265400 Exception <a 'java/lang/NoSuchMethodError'{0x000000070f22c930}: 'java.lang.Object java.lang.invoke.DirectMethodHandle$Holder.newInvokeSpecial(java.lang.Object, java.lang.Object, int, int, int, int, int, java.lang.Object)'> (0x000000070f22c930) 
thrown [../../src/hotspot/share/interpreter/linkResolver.cpp, line 766]
Event: 10.790 Thread 0x0000000138265400 Exception <a 'java/lang/NoSuchMethodError'{0x000000070f23f910}: 'java.lang.Object java.lang.invoke.DirectMethodHandle$Holder.newInvokeSpecial(java.lang.Object, java.lang.Object, java.lang.Object, int, int, int, int, int)'> (0x000000070f23f910) 
thrown [../../src/hotspot/share/interpreter/linkResolver.cpp, line 766]
Event: 10.790 Thread 0x0000000138265400 Exception <a 'java/lang/NoSuchMethodError'{0x000000070f247170}: 'java.lang.Object java.lang.invoke.Invokers$Holder.linkToTargetMethod(java.lang.Object, java.lang.Object, int, int, int, int, int, java.lang.Object)'> (0x000000070f247170) 
thrown [../../src/hotspot/share/interpreter/linkResolver.cpp, line 766]

VM Operations (20 events):
Event: 6.075 Executing VM operation: Cleanup
Event: 6.075 Executing VM operation: Cleanup done
Event: 7.080 Executing VM operation: Cleanup
Event: 7.080 Executing VM operation: Cleanup done
Event: 8.085 Executing VM operation: Cleanup
Event: 8.085 Executing VM operation: Cleanup done
Event: 10.087 Executing VM operation: Cleanup
Event: 10.087 Executing VM operation: Cleanup done
Event: 10.672 Executing VM operation: HandshakeAllThreads
Event: 10.672 Executing VM operation: HandshakeAllThreads done
Event: 11.677 Executing VM operation: Cleanup
Event: 11.678 Executing VM operation: Cleanup done
Event: 12.679 Executing VM operation: Cleanup
Event: 12.679 Executing VM operation: Cleanup done
Event: 13.684 Executing VM operation: Cleanup
Event: 13.684 Executing VM operation: Cleanup done
Event: 16.695 Executing VM operation: Cleanup
Event: 16.695 Executing VM operation: Cleanup done
Event: 34.756 Executing VM operation: Cleanup
Event: 34.756 Executing VM operation: Cleanup done

Events (20 events):
Event: 10.671 loading class java/util/AbstractList$RandomAccessSubList
Event: 10.671 loading class java/util/AbstractList$SubList
Event: 10.671 loading class java/util/AbstractList$SubList done
Event: 10.671 loading class java/util/AbstractList$RandomAccessSubList done
Event: 10.672 loading class java/util/AbstractList$SubList$1
Event: 10.672 loading class java/util/AbstractList$SubList$1 done
Event: 10.672 loading class java/util/AbstractList$ListItr
Event: 10.672 loading class java/util/AbstractList$ListItr done
Event: 10.677 Protecting memory [0x000000016ec30000,0x000000016ec3c000] with protection modes 0
Event: 10.677 Thread 0x0000000127a2b200 Thread added: 0x0000000127a2b200
Event: 10.678 loading class java/util/concurrent/ConcurrentLinkedQueue
Event: 10.678 loading class java/util/concurrent/ConcurrentLinkedQueue done
Event: 10.678 loading class java/util/concurrent/ConcurrentLinkedQueue$Node
Event: 10.678 loading class java/util/concurrent/ConcurrentLinkedQueue$Node done
Event: 10.679 loading class java/lang/invoke/MethodHandle$1
Event: 10.679 loading class java/lang/invoke/MethodHandle$1 done
Event: 11.070 Protecting memory [0x000000016ec30000,0x000000016ec3c000] with protection modes 3
Event: 11.070 Thread 0x0000000127a2b200 Thread exited: 0x0000000127a2b200
Event: 34.753 Protecting memory [0x000000016ec30000,0x000000016ec3c000] with protection modes 0
Event: 34.753 Thread 0x0000000133013200 Thread added: 0x0000000133013200


Dynamic libraries:
0x0000000102588000 	/Library/Java/JavaVirtualMachines/temurin-17.jdk/Contents/Home/lib/libjli.dylib
0x0000000191114000 	/usr/lib/libz.1.dylib
0x00000001911cb000 	/usr/lib/libSystem.B.dylib
0x00000001911c5000 	/usr/lib/system/libcache.dylib
0x0000000191183000 	/usr/lib/system/libcommonCrypto.dylib
0x00000001911ac000 	/usr/lib/system/libcompiler_rt.dylib
0x00000001911a3000 	/usr/lib/system/libcopyfile.dylib
0x000000018640b000 	/usr/lib/system/libcorecrypto.dylib
0x00000001864be000 	/usr/lib/system/libdispatch.dylib
0x000000018668c000 	/usr/lib/system/libdyld.dylib
0x00000001911bb000 	/usr/lib/system/libkeymgr.dylib
0x000000019115e000 	/usr/lib/system/libmacho.dylib
0x0000000190853000 	/usr/lib/system/libquarantine.dylib
0x00000001911b8000 	/usr/lib/system/libremovefile.dylib
0x000000018b7f4000 	/usr/lib/system/libsystem_asl.dylib
0x00000001863ad000 	/usr/lib/system/libsystem_blocks.dylib
0x0000000186546000 	/usr/lib/system/libsystem_c.dylib
0x00000001911b0000 	/usr/lib/system/libsystem_collections.dylib
0x000000018fce1000 	/usr/lib/system/libsystem_configuration.dylib
0x000000018ef3d000 	/usr/lib/system/libsystem_containermanager.dylib
0x0000000190ec0000 	/usr/lib/system/libsystem_coreservices.dylib
0x0000000188db4000 	/usr/lib/system/libsystem_darwin.dylib
0x00000001911bc000 	/usr/lib/system/libsystem_dnssd.dylib
0x0000000186543000 	/usr/lib/system/libsystem_featureflags.dylib
0x00000001866a1000 	/usr/lib/system/libsystem_info.dylib
0x0000000191126000 	/usr/lib/system/libsystem_m.dylib
0x0000000186493000 	/usr/lib/system/libsystem_malloc.dylib
0x000000018b783000 	/usr/lib/system/libsystem_networkextension.dylib
0x000000018920d000 	/usr/lib/system/libsystem_notify.dylib
0x0000000197509000 	/usr/lib/system/libsystem_product_info_filter.dylib
0x000000018fce6000 	/usr/lib/system/libsystem_sandbox.dylib
0x00000001911b5000 	/usr/lib/system/libsystem_secinit.dylib
0x0000000186647000 	/usr/lib/system/libsystem_kernel.dylib
0x0000000186699000 	/usr/lib/system/libsystem_platform.dylib
0x000000018667f000 	/usr/lib/system/libsystem_pthread.dylib
0x000000018cf4c000 	/usr/lib/system/libsystem_symptoms.dylib
0x00000001863f1000 	/usr/lib/system/libsystem_trace.dylib
0x0000000191190000 	/usr/lib/system/libunwind.dylib
0x00000001863af000 	/usr/lib/system/libxpc.dylib
0x000000018662f000 	/usr/lib/libc++abi.dylib
0x0000000186505000 	/usr/lib/libobjc.A.dylib
0x000000019119b000 	/usr/lib/liboah.dylib
0x00000001865c8000 	/usr/lib/libc++.1.dylib
0x000000019d022000 	/System/Library/Frameworks/Cocoa.framework/Versions/A/Cocoa
0x000000018926e000 	/System/Library/Frameworks/AppKit.framework/Versions/C/AppKit
0x000000018c774000 	/System/Library/Frameworks/CoreData.framework/Versions/A/CoreData
0x00000001875c9000 	/System/Library/Frameworks/Foundation.framework/Versions/C/Foundation
0x000000018a126000 	/System/Library/PrivateFrameworks/UIFoundation.framework/Versions/A/UIFoundation
0x0000000197203000 	/System/Library/PrivateFrameworks/RemoteViewServices.framework/Versions/A/RemoteViewServices
0x000000018f689000 	/System/Library/PrivateFrameworks/XCTTargetBootstrap.framework/Versions/A/XCTTargetBootstrap
0x0000000192f07000 	/System/Library/PrivateFrameworks/InternationalSupport.framework/Versions/A/InternationalSupport
0x0000000192f90000 	/System/Library/PrivateFrameworks/UserActivity.framework/Versions/A/UserActivity
0x0000000192402000 	/usr/lib/libspindump.dylib
0x000000018a397000 	/System/Library/Frameworks/UniformTypeIdentifiers.framework/Versions/A/UniformTypeIdentifiers
0x000000018dbd4000 	/usr/lib/libapp_launch_measurement.dylib
0x000000018d0fe000 	/System/Library/PrivateFrameworks/CoreAnalytics.framework/Versions/A/CoreAnalytics
0x000000018dbd7000 	/System/Library/PrivateFrameworks/CoreAutoLayout.framework/Versions/A/CoreAutoLayout
0x000000018ef7a000 	/System/Library/Frameworks/Metal.framework/Versions/A/Metal
0x000000018fcf1000 	/usr/lib/liblangid.dylib
0x000000018f68e000 	/System/Library/PrivateFrameworks/CoreSVG.framework/Versions/A/CoreSVG
0x000000018b828000 	/System/Library/PrivateFrameworks/SkyLight.framework/Versions/A/SkyLight
0x000000018bbfd000 	/System/Library/Frameworks/CoreGraphics.framework/Versions/A/CoreGraphics
0x00000001978cf000 	/System/Library/Frameworks/Accelerate.framework/Versions/A/Accelerate
0x0000000191e79000 	/System/Library/PrivateFrameworks/IconServices.framework/Versions/A/IconServices
0x000000018ef5c000 	/System/Library/Frameworks/IOSurface.framework/Versions/A/IOSurface
0x000000018d12f000 	/usr/lib/libDiagnosticMessagesClient.dylib
0x000000019add0000 	/System/Library/Frameworks/ApplicationServices.framework/Versions/A/ApplicationServices
0x000000018f671000 	/System/Library/PrivateFrameworks/DFRFoundation.framework/Versions/A/DFRFoundation
0x0000000188afe000 	/usr/lib/libicucore.A.dylib
0x0000000193db3000 	/System/Library/Frameworks/AudioToolbox.framework/Versions/A/AudioToolbox
0x0000000192f13000 	/System/Library/PrivateFrameworks/DataDetectorsCore.framework/Versions/A/DataDetectorsCore
0x00000001a9853000 	/System/Library/PrivateFrameworks/TextInput.framework/Versions/A/TextInput
0x000000018b79d000 	/usr/lib/libMobileGestalt.dylib
0x000000018f33d000 	/System/Library/Frameworks/Carbon.framework/Versions/A/Frameworks/HIToolbox.framework/Versions/A/HIToolbox
0x000000018d5b0000 	/System/Library/Frameworks/QuartzCore.framework/Versions/A/QuartzCore
0x0000000188781000 	/System/Library/Frameworks/Security.framework/Versions/A/Security
0x0000000197243000 	/System/Library/Frameworks/Carbon.framework/Versions/A/Frameworks/SpeechRecognition.framework/Versions/A/SpeechRecognition
0x000000018d92a000 	/System/Library/PrivateFrameworks/CoreUI.framework/Versions/A/CoreUI
0x000000018805e000 	/System/Library/Frameworks/CoreAudio.framework/Versions/A/CoreAudio
0x000000018d224000 	/System/Library/Frameworks/DiskArbitration.framework/Versions/A/DiskArbitration
0x000000019280c000 	/System/Library/PrivateFrameworks/MultitouchSupport.framework/Versions/A/MultitouchSupport
0x000000018b79b000 	/usr/lib/libenergytrace.dylib
0x0000000189136000 	/System/Library/Frameworks/IOKit.framework/Versions/A/IOKit
0x0000000197632000 	/System/Library/Frameworks/CoreServices.framework/Versions/A/CoreServices
0x000000018db64000 	/System/Library/PrivateFrameworks/PerformanceAnalysis.framework/Versions/A/PerformanceAnalysis
0x00000001e7b3b000 	/System/Library/Frameworks/OpenGL.framework/Versions/A/OpenGL
0x000000019076b000 	/System/Library/PrivateFrameworks/MobileKeyBag.framework/Versions/A/MobileKeyBag
0x000000018c20a000 	/System/Library/Frameworks/ColorSync.framework/Versions/A/ColorSync
0x00000001866ce000 	/System/Library/Frameworks/CoreFoundation.framework/Versions/A/CoreFoundation
0x000000018f90d000 	/System/Library/Frameworks/CoreImage.framework/Versions/A/CoreImage
0x0000000187e82000 	/System/Library/Frameworks/CoreText.framework/Versions/A/CoreText
0x000000018f6be000 	/System/Library/Frameworks/ImageIO.framework/Versions/A/ImageIO
0x00000001911d1000 	/System/Library/PrivateFrameworks/SoftLinking.framework/Versions/A/SoftLinking
0x000000018dc22000 	/usr/lib/libxml2.2.dylib
0x000000019146a000 	/usr/lib/libcompression.dylib
0x0000000192e63000 	/System/Library/PrivateFrameworks/TextureIO.framework/Versions/A/TextureIO
0x0000000191b92000 	/usr/lib/libate.dylib
0x0000000191a57000 	/usr/lib/liblzma.5.dylib
0x00000001872bd000 	/System/Library/Frameworks/SystemConfiguration.framework/Versions/A/SystemConfiguration
0x00000001911cd000 	/usr/lib/libfakelink.dylib
0x000000018b2cf000 	/System/Library/Frameworks/CFNetwork.framework/Versions/A/CFNetwork
0x0000000191313000 	/usr/lib/libarchive.2.dylib
0x000000018fced000 	/System/Library/PrivateFrameworks/AppleSystemInfo.framework/Versions/A/AppleSystemInfo
0x000000019087e000 	/usr/lib/libbsm.0.dylib
0x000000018a840000 	/usr/lib/libnetwork.dylib
0x0000000191167000 	/usr/lib/system/libkxld.dylib
0x0000000190491000 	/System/Library/PrivateFrameworks/IOMobileFramebuffer.framework/Versions/A/IOMobileFramebuffer
0x0000000205467000 	/usr/lib/libCoreEntitlements.dylib
0x0000000190ea2000 	/System/Library/PrivateFrameworks/AppleFSCompression.framework/Versions/A/AppleFSCompression
0x0000000190866000 	/usr/lib/libcoretls.dylib
0x0000000191a70000 	/usr/lib/libcoretls_cfhelpers.dylib
0x0000000191465000 	/usr/lib/libpam.2.dylib
0x000000018cb63000 	/usr/lib/libsqlite3.dylib
0x0000000191ad9000 	/usr/lib/libxar.1.dylib
0x0000000190eb3000 	/usr/lib/libbz2.1.0.dylib
0x00000001911d2000 	/usr/lib/libpcap.A.dylib
0x000000018cf43000 	/usr/lib/libdns_services.dylib
0x0000000191438000 	/usr/lib/libapple_nghttp2.dylib
0x000000019120f000 	/usr/lib/libiconv.2.dylib
0x000000019115d000 	/usr/lib/libcharset.1.dylib
0x000000018dba0000 	/System/Library/Frameworks/CoreServices.framework/Versions/A/Frameworks/FSEvents.framework/Versions/A/FSEvents
0x0000000188dbf000 	/System/Library/Frameworks/CoreServices.framework/Versions/A/Frameworks/CarbonCore.framework/Versions/A/CarbonCore
0x000000018d184000 	/System/Library/Frameworks/CoreServices.framework/Versions/A/Frameworks/Metadata.framework/Versions/A/Metadata
0x0000000190ec6000 	/System/Library/Frameworks/CoreServices.framework/Versions/A/Frameworks/OSServices.framework/Versions/A/OSServices
0x0000000191399000 	/System/Library/Frameworks/CoreServices.framework/Versions/A/Frameworks/SearchKit.framework/Versions/A/SearchKit
0x000000018ced2000 	/System/Library/Frameworks/CoreServices.framework/Versions/A/Frameworks/AE.framework/Versions/A/AE
0x0000000186c14000 	/System/Library/Frameworks/CoreServices.framework/Versions/A/Frameworks/LaunchServices.framework/Versions/A/LaunchServices
0x0000000191a00000 	/System/Library/Frameworks/CoreServices.framework/Versions/A/Frameworks/DictionaryServices.framework/Versions/A/DictionaryServices
0x000000018dbad000 	/System/Library/Frameworks/CoreServices.framework/Versions/A/Frameworks/SharedFileList.framework/Versions/A/SharedFileList
0x0000000190856000 	/usr/lib/libCheckFix.dylib
0x000000018b80c000 	/System/Library/PrivateFrameworks/TCC.framework/Versions/A/TCC
0x000000018fcf3000 	/System/Library/PrivateFrameworks/CoreNLP.framework/Versions/A/CoreNLP
0x000000018d132000 	/System/Library/PrivateFrameworks/MetadataUtilities.framework/Versions/A/MetadataUtilities
0x0000000187376000 	/usr/lib/libmecabra.dylib
0x000000019088f000 	/usr/lib/libmecab.dylib
0x0000000187342000 	/usr/lib/libCRFSuite.dylib
0x00000001908ec000 	/usr/lib/libgermantok.dylib
0x0000000191411000 	/usr/lib/libThaiTokenizer.dylib
0x000000018d22c000 	/System/Library/Frameworks/Accelerate.framework/Versions/A/Frameworks/vImage.framework/Versions/A/vImage
0x0000000197609000 	/System/Library/Frameworks/Accelerate.framework/Versions/A/Frameworks/vecLib.framework/Versions/A/vecLib
0x0000000191b1e000 	/System/Library/Frameworks/Accelerate.framework/Versions/A/Frameworks/vecLib.framework/Versions/A/libvMisc.dylib
0x0000000190398000 	/System/Library/Frameworks/Accelerate.framework/Versions/A/Frameworks/vecLib.framework/Versions/A/libvDSP.dylib
0x0000000186f9d000 	/System/Library/Frameworks/Accelerate.framework/Versions/A/Frameworks/vecLib.framework/Versions/A/libBLAS.dylib
0x000000019153b000 	/System/Library/Frameworks/Accelerate.framework/Versions/A/Frameworks/vecLib.framework/Versions/A/libLAPACK.dylib
0x00000001908ef000 	/System/Library/Frameworks/Accelerate.framework/Versions/A/Frameworks/vecLib.framework/Versions/A/libLinearAlgebra.dylib
0x0000000191450000 	/System/Library/Frameworks/Accelerate.framework/Versions/A/Frameworks/vecLib.framework/Versions/A/libSparseBLAS.dylib
0x0000000191536000 	/System/Library/Frameworks/Accelerate.framework/Versions/A/Frameworks/vecLib.framework/Versions/A/libQuadrature.dylib
0x000000018fdec000 	/System/Library/Frameworks/Accelerate.framework/Versions/A/Frameworks/vecLib.framework/Versions/A/libBNNS.dylib
0x000000018725b000 	/System/Library/Frameworks/Accelerate.framework/Versions/A/Frameworks/vecLib.framework/Versions/A/libSparse.dylib
0x000000018fde4000 	/System/Library/PrivateFrameworks/LinguisticData.framework/Versions/A/LinguisticData
0x0000000187213000 	/System/Library/PrivateFrameworks/Lexicon.framework/Versions/A/Lexicon
0x0000000191b16000 	/usr/lib/libChineseTokenizer.dylib
0x00000001879ba000 	/System/Library/PrivateFrameworks/LanguageModeling.framework/Versions/A/LanguageModeling
0x0000000191413000 	/System/Library/PrivateFrameworks/AppleSauce.framework/Versions/A/AppleSauce
0x000000019047e000 	/System/Library/PrivateFrameworks/CoreEmoji.framework/Versions/A/CoreEmoji
0x0000000191301000 	/usr/lib/libcmph.dylib
0x000000018db80000 	/System/Library/Frameworks/OpenDirectory.framework/Versions/A/Frameworks/CFOpenDirectory.framework/Versions/A/CFOpenDirectory
0x000000018db70000 	/System/Library/Frameworks/OpenDirectory.framework/Versions/A/OpenDirectory
0x0000000191a72000 	/System/Library/PrivateFrameworks/APFS.framework/Versions/A/APFS
0x00000001907a6000 	/System/Library/Frameworks/SecurityFoundation.framework/Versions/A/SecurityFoundation
0x0000000191ae8000 	/usr/lib/libutil.dylib
0x00000001890f8000 	/System/Library/PrivateFrameworks/CoreServicesStore.framework/Versions/A/CoreServicesStore
0x0000000191aec000 	/usr/lib/libxslt.1.dylib
0x000000019083a000 	/System/Library/PrivateFrameworks/BackgroundTaskManagement.framework/Versions/A/BackgroundTaskManagement
0x0000000192d84000 	/System/Library/Frameworks/ImageIO.framework/Versions/A/Resources/libRadiance.dylib
0x0000000192d8d000 	/System/Library/Frameworks/ImageIO.framework/Versions/A/Resources/libJPEG.dylib
0x0000000192ce0000 	/System/Library/Frameworks/ImageIO.framework/Versions/A/Resources/libPng.dylib
0x0000000192d02000 	/System/Library/Frameworks/ImageIO.framework/Versions/A/Resources/libTIFF.dylib
0x0000000192de8000 	/System/Library/Frameworks/ImageIO.framework/Versions/A/Resources/libGIF.dylib
0x000000019271c000 	/System/Library/Frameworks/ImageIO.framework/Versions/A/Resources/libJP2.dylib
0x0000000191e3e000 	/usr/lib/libexpat.1.dylib
0x00000001926d7000 	/System/Library/PrivateFrameworks/AppleJPEG.framework/Versions/A/AppleJPEG
0x000000018f1f9000 	/System/Library/PrivateFrameworks/FontServices.framework/libFontParser.dylib
0x000000018ce77000 	/System/Library/PrivateFrameworks/RunningBoardServices.framework/Versions/A/RunningBoardServices
0x000000019d6f5000 	/System/Library/PrivateFrameworks/IOSurfaceAccelerator.framework/Versions/A/IOSurfaceAccelerator
0x0000000192808000 	/System/Library/PrivateFrameworks/WatchdogClient.framework/Versions/A/WatchdogClient
0x0000000187abe000 	/System/Library/Frameworks/CoreDisplay.framework/Versions/A/CoreDisplay
0x000000018f0e3000 	/System/Library/Frameworks/CoreMedia.framework/Versions/A/CoreMedia
0x000000018ef70000 	/System/Library/PrivateFrameworks/IOAccelerator.framework/Versions/A/IOAccelerator
0x000000018dd10000 	/System/Library/Frameworks/CoreVideo.framework/Versions/A/CoreVideo
0x0000000191463000 	/System/Library/Frameworks/MetalPerformanceShaders.framework/Versions/A/MetalPerformanceShaders
0x0000000192847000 	/System/Library/Frameworks/VideoToolbox.framework/Versions/A/VideoToolbox
0x000000018cdbb000 	/System/Library/PrivateFrameworks/BaseBoard.framework/Versions/A/BaseBoard
0x000000018cb49000 	/System/Library/PrivateFrameworks/ProtocolBuffer.framework/Versions/A/ProtocolBuffer
0x0000000192d7f000 	/System/Library/PrivateFrameworks/GPUWrangler.framework/Versions/A/GPUWrangler
0x0000000192d5f000 	/System/Library/PrivateFrameworks/IOPresentment.framework/Versions/A/IOPresentment
0x0000000192d87000 	/System/Library/PrivateFrameworks/DSExternalDisplay.framework/Versions/A/DSExternalDisplay
0x00000001e7b2e000 	/System/Library/Frameworks/OpenGL.framework/Versions/A/Libraries/libCoreFSCache.dylib
0x00000001f1fed000 	/System/Library/PrivateFrameworks/GPUCompiler.framework/Versions/31001/Libraries/libGPUCompilerUtils.dylib
0x0000000192ded000 	/System/Library/PrivateFrameworks/CMCaptureCore.framework/Versions/A/CMCaptureCore
0x00000001923ef000 	/System/Library/PrivateFrameworks/AppServerSupport.framework/Versions/A/AppServerSupport
0x0000000194670000 	/System/Library/PrivateFrameworks/perfdata.framework/Versions/A/perfdata
0x0000000187bde000 	/System/Library/PrivateFrameworks/AudioToolboxCore.framework/Versions/A/AudioToolboxCore
0x000000018f0bc000 	/System/Library/PrivateFrameworks/caulk.framework/Versions/A/caulk
0x0000000193f65000 	/usr/lib/libAudioStatistics.dylib
0x00000001a5eba000 	/System/Library/PrivateFrameworks/SystemPolicy.framework/Versions/A/SystemPolicy
0x00000001941d1000 	/usr/lib/libSMC.dylib
0x000000019cf04000 	/System/Library/Frameworks/CoreMIDI.framework/Versions/A/CoreMIDI
0x0000000192cae000 	/usr/lib/libAudioToolboxUtility.dylib
0x00000001a1f87000 	/System/Library/PrivateFrameworks/OSAServicesClient.framework/Versions/A/OSAServicesClient
0x000000019467d000 	/usr/lib/libperfcheck.dylib
0x00000001a69d2000 	/usr/lib/libmis.dylib
0x00000001e7b90000 	/System/Library/Frameworks/OpenGL.framework/Versions/A/Libraries/libGLU.dylib
0x00000001e7b4f000 	/System/Library/Frameworks/OpenGL.framework/Versions/A/Libraries/libGFXShared.dylib
0x00000001e7d3c000 	/System/Library/Frameworks/OpenGL.framework/Versions/A/Libraries/libGL.dylib
0x00000001e7b58000 	/System/Library/Frameworks/OpenGL.framework/Versions/A/Libraries/libGLImage.dylib
0x00000001e7b4c000 	/System/Library/Frameworks/OpenGL.framework/Versions/A/Libraries/libCVMSPluginSupport.dylib
0x00000001e7b35000 	/System/Library/Frameworks/OpenGL.framework/Versions/A/Libraries/libCoreVMClient.dylib
0x000000018fc6d000 	/System/Library/Frameworks/MetalPerformanceShaders.framework/Versions/A/Frameworks/MPSCore.framework/Versions/A/MPSCore
0x0000000190e15000 	/System/Library/Frameworks/MetalPerformanceShaders.framework/Versions/A/Frameworks/MPSImage.framework/Versions/A/MPSImage
0x0000000190904000 	/System/Library/Frameworks/MetalPerformanceShaders.framework/Versions/A/Frameworks/MPSNeuralNetwork.framework/Versions/A/MPSNeuralNetwork
0x0000000190d3d000 	/System/Library/Frameworks/MetalPerformanceShaders.framework/Versions/A/Frameworks/MPSMatrix.framework/Versions/A/MPSMatrix
0x0000000190b16000 	/System/Library/Frameworks/MetalPerformanceShaders.framework/Versions/A/Frameworks/MPSRayIntersector.framework/Versions/A/MPSRayIntersector
0x0000000190d6e000 	/System/Library/Frameworks/MetalPerformanceShaders.framework/Versions/A/Frameworks/MPSNDArray.framework/Versions/A/MPSNDArray
0x00000001e9ca7000 	/System/Library/Frameworks/MetalPerformanceShaders.framework/Versions/A/Frameworks/MPSFunctions.framework/Versions/A/MPSFunctions
0x0000000186e74000 	/System/Library/PrivateFrameworks/MetalTools.framework/Versions/A/MetalTools
0x000000018fceb000 	/System/Library/PrivateFrameworks/AggregateDictionary.framework/Versions/A/AggregateDictionary
0x0000000191c23000 	/usr/lib/libIOReport.dylib
0x000000019bf22000 	/System/Library/PrivateFrameworks/ASEProcessing.framework/Versions/A/ASEProcessing
0x0000000191f98000 	/System/Library/PrivateFrameworks/FaceCore.framework/Versions/A/FaceCore
0x0000000191f8a000 	/System/Library/PrivateFrameworks/GraphVisualizer.framework/Versions/A/GraphVisualizer
0x00000001f1f04000 	/System/Library/PrivateFrameworks/FontServices.framework/Versions/A/FontServices
0x00000001923ab000 	/System/Library/PrivateFrameworks/OTSVG.framework/Versions/A/OTSVG
0x000000018d8da000 	/System/Library/Frameworks/ApplicationServices.framework/Versions/A/Frameworks/ATS.framework/Versions/A/Resources/libFontRegistry.dylib
0x00000001923f8000 	/System/Library/PrivateFrameworks/FontServices.framework/libhvf.dylib
0x00000001f1f05000 	/System/Library/PrivateFrameworks/FontServices.framework/libXTFontStaticRegistryData.dylib
0x00000001e7edd000 	/System/Library/Frameworks/OpenCL.framework/Versions/A/OpenCL
0x0000000191df2000 	/System/Library/PrivateFrameworks/AppleVA.framework/Versions/A/AppleVA
0x0000000193f8d000 	/System/Library/Frameworks/ApplicationServices.framework/Versions/A/Frameworks/ATS.framework/Versions/A/ATS
0x000000018c307000 	/System/Library/Frameworks/ApplicationServices.framework/Versions/A/Frameworks/HIServices.framework/Versions/A/HIServices
0x0000000192df7000 	/System/Library/Frameworks/ApplicationServices.framework/Versions/A/Frameworks/PrintCore.framework/Versions/A/PrintCore
0x0000000194324000 	/System/Library/Frameworks/ApplicationServices.framework/Versions/A/Frameworks/QD.framework/Versions/A/QD
0x000000019431c000 	/System/Library/Frameworks/ApplicationServices.framework/Versions/A/Frameworks/ColorSyncLegacy.framework/Versions/A/ColorSyncLegacy
0x0000000193f79000 	/System/Library/Frameworks/ApplicationServices.framework/Versions/A/Frameworks/SpeechSynthesis.framework/Versions/A/SpeechSynthesis
0x0000000192db8000 	/System/Library/Frameworks/ApplicationServices.framework/Versions/A/Frameworks/ATSUI.framework/Versions/A/ATSUI
0x00000001942b1000 	/usr/lib/libcups.2.dylib
0x000000019468b000 	/System/Library/Frameworks/Kerberos.framework/Versions/A/Kerberos
0x000000019469c000 	/System/Library/Frameworks/GSS.framework/Versions/A/GSS
0x0000000193ffd000 	/usr/lib/libresolv.9.dylib
0x0000000192407000 	/System/Library/PrivateFrameworks/Heimdal.framework/Versions/A/Heimdal
0x000000019b157000 	/System/Library/Frameworks/Kerberos.framework/Versions/A/Libraries/libHeimdalProxy.dylib
0x000000018cf55000 	/System/Library/Frameworks/Network.framework/Versions/A/Network
0x0000000191e59000 	/usr/lib/libheimdal-asn1.dylib
0x00000001946ec000 	/System/Library/PrivateFrameworks/CommonAuth.framework/Versions/A/CommonAuth
0x0000000193ef3000 	/System/Library/PrivateFrameworks/AudioSession.framework/Versions/A/AudioSession
0x0000000191eeb000 	/System/Library/PrivateFrameworks/MediaExperience.framework/Versions/A/MediaExperience
0x0000000193d79000 	/System/Library/PrivateFrameworks/AudioSession.framework/libSessionUtility.dylib
0x0000000194330000 	/System/Library/PrivateFrameworks/AudioResourceArbitration.framework/Versions/A/AudioResourceArbitration
0x00000001984e6000 	/System/Library/PrivateFrameworks/PowerLog.framework/Versions/A/PowerLog
0x0000000191e63000 	/System/Library/PrivateFrameworks/IconFoundation.framework/Versions/A/IconFoundation
0x000000019722f000 	/System/Library/PrivateFrameworks/SpeechRecognitionCore.framework/Versions/A/SpeechRecognitionCore
0x00000001037c4000 	/Library/Java/JavaVirtualMachines/temurin-17.jdk/Contents/Home/lib/server/libjvm.dylib
0x00000001025ec000 	/Library/Java/JavaVirtualMachines/temurin-17.jdk/Contents/Home/lib/libjimage.dylib
0x00000001027dc000 	/Library/Java/JavaVirtualMachines/temurin-17.jdk/Contents/Home/lib/libinstrument.dylib
0x0000000102828000 	/Library/Java/JavaVirtualMachines/temurin-17.jdk/Contents/Home/lib/libjava.dylib
0x0000000103500000 	/Library/Java/JavaVirtualMachines/temurin-17.jdk/Contents/Home/lib/libnio.dylib
0x0000000103520000 	/Library/Java/JavaVirtualMachines/temurin-17.jdk/Contents/Home/lib/libnet.dylib
0x000000010280c000 	/Library/Java/JavaVirtualMachines/temurin-17.jdk/Contents/Home/lib/libzip.dylib
0x0000000103544000 	/Library/Java/JavaVirtualMachines/temurin-17.jdk/Contents/Home/lib/libextnet.dylib
0x0000000103558000 	/Library/Java/JavaVirtualMachines/javafx-sdk-17/lib/libprism_es2.dylib
0x00000001890bb000 	/System/Library/PrivateFrameworks/CoreServicesInternal.framework/Versions/A/CoreServicesInternal
0x00000001e7d46000 	/System/Library/Frameworks/OpenGL.framework/Versions/A/Resources/GLEngine.bundle/GLEngine
0x00000001e7bce000 	/System/Library/Frameworks/OpenGL.framework/Versions/A/Libraries/libGLProgrammability.dylib
0x000000012622c000 	/System/Library/Extensions/AppleMetalOpenGLRenderer.bundle/Contents/MacOS/AppleMetalOpenGLRenderer
0x00000001e7eb5000 	/System/Library/Frameworks/OpenGL.framework/Versions/A/Resources/GLRendererFloat.bundle/GLRendererFloat
0x00000001cce2d000 	/System/Library/Extensions/AGXMetalG13X.bundle/Contents/MacOS/AGXMetalG13X
0x00000001a69ee000 	/System/Library/PrivateFrameworks/GPURawCounter.framework/Versions/A/GPURawCounter
0x00000001a10f8000 	/System/Library/PrivateFrameworks/IOGPU.framework/Versions/A/IOGPU
0x0000000132d64000 	/Library/Java/JavaVirtualMachines/javafx-sdk-17/lib/libglass.dylib
0x000000019873e000 	/System/Library/Frameworks/FileProvider.framework/Versions/A/FileProvider
0x000000018cd23000 	/System/Library/Frameworks/Accounts.framework/Versions/A/Accounts
0x00000001988c2000 	/System/Library/PrivateFrameworks/GenerationalStorage.framework/Versions/A/GenerationalStorage
0x0000000199485000 	/System/Library/PrivateFrameworks/CoreSymbolication.framework/Versions/A/CoreSymbolication
0x00000001984da000 	/System/Library/PrivateFrameworks/SymptomDiagnosticReporter.framework/Versions/A/SymptomDiagnosticReporter
0x000000018a3ab000 	/System/Library/PrivateFrameworks/DesktopServicesPriv.framework/Versions/A/DesktopServicesPriv
0x000000018921d000 	/usr/lib/libsandbox.1.dylib
0x000000018dd9e000 	/System/Library/PrivateFrameworks/UserManagement.framework/Versions/A/UserManagement
0x0000000199442000 	/System/Library/PrivateFrameworks/DebugSymbols.framework/Versions/A/DebugSymbols
0x000000019430f000 	/System/Library/PrivateFrameworks/NetAuth.framework/Versions/A/NetAuth
0x000000019522d000 	/System/Library/PrivateFrameworks/Sharing.framework/Versions/A/Sharing
0x000000018dd6e000 	/System/Library/PrivateFrameworks/login.framework/Versions/A/Frameworks/loginsupport.framework/Versions/A/loginsupport
0x000000019a677000 	/System/Library/PrivateFrameworks/Apple80211.framework/Versions/A/Apple80211
0x0000000190ef9000 	/System/Library/PrivateFrameworks/AuthKit.framework/Versions/A/AuthKit
0x000000019057a000 	/System/Library/PrivateFrameworks/CoreUtils.framework/Versions/A/CoreUtils
0x000000019049d000 	/System/Library/Frameworks/CoreWLAN.framework/Versions/A/CoreWLAN
0x000000019539d000 	/System/Library/Frameworks/IOBluetooth.framework/Versions/A/IOBluetooth
0x000000019a6d7000 	/System/Library/PrivateFrameworks/CoreWiFi.framework/Versions/A/CoreWiFi
0x0000000199022000 	/System/Library/PrivateFrameworks/FrontBoardServices.framework/Versions/A/FrontBoardServices
0x00000001990ba000 	/System/Library/PrivateFrameworks/BoardServices.framework/Versions/A/BoardServices
0x0000000190794000 	/System/Library/PrivateFrameworks/AssertionServices.framework/Versions/A/AssertionServices
0x000000019a854000 	/System/Library/PrivateFrameworks/BackBoardServices.framework/Versions/A/BackBoardServices
0x0000000194783000 	/System/Library/PrivateFrameworks/CorePhoneNumbers.framework/Versions/A/CorePhoneNumbers
0x000000019860a000 	/System/Library/PrivateFrameworks/DiskManagement.framework/Versions/A/DiskManagement
0x000000019850d000 	/System/Library/PrivateFrameworks/AppleIDAuthSupport.framework/Versions/A/AppleIDAuthSupport
0x00000001ec4ce000 	/System/Library/PrivateFrameworks/AAAFoundation.framework/Versions/A/AAAFoundation
0x0000000194762000 	/System/Library/PrivateFrameworks/KeychainCircle.framework/Versions/A/KeychainCircle
0x00000001985d6000 	/System/Library/PrivateFrameworks/MediaKit.framework/Versions/A/MediaKit
0x000000019851a000 	/System/Library/Frameworks/DiscRecording.framework/Versions/A/DiscRecording
0x0000000191d6e000 	/usr/lib/libCoreStorage.dylib
0x000000019ab51000 	/usr/lib/libcsfde.dylib
0x0000000195472000 	/System/Library/PrivateFrameworks/ProtectedCloudStorage.framework/Versions/A/ProtectedCloudStorage
0x000000019ab49000 	/System/Library/PrivateFrameworks/EFILogin.framework/Versions/A/EFILogin
0x00000001988e9000 	/System/Library/PrivateFrameworks/OctagonTrust.framework/Versions/A/OctagonTrust
0x00000001f109f000 	/System/Library/PrivateFrameworks/CoreUtilsExtras.framework/Versions/A/CoreUtilsExtras
0x000000019843f000 	/System/Library/Frameworks/CoreBluetooth.framework/Versions/A/CoreBluetooth
0x000000019b1dc000 	/System/Library/Frameworks/AudioUnit.framework/Versions/A/AudioUnit
0x0000000191d66000 	/usr/lib/libMatch.1.dylib
0x00000001aae9a000 	/System/Library/Frameworks/Accelerate.framework/Versions/A/Frameworks/vImage.framework/Versions/A/Libraries/libCGInterfaces.dylib
0x0000000136898000 	/usr/lib/libobjc-trampolines.dylib
0x000000018da68000 	/System/Library/PrivateFrameworks/ViewBridge.framework/Versions/A/ViewBridge
0x0000000191c2c000 	/System/Library/PrivateFrameworks/CrashReporterSupport.framework/Versions/A/CrashReporterSupport
0x00000001b2913000 	/System/Library/PrivateFrameworks/OSAnalytics.framework/Versions/A/OSAnalytics
0x00000001bdc11000 	/System/Library/PrivateFrameworks/Symbolication.framework/Versions/A/Symbolication
0x00000001a69af000 	/System/Library/PrivateFrameworks/MallocStackLogging.framework/Versions/A/MallocStackLogging
0x0000000137534000 	/Library/Java/JavaVirtualMachines/javafx-sdk-17/lib/libjavafx_font.dylib
0x00000001924ca000 	/System/Library/PrivateFrameworks/login.framework/Versions/A/login
0x00000002055e5000 	/usr/lib/libRosetta.dylib


VM Arguments:
jvm_args: --module-path=/Library/Java/JavaVirtualMachines/javafx-sdk-17/lib --add-modules=javafx.controls -Djava.library.path=/Library/Java/JavaVirtualMachines/javafx-sdk-17/lib -javaagent:/Applications/IntelliJ IDEA.app/Contents/lib/idea_rt.jar=49354:/Applications/IntelliJ IDEA.app/Contents/bin -Dfile.encoding=UTF-8 
java_command: pt.isec.pa.ex29_v2.Main
java_class_path (initial): /Users/rubensantos/Desktop/Java/ex29_v2/out/production/ex29_v2:/Library/Java/JavaVirtualMachines/javafx-sdk-17/lib/javafx-swt.jar:/Library/Java/JavaVirtualMachines/javafx-sdk-17/lib/javafx.web.jar:/Library/Java/JavaVirtualMachines/javafx-sdk-17/lib/javafx.base.jar:/Library/Java/JavaVirtualMachines/javafx-sdk-17/lib/javafx.fxml.jar:/Library/Java/JavaVirtualMachines/javafx-sdk-17/lib/javafx.media.jar:/Library/Java/JavaVirtualMachines/javafx-sdk-17/lib/javafx.swing.jar:/Library/Java/JavaVirtualMachines/javafx-sdk-17/lib/javafx.controls.jar:/Library/Java/JavaVirtualMachines/javafx-sdk-17/lib/javafx.graphics.jar
Launcher Type: SUN_STANDARD

[Global flags]
     intx CICompilerCount                          = 4                                         {product} {ergonomic}
     uint ConcGCThreads                            = 2                                         {product} {ergonomic}
     uint G1ConcRefinementThreads                  = 9                                         {product} {ergonomic}
   size_t G1HeapRegionSize                         = 2097152                                   {product} {ergonomic}
    uintx GCDrainStackTargetSize                   = 64                                        {product} {ergonomic}
   size_t InitialHeapSize                          = 268435456                                 {product} {ergonomic}
   size_t MarkStackSize                            = 4194304                                   {product} {ergonomic}
   size_t MaxHeapSize                              = 4294967296                                {product} {ergonomic}
   size_t MaxNewSize                               = 2575302656                                {product} {ergonomic}
   size_t MinHeapDeltaBytes                        = 2097152                                   {product} {ergonomic}
   size_t MinHeapSize                              = 8388608                                   {product} {ergonomic}
    uintx NonNMethodCodeHeapSize                   = 5839564                                {pd product} {ergonomic}
    uintx NonProfiledCodeHeapSize                  = 122909338                              {pd product} {ergonomic}
    uintx ProfiledCodeHeapSize                     = 122909338                              {pd product} {ergonomic}
    uintx ReservedCodeCacheSize                    = 251658240                              {pd product} {ergonomic}
     bool SegmentedCodeCache                       = true                                      {product} {ergonomic}
   size_t SoftMaxHeapSize                          = 4294967296                             {manageable} {ergonomic}
     bool UseCompressedClassPointers               = true                           {product lp64_product} {ergonomic}
     bool UseCompressedOops                        = true                           {product lp64_product} {ergonomic}
     bool UseG1GC                                  = true                                      {product} {ergonomic}
     bool UseNUMA                                  = false                                     {product} {ergonomic}
     bool UseNUMAInterleaving                      = false                                     {product} {ergonomic}

Logging:
Log output configuration:
 #0: stdout all=warning uptime,level,tags
 #1: stderr all=off uptime,level,tags

Environment Variables:
PATH=/opt/homebrew/bin:/opt/homebrew/sbin:/usr/local/bin:/usr/bin:/bin:/usr/sbin:/sbin
SHELL=/bin/zsh
LC_CTYPE=pt_PT.UTF-8

Signal Handlers:
   SIGSEGV: _ZL13crash_handleriP9__siginfoPv in libjvm.dylib, mask=11100110000111110111111111111111, flags=SA_RESTART|SA_SIGINFO
    SIGBUS: _ZL13crash_handleriP9__siginfoPv in libjvm.dylib, mask=11100110000111110111111111111111, flags=SA_RESTART|SA_SIGINFO
    SIGFPE: _ZL13crash_handleriP9__siginfoPv in libjvm.dylib, mask=11100110000111110111111111111111, flags=SA_RESTART|SA_SIGINFO
   SIGPIPE: _ZL17javaSignalHandleriP9__siginfoPv in libjvm.dylib, mask=11100110000111110111111111111111, flags=SA_RESTART|SA_SIGINFO
   SIGXFSZ: _ZL17javaSignalHandleriP9__siginfoPv in libjvm.dylib, mask=11100110000111110111111111111111, flags=SA_RESTART|SA_SIGINFO
    SIGILL: _ZL13crash_handleriP9__siginfoPv in libjvm.dylib, mask=11100110000111110111111111111111, flags=SA_RESTART|SA_SIGINFO
   SIGUSR2: _ZL10SR_handleriP9__siginfoP17__darwin_ucontext in libjvm.dylib, mask=00100000000000000000000000000000, flags=SA_RESTART|SA_SIGINFO
    SIGHUP: _ZL11UserHandleriPvS_ in libjvm.dylib, mask=11100110000111110111111111111111, flags=SA_RESTART|SA_SIGINFO
    SIGINT: _ZL11UserHandleriPvS_ in libjvm.dylib, mask=11100110000111110111111111111111, flags=SA_RESTART|SA_SIGINFO
   SIGTERM: _ZL11UserHandleriPvS_ in libjvm.dylib, mask=11100110000111110111111111111111, flags=SA_RESTART|SA_SIGINFO
   SIGQUIT: _ZL11UserHandleriPvS_ in libjvm.dylib, mask=11100110000111110111111111111111, flags=SA_RESTART|SA_SIGINFO
   SIGTRAP: _ZL13crash_handleriP9__siginfoPv in libjvm.dylib, mask=11100110000111110111111111111111, flags=SA_RESTART|SA_SIGINFO


---------------  S Y S T E M  ---------------

OS:
uname: Darwin 21.4.0 Darwin Kernel Version 21.4.0: Fri Mar 18 00:46:32 PDT 2022; root:xnu-8020.101.4~15/RELEASE_ARM64_T6000 arm64
OS uptime: 0 days 0:54 hours
rlimit (soft/hard): STACK 8176k/65520k , CORE 0k/infinity , NPROC 2666/4000 , NOFILE 10240/infinity , AS infinity/infinity , CPU infinity/infinity , DATA infinity/infinity , FSIZE infinity/infinity , MEMLOCK infinity/infinity , RSS infinity/infinity
load average: 1.77 1.90 1.75

CPU: total 10 (initial active 10) 0x61:0x0:0x1b588bb3:0, fp, simd, crc, lse

Memory: 16k page, physical 16777216k(1382784k free), swap 0k(0k free)

vm_info: OpenJDK 64-Bit Server VM (17.0.2+8) for bsd-aarch64 JRE (17.0.2+8), built on Jan 20 2022 10:58:36 by "jenkins" with clang Apple LLVM 12.0.0 (clang-1200.0.32.29)

END.
